BLOCK00/SES002/SA002S12	SES002	0.765706	-4.29682	-5.06253
BLOCK00/SES002/SA002S13	SES002	0.952268	-5.70484	-6.65711
BLOCK00/SES002/SA002S23	SES002	0.294422	-5.49624	-5.79066
BLOCK00/SES002/SA002S26	SES002	0.583577	-8.41354	-8.99711
BLOCK00/SES002/SA002S28	SES002	0.23389	-7.28005	-7.51394
BLOCK00/SES007/SA007S14	SES007	0.687526	-4.24229	-4.92982
BLOCK00/SES007/SA007S15	SES007	0.477261	-5.21572	-5.69299
BLOCK00/SES007/SA007S24	SES007	0.552063	-4.32478	-4.87684
BLOCK00/SES007/SA007S27	SES007	-0.385326	-7.86617	-7.48084
BLOCK00/SES007/SA007S29	SES007	0.0363073	-4.02798	-4.06429
BLOCK00/SES008/SA008S11	SES008	1.7457	-1.60045	-3.34615
BLOCK00/SES008/SA008S12	SES008	0.604855	-2.73172	-3.33657
BLOCK00/SES008/SA008S19	SES008	1.7193	-2.18929	-3.90859
BLOCK00/SES008/SA008S22	SES008	0.834539	-4.12738	-4.96192
BLOCK00/SES008/SA008S29	SES008	1.35026	-1.4928	-2.84306
BLOCK01/SES014/SA014S10	SES014	0.00235701	-4.96489	-4.96725
BLOCK01/SES014/SA014S12	SES014	1.52421	-3.53373	-5.05794
BLOCK01/SES014/SA014S24	SES014	1.5578	-4.16194	-5.71974
BLOCK01/SES014/SA014S26	SES014	1.58861	-5.33436	-6.92297
BLOCK01/SES014/SA014S28	SES014	3.1509	-0.94513	-4.09603
BLOCK01/SES016/SA016S12	SES016	0.242045	-7.59006	-7.8321
BLOCK01/SES016/SA016S13	SES016	0.96201	-5.73682	-6.69883
BLOCK01/SES016/SA016S22	SES016	0.82762	-5.77302	-6.60064
BLOCK01/SES016/SA016S25	SES016	1.18586	-3.88728	-5.07313
BLOCK01/SES016/SA016S27	SES016	1.2845	-6.95294	-8.23744
BLOCK01/SES019/SA019S13	SES019	1.99794	-5.37242	-7.37036
BLOCK01/SES019/SA019S14	SES019	1.15221	-5.36944	-6.52165
BLOCK01/SES019/SA019S22	SES019	2.26067	-3.16945	-5.43012
BLOCK01/SES019/SA019S25	SES019	1.29931	-6.21195	-7.51126
BLOCK01/SES019/SA019S29	SES019	2.12628	-6.40808	-8.53436
BLOCK02/SES029/SA029S11	SES029	0.990481	-3.71262	-4.70311
BLOCK02/SES029/SA029S12	SES029	-0.211515	-5.5727	-5.36119
BLOCK02/SES029/SA029S20	SES029	0.646495	-3.16756	-3.81405
BLOCK02/SES029/SA029S25	SES029	0.0243516	-5.24683	-5.27118
BLOCK02/SES029/SA029S28	SES029	0.215827	-4.77221	-4.98803
BLOCK04/SES042/SA042S12	SES042	1.03448	-5.35573	-6.39021
BLOCK04/SES042/SA042S15	SES042	0.9142	-5.85556	-6.76976
BLOCK04/SES042/SA042S22	SES042	2.67873	-9.58646	-12.2652
BLOCK04/SES042/SA042S25	SES042	1.22894	-8.02165	-9.25059
BLOCK04/SES042/SA042S27	SES042	2.13216	-8.08563	-10.2178
BLOCK04/SES048/SA048S11	SES048	0.675914	-3.34684	-4.02275
BLOCK04/SES048/SA048S12	SES048	0.409061	-5.50463	-5.91369
BLOCK04/SES048/SA048S20	SES048	0.555191	-4.74385	-5.29904
BLOCK04/SES048/SA048S23	SES048	0.94201	-3.27688	-4.21889
BLOCK04/SES048/SA048S27	SES048	-0.0667176	-5.44262	-5.3759
BLOCK06/SES060/SA060S11	SES060	0.96479	-5.75895	-6.72374
BLOCK06/SES060/SA060S12	SES060	0.0586462	-8.38451	-8.44315
BLOCK06/SES060/SA060S22	SES060	-1.64706	-8.37977	-6.73271
BLOCK06/SES060/SA060S24	SES060	0.692931	-2.80108	-3.49401
BLOCK06/SES060/SA060S28	SES060	1.05323	-1.95911	-3.01234
BLOCK06/SES062/SA062S10	SES062	-0.0966978	-5.36731	-5.27061
BLOCK06/SES062/SA062S11	SES062	0.533258	-6.72987	-7.26312
BLOCK06/SES062/SA062S21	SES062	0.885214	-0.952491	-1.83771
BLOCK06/SES062/SA062S26	SES062	0.123002	-4.54182	-4.66482
BLOCK06/SES062/SA062S29	SES062	1.06413	-2.47401	-3.53814
BLOCK06/SES068/SA068S14	SES068	0.147971	-4.39027	-4.53824
BLOCK06/SES068/SA068S15	SES068	1.05524	-4.58462	-5.63986
BLOCK06/SES068/SA068S23	SES068	-0.184474	-5.98818	-5.80371
BLOCK06/SES068/SA068S27	SES068	1.08005	-4.31611	-5.39615
BLOCK06/SES068/SA068S29	SES068	-0.178211	-6.15708	-5.97887
BLOCK08/SES082/SA082S12	SES082	-1.13963	-5.89315	-4.75352
BLOCK08/SES082/SA082S14	SES082	0.0354719	-4.55125	-4.58673
BLOCK08/SES082/SA082S21	SES082	0.149169	-3.89782	-4.04699
BLOCK08/SES082/SA082S24	SES082	0.185236	-5.87203	-6.05727
BLOCK08/SES082/SA082S28	SES082	0.345809	-5.83511	-6.18091
BLOCK08/SES083/SA083S14	SES083	0.195541	-4.10895	-4.30449
BLOCK08/SES083/SA083S15	SES083	0.315834	-5.81974	-6.13557
BLOCK08/SES083/SA083S24	SES083	-0.0411468	-5.1904	-5.14926
BLOCK08/SES083/SA083S26	SES083	-0.332989	-7.62564	-7.29265
BLOCK08/SES083/SA083S29	SES083	-0.0338159	-6.21718	-6.18336
BLOCK08/SES085/SA085S10	SES085	0.559654	-3.50214	-4.06179
BLOCK08/SES085/SA085S13	SES085	-0.234384	-6.9333	-6.69892
BLOCK08/SES085/SA085S22	SES085	0.776674	-3.00266	-3.77934
BLOCK08/SES085/SA085S26	SES085	-0.460221	-8.0744	-7.61418
BLOCK08/SES085/SA085S28	SES085	0.925225	-3.3905	-4.31572
BLOCK08/SES087/SA087S15	SES087	0.878652	-5.25998	-6.13863
BLOCK08/SES087/SA087S16	SES087	2.05473	-3.69401	-5.74874
BLOCK08/SES087/SA087S24	SES087	0.796706	-8.61225	-9.40895
BLOCK08/SES087/SA087S26	SES087	0.580056	-4.86267	-5.44273
BLOCK08/SES087/SA087S29	SES087	1.44055	-2.92799	-4.36854
BLOCK09/SES099/SA099S15	SES099	1.63553	-5.25506	-6.89059
BLOCK09/SES099/SA099S16	SES099	1.29685	-2.30399	-3.60084
BLOCK09/SES099/SA099S24	SES099	1.60262	-3.9964	-5.59902
BLOCK09/SES099/SA099S26	SES099	1.11104	-5.11228	-6.22332
BLOCK09/SES099/SA099S29	SES099	1.42691	-5.55287	-6.97978
BLOCK10/SES101/SA101S11	SES101	0.232564	-4.78984	-5.0224
BLOCK10/SES101/SA101S13	SES101	0.798599	-0.558462	-1.35706
BLOCK10/SES101/SA101S22	SES101	1.17209	-4.64766	-5.81975
BLOCK10/SES101/SA101S24	SES101	0.291108	-4.6101	-4.90121
BLOCK10/SES101/SA101S28	SES101	1.01483	-4.33783	-5.35266
BLOCK10/SES104/SA104S11	SES104	1.0414	-3.20018	-4.24158
BLOCK10/SES104/SA104S12	SES104	0.556975	-4.60874	-5.16571
BLOCK10/SES104/SA104S21	SES104	1.03612	-4.3187	-5.35482
BLOCK10/SES104/SA104S24	SES104	-0.362799	-7.95725	-7.59445
BLOCK10/SES104/SA104S28	SES104	0.849636	-6.79902	-7.64865
BLOCK10/SES105/SA105S12	SES105	1.09396	-5.87684	-6.9708
BLOCK10/SES105/SA105S13	SES105	0.00303698	-6.46679	-6.46982
BLOCK10/SES105/SA105S22	SES105	0.226246	-6.15187	-6.37811
BLOCK10/SES105/SA105S26	SES105	0.463052	-6.64067	-7.10372
BLOCK10/SES105/SA105S29	SES105	1.08214	-3.46832	-4.55045
BLOCK10/SES106/SA106S09	SES106	0.726501	-8.07719	-8.80369
BLOCK10/SES106/SA106S11	SES106	1.38526	-4.16651	-5.55177
BLOCK10/SES106/SA106S22	SES106	2.20828	-7.69327	-9.90156
BLOCK10/SES106/SA106S27	SES106	0.926388	-4.65137	-5.57776
BLOCK10/SES106/SA106S29	SES106	0.897552	-5.31693	-6.21449
BLOCK11/SES117/SA117S12	SES117	-0.0904274	-6.51686	-6.42643
BLOCK11/SES117/SA117S13	SES117	-0.0541897	-4.75478	-4.70059
BLOCK11/SES117/SA117S23	SES117	1.13901	-7.97979	-9.1188
BLOCK11/SES117/SA117S25	SES117	0.361209	-5.46355	-5.82476
BLOCK11/SES117/SA117S28	SES117	1.09685	-7.86811	-8.96496
BLOCK12/SES120/SA120S08	SES120	0.453662	-8.33032	-8.78398
BLOCK12/SES120/SA120S11	SES120	1.10138	-12.0799	-13.1812
BLOCK12/SES120/SA120S22	SES120	0.637824	-5.2221	-5.85992
BLOCK12/SES120/SA120S24	SES120	-0.121943	-10.2209	-10.099
BLOCK12/SES120/SA120S28	SES120	-0.104129	-8.51109	-8.40696
BLOCK12/SES125/SA125S13	SES125	1.48864	-7.41939	-8.90804
BLOCK12/SES125/SA125S14	SES125	1.01064	-8.50316	-9.51381
BLOCK12/SES125/SA125S25	SES125	1.90889	-5.72932	-7.63821
BLOCK12/SES125/SA125S27	SES125	1.83559	-5.9788	-7.81439
BLOCK12/SES125/SA125S29	SES125	0.918566	-5.07643	-5.995
BLOCK12/SES127/SA127S11	SES127	0.450818	-4.33466	-4.78547
BLOCK12/SES127/SA127S12	SES127	0.571277	-1.09933	-1.67061
BLOCK12/SES127/SA127S23	SES127	0.293169	-3.01529	-3.30846
BLOCK12/SES127/SA127S25	SES127	-0.462196	-3.23339	-2.77119
BLOCK12/SES127/SA127S27	SES127	0.595553	-3.11979	-3.71534
BLOCK12/SES129/SA129S11	SES129	1.03356	-2.52327	-3.55684
BLOCK12/SES129/SA129S12	SES129	0.778726	-2.25535	-3.03408
BLOCK12/SES129/SA129S22	SES129	0.414772	-3.04714	-3.46192
BLOCK12/SES129/SA129S27	SES129	1.06228	-2.86605	-3.92833
BLOCK12/SES129/SA129S29	SES129	0.117558	-7.84121	-7.95877
BLOCK14/SES142/SA142S11	SES142	0.909672	-3.89706	-4.80674
BLOCK14/SES142/SA142S12	SES142	0.974887	-8.05557	-9.03046
BLOCK14/SES142/SA142S24	SES142	0.370563	-7.06043	-7.431
BLOCK14/SES142/SA142S27	SES142	0.526196	-6.29797	-6.82417
BLOCK14/SES142/SA142S29	SES142	-0.040627	-6.99536	-6.95473
BLOCK14/SES143/SA143S12	SES143	0.829145	-4.43547	-5.26462
BLOCK14/SES143/SA143S13	SES143	0.83019	-4.16951	-4.9997
BLOCK14/SES143/SA143S23	SES143	0.183547	-4.71103	-4.89458
BLOCK14/SES143/SA143S25	SES143	0.293805	-7.34123	-7.63504
BLOCK14/SES143/SA143S28	SES143	0.763792	-6.5735	-7.3373
BLOCK14/SES144/SA144S09	SES144	0.546938	-4.01466	-4.5616
BLOCK14/SES144/SA144S11	SES144	0.134951	-4.38912	-4.52407
BLOCK14/SES144/SA144S21	SES144	-0.698084	-4.506	-3.80791
BLOCK14/SES144/SA144S25	SES144	0.637049	-4.56797	-5.20502
BLOCK14/SES144/SA144S29	SES144	-0.772595	-7.00244	-6.22985
BLOCK14/SES146/SA146S14	SES146	0.314509	-5.27537	-5.58988
BLOCK14/SES146/SA146S15	SES146	0.0704961	-6.11992	-6.19042
BLOCK14/SES146/SA146S24	SES146	0.545529	-6.44709	-6.99262
BLOCK14/SES146/SA146S26	SES146	0.580106	-5.62367	-6.20378
BLOCK14/SES146/SA146S29	SES146	0.211239	-6.98067	-7.19191
BLOCK14/SES147/SA147S11	SES147	0.428102	-5.85128	-6.27938
BLOCK14/SES147/SA147S13	SES147	0.792789	-2.87404	-3.66683
BLOCK14/SES147/SA147S23	SES147	0.51855	-3.40379	-3.92234
BLOCK14/SES147/SA147S26	SES147	0.918898	-3.20174	-4.12064
BLOCK14/SES147/SA147S28	SES147	1.29791	-1.37634	-2.67425
BLOCK14/SES148/SA148S10	SES148	0.465168	-2.72475	-3.18992
BLOCK14/SES148/SA148S12	SES148	0.399847	-4.80334	-5.20318
BLOCK14/SES148/SA148S22	SES148	0.494766	-2.668	-3.16277
BLOCK14/SES148/SA148S26	SES148	0.298767	-1.99063	-2.28939
BLOCK14/SES148/SA148S29	SES148	-0.532091	-5.73411	-5.20202
BLOCK14/SES149/SA149S13	SES149	-0.043654	-4.7508	-4.70715
BLOCK14/SES149/SA149S14	SES149	0.160869	-3.04902	-3.20989
BLOCK14/SES149/SA149S24	SES149	0.744248	-3.51138	-4.25563
BLOCK14/SES149/SA149S26	SES149	1.00182	-4.34613	-5.34796
BLOCK14/SES149/SA149S28	SES149	1.80299	0.660652	-1.14234
BLOCK15/SES158/SA158S13	SES158	1.48896	-7.83271	-9.32167
BLOCK15/SES158/SA158S14	SES158	2.3496	-7.86263	-10.2122
BLOCK15/SES158/SA158S23	SES158	0.973483	-6.09984	-7.07333
BLOCK15/SES158/SA158S26	SES158	1.94113	-7.68495	-9.62608
BLOCK15/SES158/SA158S28	SES158	0.597963	-7.47119	-8.06915
BLOCK16/SES162/SA162S10	SES162	0.0816193	-7.09744	-7.17906
BLOCK16/SES162/SA162S11	SES162	0.327622	-3.41655	-3.74418
BLOCK16/SES162/SA162S21	SES162	0.741729	-3.74712	-4.48885
BLOCK16/SES162/SA162S24	SES162	1.44527	-3.25679	-4.70206
BLOCK16/SES162/SA162S27	SES162	1.64581	-6.72434	-8.37014
BLOCK16/SES167/SA167S14	SES167	1.49224	-1.5749	-3.06714
BLOCK16/SES167/SA167S15	SES167	1.61176	-0.992399	-2.60416
BLOCK16/SES167/SA167S21	SES167	2.2706	0.158107	-2.11249
BLOCK16/SES167/SA167S25	SES167	2.38211	-2.27287	-4.65498
BLOCK16/SES167/SA167S29	SES167	2.28098	0.326234	-1.95475
BLOCK17/SES172/SA172S12	SES172	-0.000658989	-5.85414	-5.85348
BLOCK17/SES172/SA172S13	SES172	0.335598	-6.05861	-6.3942
BLOCK17/SES172/SA172S23	SES172	0.548627	-2.98014	-3.52877
BLOCK17/SES172/SA172S27	SES172	-0.0525517	-7.14803	-7.09548
BLOCK17/SES172/SA172S29	SES172	1.0547	-3.35775	-4.41245
BLOCK17/SES175/SA175S11	SES175	-0.233343	-7.06083	-6.82749
BLOCK17/SES175/SA175S13	SES175	0.893416	-1.03049	-1.9239
BLOCK17/SES175/SA175S23	SES175	0.42328	-3.0161	-3.43938
BLOCK17/SES175/SA175S25	SES175	0.596843	-5.55923	-6.15608
BLOCK17/SES175/SA175S28	SES175	1.02205	-4.2881	-5.31014
BLOCK17/SES177/SA177S15	SES177	-0.129957	-6.06526	-5.9353
BLOCK17/SES177/SA177S17	SES177	0.212146	-5.56913	-5.78127
BLOCK17/SES177/SA177S23	SES177	-0.39771	-5.43222	-5.03451
BLOCK17/SES177/SA177S26	SES177	0.970093	-1.50872	-2.47882
BLOCK17/SES177/SA177S28	SES177	0.0354395	-6.96016	-6.99559
BLOCK18/SES180/SA180S13	SES180	0.453194	-8.21818	-8.67137
BLOCK18/SES180/SA180S15	SES180	0.414963	-3.36566	-3.78063
BLOCK18/SES180/SA180S24	SES180	0.433638	-3.36428	-3.79792
BLOCK18/SES180/SA180S26	SES180	-0.0941	-5.00248	-4.90838
BLOCK18/SES180/SA180S29	SES180	-0.670137	-7.8481	-7.17796
BLOCK18/SES183/SA183S13	SES183	0.472651	-5.11518	-5.58783
BLOCK18/SES183/SA183S14	SES183	-0.226953	-5.29049	-5.06354
BLOCK18/SES183/SA183S24	SES183	0.597904	-6.69519	-7.2931
BLOCK18/SES183/SA183S27	SES183	0.715078	-5.60992	-6.325
BLOCK18/SES183/SA183S29	SES183	1.16798	-3.64666	-4.81463
BLOCK18/SES187/SA187S13	SES187	0.213374	-7.00583	-7.2192
BLOCK18/SES187/SA187S14	SES187	0.180327	-7.3568	-7.53712
BLOCK18/SES187/SA187S24	SES187	0.840014	-5.17989	-6.0199
BLOCK18/SES187/SA187S27	SES187	0.545705	-4.21484	-4.76054
BLOCK18/SES187/SA187S29	SES187	0.48666	-8.61706	-9.10372
BLOCK18/SES189/SA189S10	SES189	0.953332	-6.51379	-7.46713
BLOCK18/SES189/SA189S13	SES189	0.839225	-10.6091	-11.4484
BLOCK18/SES189/SA189S24	SES189	0.665563	-6.04181	-6.70737
BLOCK18/SES189/SA189S26	SES189	0.612934	-6.05153	-6.66447
BLOCK18/SES189/SA189S29	SES189	1.0556	-5.69566	-6.75127
BLOCK20/SES202/SA202S12	SES202	1.05627	-8.99481	-10.0511
BLOCK20/SES202/SA202S14	SES202	1.25579	-6.72579	-7.98158
BLOCK20/SES202/SA202S24	SES202	0.253852	-7.95951	-8.21336
BLOCK20/SES202/SA202S27	SES202	0.530939	-4.83617	-5.36711
BLOCK20/SES202/SA202S29	SES202	0.464569	-5.91135	-6.37591
BLOCK20/SES206/SA206S15	SES206	-0.506151	-3.8301	-3.32395
BLOCK20/SES206/SA206S17	SES206	0.979064	-5.69139	-6.67045
BLOCK20/SES206/SA206S24	SES206	0.682056	-3.93758	-4.61963
BLOCK20/SES206/SA206S27	SES206	1.44669	-6.80698	-8.25367
BLOCK20/SES206/SA206S29	SES206	1.30769	-6.77015	-8.07784
BLOCK22/SES226/SA226S12	SES226	1.31667	-4.25573	-5.5724
BLOCK22/SES226/SA226S13	SES226	-1.46523	-5.6106	-4.14537
BLOCK22/SES226/SA226S20	SES226	0.688984	-4.13949	-4.82847
BLOCK22/SES226/SA226S23	SES226	0.602313	-3.56012	-4.16244
BLOCK22/SES226/SA226S28	SES226	1.56207	-3.01094	-4.57301
BLOCK25/SES259/SA259S13	SES259	2.38252	-4.61745	-6.99997
BLOCK25/SES259/SA259S14	SES259	1.68603	-4.57421	-6.26024
BLOCK25/SES259/SA259S22	SES259	0.714113	-5.01116	-5.72528
BLOCK25/SES259/SA259S24	SES259	1.26206	-5.75988	-7.02194
BLOCK25/SES259/SA259S28	SES259	1.13917	-4.9504	-6.08957
BLOCK27/SES270/SA270S14	SES270	1.92698	-3.94068	-5.86766
BLOCK27/SES270/SA270S16	SES270	0.888875	-3.3721	-4.26097
BLOCK27/SES270/SA270S22	SES270	2.0366	-3.42986	-5.46646
BLOCK27/SES270/SA270S26	SES270	2.22282	-4.87143	-7.09424
BLOCK27/SES270/SA270S28	SES270	2.15229	-2.05852	-4.21081
BLOCK27/SES275/SA275S17	SES275	0.555616	-4.35008	-4.90569
BLOCK27/SES275/SA275S18	SES275	-0.153977	-5.62907	-5.47509
BLOCK27/SES275/SA275S24	SES275	0.0816183	-5.41948	-5.5011
BLOCK27/SES275/SA275S26	SES275	0.762958	-4.12129	-4.88425
BLOCK27/SES275/SA275S28	SES275	0.116889	-4.83156	-4.94845
BLOCK29/SES292/SA292S10	SES292	-0.44119	-4.92622	-4.48503
BLOCK29/SES292/SA292S12	SES292	0.580445	-6.18917	-6.76961
BLOCK29/SES292/SA292S22	SES292	0.125741	-5.25942	-5.38516
BLOCK29/SES292/SA292S24	SES292	0.623847	-2.86152	-3.48537
BLOCK29/SES292/SA292S27	SES292	-0.60904	-4.50436	-3.89532
BLOCK00/SES001/SA001S14	SES062	-2.13051	-10.1514	-8.02092
BLOCK00/SES001/SA001S14	SES082	-0.566095	-8.58702	-8.02092
BLOCK00/SES001/SA001S14	SES106	-0.634158	-8.65508	-8.02092
BLOCK00/SES001/SA001S14	SES206	-1.11561	-9.13653	-8.02092
BLOCK00/SES001/SA001S15	SES062	-2.71599	-8.74214	-6.02615
BLOCK00/SES001/SA001S15	SES104	-0.923419	-6.94957	-6.02615
BLOCK00/SES001/SA001S15	SES106	-0.379779	-6.40593	-6.02615
BLOCK00/SES001/SA001S15	SES206	-2.07978	-8.10593	-6.02615
BLOCK00/SES001/SA001S24	SES062	-3.25299	-11.2747	-8.02166
BLOCK00/SES001/SA001S24	SES082	-1.75356	-9.77522	-8.02166
BLOCK00/SES001/SA001S24	SES087	-3.67432	-11.696	-8.02166
BLOCK00/SES001/SA001S24	SES206	-1.29425	-9.31591	-8.02166
BLOCK00/SES001/SA001S27	SES062	-1.34396	-4.53872	-3.19476
BLOCK00/SES001/SA001S27	SES082	-0.776798	-3.97156	-3.19476
BLOCK00/SES001/SA001S27	SES087	-1.04736	-4.24212	-3.19476
BLOCK00/SES001/SA001S27	SES206	-1.80122	-4.99598	-3.19476
BLOCK00/SES001/SA001S29	SES062	-2.39535	-9.32669	-6.93134
BLOCK00/SES001/SA001S29	SES082	-1.21103	-8.14237	-6.93134
BLOCK00/SES001/SA001S29	SES158	-0.847234	-7.77858	-6.93134
BLOCK00/SES001/SA001S29	SES206	-2.3833	-9.31464	-6.93134
BLOCK00/SES003/SA003S11	SES002	0.0924716	-3.56819	-3.66066
BLOCK00/SES003/SA003S11	SES019	-1.56496	-5.22562	-3.66066
BLOCK00/SES003/SA003S11	SES082	-0.546137	-4.20679	-3.66066
BLOCK00/SES003/SA003S11	SES125	-1.05514	-4.7158	-3.66066
BLOCK00/SES003/SA003S15	SES016	-0.786435	-6.28082	-5.49439
BLOCK00/SES003/SA003S15	SES019	-1.8151	-7.30949	-5.49439
BLOCK00/SES003/SA003S15	SES062	0.0552897	-5.4391	-5.49439
BLOCK00/SES003/SA003S15	SES206	-0.873108	-6.3675	-5.49439
BLOCK00/SES003/SA003S22	SES002	-0.695595	-5.61642	-4.92082
BLOCK00/SES003/SA003S22	SES062	-0.192159	-5.11298	-4.92082
BLOCK00/SES003/SA003S22	SES082	-0.899151	-5.81997	-4.92082
BLOCK00/SES003/SA003S22	SES087	-0.589481	-5.5103	-4.92082
BLOCK00/SES003/SA003S25	SES062	-1.31053	-7.90635	-6.59582
BLOCK00/SES003/SA003S25	SES082	-2.19109	-8.78692	-6.59582
BLOCK00/SES003/SA003S25	SES087	-0.035563	-6.63138	-6.59582
BLOCK00/SES003/SA003S25	SES206	-1.49731	-8.09314	-6.59582
BLOCK00/SES003/SA003S29	SES002	-0.494726	-5.04891	-4.55418
BLOCK00/SES003/SA003S29	SES062	-1.53535	-6.08953	-4.55418
BLOCK00/SES003/SA003S29	SES082	-1.42003	-5.97421	-4.55418
BLOCK00/SES003/SA003S29	SES087	-0.695856	-5.25004	-4.55418
BLOCK00/SES004/SA004S12	SES083	-0.786423	-4.1552	-3.36877
BLOCK00/SES004/SA004S12	SES148	-1.65735	-5.02612	-3.36877
BLOCK00/SES004/SA004S12	SES172	0.166318	-3.20246	-3.36877
BLOCK00/SES004/SA004S12	SES292	-1.27997	-4.64874	-3.36877
BLOCK00/SES004/SA004S17	SES083	-1.01876	-5.23011	-4.21135
BLOCK00/SES004/SA004S17	SES162	-0.314506	-4.52586	-4.21135
BLOCK00/SES004/SA004S17	SES172	-0.0947623	-4.30611	-4.21135
BLOCK00/SES004/SA004S17	SES292	-1.24534	-5.45669	-4.21135
BLOCK00/SES004/SA004S24	SES083	-0.730325	-5.4877	-4.75737
BLOCK00/SES004/SA004S24	SES148	-2.72969	-7.48706	-4.75737
BLOCK00/SES004/SA004S24	SES172	-0.112494	-4.86987	-4.75737
BLOCK00/SES004/SA004S24	SES292	-1.47756	-6.23493	-4.75737
BLOCK00/SES004/SA004S26	SES083	-0.578629	-6.8417	-6.26308
BLOCK00/SES004/SA004S26	SES127	-1.19894	-7.46202	-6.26308
BLOCK00/SES004/SA004S26	SES148	-2.28863	-8.5517	-6.26308
BLOCK00/SES004/SA004S26	SES292	-1.62236	-7.88544	-6.26308
BLOCK00/SES004/SA004S28	SES083	-1.04935	-2.29186	-1.24251
BLOCK00/SES004/SA004S28	SES127	-0.148885	-1.39139	-1.24251
BLOCK00/SES004/SA004S28	SES187	-0.236534	-1.47904	-1.24251
BLOCK00/SES004/SA004S28	SES292	-0.974055	-2.21656	-1.24251
BLOCK00/SES006/SA006S10	SES014	-4.26711	-14.5465	-10.2794
BLOCK00/SES006/SA006S10	SES158	-3.42239	-13.7018	-10.2794
BLOCK00/SES006/SA006S10	SES226	-3.86813	-14.1476	-10.2794
BLOCK00/SES006/SA006S10	SES270	-1.93579	-12.2152	-10.2794
BLOCK00/SES006/SA006S11	SES158	-2.86448	-11.5181	-8.65359
BLOCK00/SES006/SA006S11	SES226	-2.632	-11.2856	-8.65359
BLOCK00/SES006/SA006S11	SES270	-1.55583	-10.2094	-8.65359
BLOCK00/SES006/SA006S11	SES275	-1.31666	-9.97025	-8.65359
BLOCK00/SES006/SA006S23	SES062	-3.57008	-11.6692	-8.09917
BLOCK00/SES006/SA006S23	SES105	-2.18366	-10.2828	-8.09917
BLOCK00/SES006/SA006S23	SES158	-3.11136	-11.2105	-8.09917
BLOCK00/SES006/SA006S23	SES275	-1.68521	-9.78438	-8.09917
BLOCK00/SES006/SA006S26	SES104	-5.00831	-14.2337	-9.2254
BLOCK00/SES006/SA006S26	SES158	-2.78018	-12.0056	-9.2254
BLOCK00/SES006/SA006S26	SES270	-1.26533	-10.4907	-9.2254
BLOCK00/SES006/SA006S26	SES275	-1.30121	-10.5266	-9.2254
BLOCK00/SES006/SA006S28	SES007	-1.44379	-10.1607	-8.71693
BLOCK00/SES006/SA006S28	SES105	-2.00888	-10.7258	-8.71693
BLOCK00/SES006/SA006S28	SES158	-2.06671	-10.7836	-8.71693
BLOCK00/SES006/SA006S28	SES275	-1.89423	-10.6112	-8.71693
BLOCK00/SES009/SA009S12	SES083	-2.03319	-8.96022	-6.92703
BLOCK00/SES009/SA009S12	SES148	-4.11581	-11.0428	-6.92703
BLOCK00/SES009/SA009S12	SES177	-0.872491	-7.79952	-6.92703
BLOCK00/SES009/SA009S12	SES292	-1.37717	-8.3042	-6.92703
BLOCK00/SES009/SA009S15	SES007	-1.03305	-7.32856	-6.29551
BLOCK00/SES009/SA009S15	SES099	-2.92795	-9.22346	-6.29551
BLOCK00/SES009/SA009S15	SES148	-4.0418	-10.3373	-6.29551
BLOCK00/SES009/SA009S15	SES172	-0.503021	-6.79853	-6.29551
BLOCK00/SES009/SA009S24	SES146	-0.894969	-8.26574	-7.37077
BLOCK00/SES009/SA009S24	SES148	-4.3864	-11.7572	-7.37077
BLOCK00/SES009/SA009S24	SES177	-0.516657	-7.88743	-7.37077
BLOCK00/SES009/SA009S24	SES292	-1.06831	-8.43908	-7.37077
BLOCK00/SES009/SA009S26	SES083	-2.23475	-7.87468	-5.63993
BLOCK00/SES009/SA009S26	SES101	-2.37411	-8.01404	-5.63993
BLOCK00/SES009/SA009S26	SES120	-1.15416	-6.79409	-5.63993
BLOCK00/SES009/SA009S26	SES177	-0.938663	-6.57859	-5.63993
BLOCK00/SES009/SA009S29	SES083	-1.6055	-7.34847	-5.74297
BLOCK00/SES009/SA009S29	SES101	-1.88403	-7.627	-5.74297
BLOCK00/SES009/SA009S29	SES177	-0.680246	-6.42322	-5.74297
BLOCK00/SES009/SA009S29	SES292	-1.26906	-7.01203	-5.74297
BLOCK01/SES011/SA011S10	SES019	-3.29865	-13.241	-9.94235
BLOCK01/SES011/SA011S10	SES042	-0.279775	-10.2221	-9.94235
BLOCK01/SES011/SA011S10	SES082	-2.30348	-12.2458	-9.94235
BLOCK01/SES011/SA011S10	SES206	-0.345734	-10.2881	-9.94235
BLOCK01/SES011/SA011S11	SES019	-2.17986	-10.6278	-8.44792
BLOCK01/SES011/SA011S11	SES042	-0.789715	-9.23763	-8.44792
BLOCK01/SES011/SA011S11	SES082	-0.665304	-9.11322	-8.44792
BLOCK01/SES011/SA011S11	SES206	-1.93038	-10.3783	-8.44792
BLOCK01/SES011/SA011S22	SES019	-0.818581	-10.1969	-9.37834
BLOCK01/SES011/SA011S22	SES042	1.32893	-8.04942	-9.37834
BLOCK01/SES011/SA011S22	SES082	-0.200641	-9.57898	-9.37834
BLOCK01/SES011/SA011S22	SES206	-0.754413	-10.1328	-9.37834
BLOCK01/SES011/SA011S24	SES019	-2.70875	-10.8826	-8.17388
BLOCK01/SES011/SA011S24	SES042	0.198021	-7.97586	-8.17388
BLOCK01/SES011/SA011S24	SES104	-0.536057	-8.70994	-8.17388
BLOCK01/SES011/SA011S24	SES206	-0.443713	-8.6176	-8.17388
BLOCK01/SES011/SA011S27	SES082	-0.318107	-7.53588	-7.21777
BLOCK01/SES011/SA011S27	SES087	-3.10065	-10.3184	-7.21777
BLOCK01/SES011/SA011S27	SES125	-1.53343	-8.7512	-7.21777
BLOCK01/SES011/SA011S27	SES206	-1.21659	-8.43436	-7.21777
BLOCK01/SES012/SA012S11	SES007	-0.893931	-5.25637	-4.36244
BLOCK01/SES012/SA012S11	SES082	-0.407392	-4.76983	-4.36244
BLOCK01/SES012/SA012S11	SES083	-1.11939	-5.48184	-4.36244
BLOCK01/SES012/SA012S11	SES206	-0.0601625	-4.4226	-4.36244
BLOCK01/SES012/SA012S14	SES082	-0.371365	-7.66455	-7.29319
BLOCK01/SES012/SA012S14	SES087	-1.97065	-9.26384	-7.29319
BLOCK01/SES012/SA012S14	SES206	0.0449977	-7.24819	-7.29319
BLOCK01/SES012/SA012S14	SES292	-0.745594	-8.03878	-7.29319
BLOCK01/SES012/SA012S24	SES082	-1.30232	-10.019	-8.71671
BLOCK01/SES012/SA012S24	SES087	-2.05816	-10.7749	-8.71671
BLOCK01/SES012/SA012S24	SES120	-1.59837	-10.3151	-8.71671
BLOCK01/SES012/SA012S24	SES206	-1.25246	-9.96917	-8.71671
BLOCK01/SES012/SA012S26	SES019	-6.42471	-15.8527	-9.42799
BLOCK01/SES012/SA012S26	SES082	-0.923342	-10.3513	-9.42799
BLOCK01/SES012/SA012S26	SES206	0.737639	-8.69035	-9.42799
BLOCK01/SES012/SA012S26	SES292	-1.32178	-10.7498	-9.42799
BLOCK01/SES012/SA012S29	SES062	-1.10349	-3.82726	-2.72377
BLOCK01/SES012/SA012S29	SES082	-0.429417	-3.15319	-2.72377
BLOCK01/SES012/SA012S29	SES083	-1.19879	-3.92256	-2.72377
BLOCK01/SES012/SA012S29	SES206	-0.0556524	-2.77942	-2.72377
BLOCK01/SES013/SA013S16	SES062	-2.71336	-10.9189	-8.20558
BLOCK01/SES013/SA013S16	SES106	-1.90938	-10.115	-8.20558
BLOCK01/SES013/SA013S16	SES206	-1.90462	-10.1102	-8.20558
BLOCK01/SES013/SA013S16	SES226	-2.10622	-10.3118	-8.20558
BLOCK01/SES013/SA013S17	SES062	-1.24344	-6.9237	-5.68025
BLOCK01/SES013/SA013S17	SES106	-2.28671	-7.96696	-5.68025
BLOCK01/SES013/SA013S17	SES206	-0.544089	-6.22434	-5.68025
BLOCK01/SES013/SA013S17	SES226	-0.401494	-6.08175	-5.68025
BLOCK01/SES013/SA013S23	SES104	-0.69768	-7.17715	-6.47947
BLOCK01/SES013/SA013S23	SES106	-0.946911	-7.42638	-6.47947
BLOCK01/SES013/SA013S23	SES206	-1.52477	-8.00424	-6.47947
BLOCK01/SES013/SA013S23	SES270	-1.64628	-8.12576	-6.47947
BLOCK01/SES013/SA013S25	SES042	-3.83502	-10.3212	-6.48622
BLOCK01/SES013/SA013S25	SES104	0.225057	-6.26116	-6.48622
BLOCK01/SES013/SA013S25	SES106	-0.356107	-6.84233	-6.48622
BLOCK01/SES013/SA013S25	SES206	-0.648974	-7.13519	-6.48622
BLOCK01/SES013/SA013S29	SES062	-2.80496	-10.2013	-7.39637
BLOCK01/SES013/SA013S29	SES104	-0.664001	-8.06037	-7.39637
BLOCK01/SES013/SA013S29	SES106	-0.760917	-8.15729	-7.39637
BLOCK01/SES013/SA013S29	SES206	-1.58726	-8.98363	-7.39637
BLOCK02/SES021/SA021S13	SES016	-2.46756	-7.87676	-5.4092
BLOCK02/SES021/SA021S13	SES029	-1.96606	-7.37526	-5.4092
BLOCK02/SES021/SA021S13	SES087	-2.46914	-7.87834	-5.4092
BLOCK02/SES021/SA021S13	SES206	-1.22438	-6.63358	-5.4092
BLOCK02/SES021/SA021S15	SES087	-1.09397	-6.33506	-5.24109
BLOCK02/SES021/SA021S15	SES125	-0.987782	-6.22887	-5.24109
BLOCK02/SES021/SA021S15	SES206	-1.68165	-6.92275	-5.24109
BLOCK02/SES021/SA021S15	SES226	-1.09599	-6.33708	-5.24109
BLOCK02/SES021/SA021S23	SES062	-2.79997	-9.03642	-6.23645
BLOCK02/SES021/SA021S23	SES087	-0.640185	-6.87664	-6.23645
BLOCK02/SES021/SA021S23	SES206	-1.19121	-7.42766	-6.23645
BLOCK02/SES021/SA021S23	SES226	-0.483932	-6.72038	-6.23645
BLOCK02/SES021/SA021S27	SES002	-2.665	-6.34794	-3.68294
BLOCK02/SES021/SA021S27	SES016	-4.02862	-7.71156	-3.68294
BLOCK02/SES021/SA021S27	SES019	-2.08005	-5.76299	-3.68294
BLOCK02/SES021/SA021S27	SES062	-1.17685	-4.85979	-3.68294
BLOCK02/SES021/SA021S29	SES087	-1.12096	-6.65679	-5.53583
BLOCK02/SES021/SA021S29	SES125	-1.57549	-7.11133	-5.53583
BLOCK02/SES021/SA021S29	SES206	-0.209306	-5.74514	-5.53583
BLOCK02/SES021/SA021S29	SES226	-1.07679	-6.61262	-5.53583
BLOCK04/SES043/SA043S09	SES083	-0.286753	-7.31598	-7.02922
BLOCK04/SES043/SA043S09	SES101	-0.645264	-7.67449	-7.02922
BLOCK04/SES043/SA043S09	SES144	-0.447182	-7.4764	-7.02922
BLOCK04/SES043/SA043S09	SES172	-1.14255	-8.17177	-7.02922
BLOCK04/SES043/SA043S11	SES083	-0.325319	-3.91961	-3.59429
BLOCK04/SES043/SA043S11	SES101	-0.70031	-4.2946	-3.59429
BLOCK04/SES043/SA043S11	SES144	-0.0942652	-3.68856	-3.59429
BLOCK04/SES043/SA043S11	SES172	-1.56186	-5.15615	-3.59429
BLOCK04/SES043/SA043S23	SES083	-0.269968	-4.85688	-4.58692
BLOCK04/SES043/SA043S23	SES144	0.312143	-4.27477	-4.58692
BLOCK04/SES043/SA043S23	SES177	-1.17344	-5.76035	-4.58692
BLOCK04/SES043/SA043S23	SES275	-0.959092	-5.54601	-4.58692
BLOCK04/SES043/SA043S26	SES083	-0.912008	-10.4336	-9.52162
BLOCK04/SES043/SA043S26	SES101	-0.941155	-10.4628	-9.52162
BLOCK04/SES043/SA043S26	SES144	-0.267675	-9.78929	-9.52162
BLOCK04/SES043/SA043S26	SES177	-1.629	-11.1506	-9.52162
BLOCK04/SES043/SA043S28	SES016	-1.65939	-6.96153	-5.30214
BLOCK04/SES043/SA043S28	SES083	-0.721635	-6.02377	-5.30214
BLOCK04/SES043/SA043S28	SES101	-1.08658	-6.38871	-5.30214
BLOCK04/SES043/SA043S28	SES144	-1.40765	-6.70979	-5.30214
BLOCK04/SES044/SA044S10	SES127	-4.11928	-14.4986	-10.3794
BLOCK04/SES044/SA044S10	SES144	-1.06273	-11.4421	-10.3794
BLOCK04/SES044/SA044S10	SES147	-3.47872	-13.8581	-10.3794
BLOCK04/SES044/SA044S10	SES148	-2.92919	-13.3085	-10.3794
BLOCK04/SES044/SA044S11	SES101	-0.865591	-8.69301	-7.82742
BLOCK04/SES044/SA044S11	SES144	-0.00417757	-7.8316	-7.82742
BLOCK04/SES044/SA044S11	SES147	-1.739	-9.56643	-7.82742
BLOCK04/SES044/SA044S11	SES177	-1.54429	-9.37171	-7.82742
BLOCK04/SES044/SA044S24	SES007	-1.50842	-9.05659	-7.54817
BLOCK04/SES044/SA044S24	SES101	-0.450536	-7.99871	-7.54817
BLOCK04/SES044/SA044S24	SES147	-1.53983	-9.08801	-7.54817
BLOCK04/SES044/SA044S24	SES177	-1.01875	-8.56692	-7.54817
BLOCK04/SES044/SA044S26	SES007	-1.08982	-5.41632	-4.32651
BLOCK04/SES044/SA044S26	SES016	-0.8804	-5.20691	-4.32651
BLOCK04/SES044/SA044S26	SES101	-1.44314	-5.76964	-4.32651
BLOCK04/SES044/SA044S26	SES147	-0.644687	-4.97119	-4.32651
BLOCK04/SES044/SA044S29	SES007	-1.78686	-6.83848	-5.05162
BLOCK04/SES044/SA044S29	SES101	-1.62975	-6.68137	-5.05162
BLOCK04/SES044/SA044S29	SES147	-1.59185	-6.64347	-5.05162
BLOCK04/SES044/SA044S29	SES177	-2.26723	-7.31885	-5.05162
BLOCK04/SES046/SA046S13	SES101	-0.798958	-7.99855	-7.19959
BLOCK04/SES046/SA046S13	SES144	-0.698192	-7.89778	-7.19959
BLOCK04/SES046/SA046S13	SES147	-0.975982	-8.17557	-7.19959
BLOCK04/SES046/SA046S13	SES177	-1.19491	-8.3945	-7.19959
BLOCK04/SES046/SA046S15	SES048	-0.245636	-3.68263	-3.43699
BLOCK04/SES046/SA046S15	SES083	-1.13391	-4.5709	-3.43699
BLOCK04/SES046/SA046S15	SES120	-1.95806	-5.39505	-3.43699
BLOCK04/SES046/SA046S15	SES148	-1.26152	-4.69852	-3.43699
BLOCK04/SES046/SA046S22	SES101	-1.23878	-7.53574	-6.29696
BLOCK04/SES046/SA046S22	SES144	0.0115347	-6.28542	-6.29696
BLOCK04/SES046/SA046S22	SES147	-1.04606	-7.34302	-6.29696
BLOCK04/SES046/SA046S22	SES172	-0.416605	-6.71356	-6.29696
BLOCK04/SES046/SA046S25	SES083	-0.893267	-4.66433	-3.77106
BLOCK04/SES046/SA046S25	SES127	-1.51494	-5.286	-3.77106
BLOCK04/SES046/SA046S25	SES144	-0.73415	-4.50521	-3.77106
BLOCK04/SES046/SA046S25	SES148	-1.05602	-4.82708	-3.77106
BLOCK04/SES046/SA046S28	SES007	-1.55774	-6.68462	-5.12688
BLOCK04/SES046/SA046S28	SES105	-1.21336	-6.34024	-5.12688
BLOCK04/SES046/SA046S28	SES147	-1.46661	-6.59349	-5.12688
BLOCK04/SES046/SA046S28	SES148	-2.28734	-7.41422	-5.12688
BLOCK04/SES049/SA049S16	SES104	-0.741019	-8.17423	-7.43321
BLOCK04/SES049/SA049S16	SES106	-2.42451	-9.85772	-7.43321
BLOCK04/SES049/SA049S16	SES120	-1.69905	-9.13226	-7.43321
BLOCK04/SES049/SA049S16	SES206	-1.52674	-8.95995	-7.43321
BLOCK04/SES049/SA049S18	SES099	0.120317	-7.07211	-7.19243
BLOCK04/SES049/SA049S18	SES104	-0.757794	-7.95022	-7.19243
BLOCK04/SES049/SA049S18	SES125	-1.72085	-8.91327	-7.19243
BLOCK04/SES049/SA049S18	SES206	-1.2826	-8.47503	-7.19243
BLOCK04/SES049/SA049S25	SES087	-1.03493	-8.03663	-7.0017
BLOCK04/SES049/SA049S25	SES104	-0.323076	-7.32478	-7.0017
BLOCK04/SES049/SA049S25	SES125	-1.92201	-8.92371	-7.0017
BLOCK04/SES049/SA049S25	SES206	-0.652574	-7.65428	-7.0017
BLOCK04/SES049/SA049S27	SES099	-1.26694	-3.34878	-2.08184
BLOCK04/SES049/SA049S27	SES104	-0.0455616	-2.1274	-2.08184
BLOCK04/SES049/SA049S27	SES125	-1.56078	-3.64262	-2.08184
BLOCK04/SES049/SA049S27	SES206	-1.69147	-3.77331	-2.08184
BLOCK04/SES049/SA049S29	SES099	0.335995	-3.17301	-3.509
BLOCK04/SES049/SA049S29	SES104	0.613915	-2.89509	-3.509
BLOCK04/SES049/SA049S29	SES125	-0.189451	-3.69845	-3.509
BLOCK04/SES049/SA049S29	SES206	-0.833599	-4.3426	-3.509
BLOCK06/SES063/SA063S09	SES068	-1.89932	-9.5464	-7.64708
BLOCK06/SES063/SA063S09	SES083	-0.436328	-8.08341	-7.64708
BLOCK06/SES063/SA063S09	SES177	-1.54123	-9.18831	-7.64708
BLOCK06/SES063/SA063S09	SES187	-1.76254	-9.40962	-7.64708
BLOCK06/SES063/SA063S10	SES068	-1.82967	-8.61702	-6.78735
BLOCK06/SES063/SA063S10	SES083	-1.15883	-7.94618	-6.78735
BLOCK06/SES063/SA063S10	SES172	-1.73973	-8.52708	-6.78735
BLOCK06/SES063/SA063S10	SES187	-1.44635	-8.2337	-6.78735
BLOCK06/SES063/SA063S20	SES068	-2.15294	-10.0641	-7.9112
BLOCK06/SES063/SA063S20	SES083	-0.81375	-8.72495	-7.9112
BLOCK06/SES063/SA063S20	SES172	-1.11033	-9.02154	-7.9112
BLOCK06/SES063/SA063S20	SES187	-1.01088	-8.92208	-7.9112
BLOCK06/SES063/SA063S24	SES029	-2.46523	-10.2019	-7.7367
BLOCK06/SES063/SA063S24	SES083	-0.454699	-8.1914	-7.7367
BLOCK06/SES063/SA063S24	SES177	-0.895607	-8.63231	-7.7367
BLOCK06/SES063/SA063S24	SES189	-1.16414	-8.90085	-7.7367
BLOCK06/SES063/SA063S27	SES083	-0.660738	-8.86008	-8.19934
BLOCK06/SES063/SA063S27	SES172	-1.44839	-9.64774	-8.19934
BLOCK06/SES063/SA063S27	SES187	-1.42678	-9.62612	-8.19934
BLOCK06/SES063/SA063S27	SES292	-1.23285	-9.43219	-8.19934
BLOCK06/SES067/SA067S12	SES083	-1.10036	-5.89996	-4.79961
BLOCK06/SES067/SA067S12	SES172	-1.56405	-6.36366	-4.79961
BLOCK06/SES067/SA067S12	SES202	-1.19232	-5.99192	-4.79961
BLOCK06/SES067/SA067S12	SES292	-1.43624	-6.23585	-4.79961
BLOCK06/SES067/SA067S14	SES085	-0.759647	-3.39955	-2.6399
BLOCK06/SES067/SA067S14	SES177	-1.74983	-4.38973	-2.6399
BLOCK06/SES067/SA067S14	SES183	0.565963	-2.07394	-2.6399
BLOCK06/SES067/SA067S14	SES202	-1.16712	-3.80702	-2.6399
BLOCK06/SES067/SA067S21	SES144	-1.27969	-6.47975	-5.20006
BLOCK06/SES067/SA067S21	SES177	-1.39222	-6.59228	-5.20006
BLOCK06/SES067/SA067S21	SES183	-0.560046	-5.76011	-5.20006
BLOCK06/SES067/SA067S21	SES189	-1.4271	-6.62716	-5.20006
BLOCK06/SES067/SA067S25	SES085	-1.78452	-8.4063	-6.62178
BLOCK06/SES067/SA067S25	SES177	-0.890452	-7.51223	-6.62178
BLOCK06/SES067/SA067S25	SES183	-1.08847	-7.71025	-6.62178
BLOCK06/SES067/SA067S25	SES202	-0.976094	-7.59787	-6.62178
BLOCK06/SES067/SA067S29	SES085	-2.89765	-10.0526	-7.15491
BLOCK06/SES067/SA067S29	SES177	-2.48797	-9.64288	-7.15491
BLOCK06/SES067/SA067S29	SES183	-0.28235	-7.43726	-7.15491
BLOCK06/SES067/SA067S29	SES202	-2.58871	-9.74362	-7.15491
BLOCK06/SES069/SA069S12	SES029	-1.83506	-5.93889	-4.10383
BLOCK06/SES069/SA069S12	SES082	-0.502069	-4.6059	-4.10383
BLOCK06/SES069/SA069S12	SES087	-0.970779	-5.07461	-4.10383
BLOCK06/SES069/SA069S12	SES206	-0.642511	-4.74634	-4.10383
BLOCK06/SES069/SA069S13	SES029	-1.12074	-4.55677	-3.43603
BLOCK06/SES069/SA069S13	SES087	-0.0025053	-3.43853	-3.43603
BLOCK06/SES069/SA069S13	SES206	-0.964853	-4.40088	-3.43603
BLOCK06/SES069/SA069S13	SES226	0.628196	-2.80783	-3.43603
BLOCK06/SES069/SA069S23	SES029	-0.398291	-2.07936	-1.68107
BLOCK06/SES069/SA069S23	SES087	0.675598	-1.00547	-1.68107
BLOCK06/SES069/SA069S23	SES206	-0.571516	-2.25258	-1.68107
BLOCK06/SES069/SA069S23	SES226	0.885469	-0.795596	-1.68107
BLOCK06/SES069/SA069S25	SES087	-0.195577	-4.24647	-4.05089
BLOCK06/SES069/SA069S25	SES206	-2.08064	-6.13154	-4.05089
BLOCK06/SES069/SA069S25	SES226	-0.260875	-4.31177	-4.05089
BLOCK06/SES069/SA069S25	SES270	-1.30651	-5.35741	-4.05089
BLOCK06/SES069/SA069S27	SES087	-1.10391	-6.03184	-4.92794
BLOCK06/SES069/SA069S27	SES206	-0.666668	-5.59461	-4.92794
BLOCK06/SES069/SA069S27	SES226	0.223073	-4.70487	-4.92794
BLOCK06/SES069/SA069S27	SES270	-1.44563	-6.37357	-4.92794
BLOCK08/SES081/SA081S11	SES060	-1.94439	-9.43219	-7.4878
BLOCK08/SES081/SA081S11	SES062	-1.37324	-8.86104	-7.4878
BLOCK08/SES081/SA081S11	SES117	-2.00494	-9.49274	-7.4878
BLOCK08/SES081/SA081S11	SES162	-2.43156	-9.91936	-7.4878
BLOCK08/SES081/SA081S13	SES016	-2.07746	-7.30113	-5.22366
BLOCK08/SES081/SA081S13	SES060	-1.09437	-6.31803	-5.22366
BLOCK08/SES081/SA081S13	SES068	-1.22916	-6.45283	-5.22366
BLOCK08/SES081/SA081S13	SES129	-2.92139	-8.14506	-5.22366
BLOCK08/SES081/SA081S24	SES060	-0.645598	-6.57639	-5.93079
BLOCK08/SES081/SA081S24	SES068	-0.745959	-6.67675	-5.93079
BLOCK08/SES081/SA081S24	SES117	-1.22482	-7.15561	-5.93079
BLOCK08/SES081/SA081S24	SES275	-1.532	-7.46279	-5.93079
BLOCK08/SES081/SA081S27	SES007	-1.21339	-11.4932	-10.2799
BLOCK08/SES081/SA081S27	SES060	-2.29696	-12.5768	-10.2799
BLOCK08/SES081/SA081S27	SES117	-1.81217	-12.092	-10.2799
BLOCK08/SES081/SA081S27	SES275	-3.10814	-13.388	-10.2799
BLOCK08/SES081/SA081S29	SES007	-0.627432	-10.2986	-9.67117
BLOCK08/SES081/SA081S29	SES060	-1.10639	-10.7776	-9.67117
BLOCK08/SES081/SA081S29	SES117	-0.840096	-10.5113	-9.67117
BLOCK08/SES081/SA081S29	SES275	-2.5215	-12.1927	-9.67117
BLOCK08/SES086/SA086S11	SES029	-2.72781	-12.5588	-9.83095
BLOCK08/SES086/SA086S11	SES082	-0.831997	-10.6629	-9.83095
BLOCK08/SES086/SA086S11	SES087	0.00908184	-9.82186	-9.83095
BLOCK08/SES086/SA086S11	SES206	-1.18909	-11.02	-9.83095
BLOCK08/SES086/SA086S12	SES029	-1.92376	-9.41221	-7.48845
BLOCK08/SES086/SA086S12	SES082	-1.60884	-9.09729	-7.48845
BLOCK08/SES086/SA086S12	SES087	0.321347	-7.1671	-7.48845
BLOCK08/SES086/SA086S12	SES206	-1.24722	-8.73567	-7.48845
BLOCK08/SES086/SA086S20	SES029	-1.99729	-9.27378	-7.27649
BLOCK08/SES086/SA086S20	SES082	-0.864715	-8.1412	-7.27649
BLOCK08/SES086/SA086S20	SES087	0.438243	-6.83825	-7.27649
BLOCK08/SES086/SA086S20	SES206	-0.875954	-8.15244	-7.27649
BLOCK08/SES086/SA086S24	SES087	0.299577	-7.95708	-8.25666
BLOCK08/SES086/SA086S24	SES104	-0.168826	-8.42549	-8.25666
BLOCK08/SES086/SA086S24	SES120	0.226079	-8.03058	-8.25666
BLOCK08/SES086/SA086S24	SES206	0.456636	-7.80003	-8.25666
BLOCK08/SES086/SA086S28	SES029	-1.74606	-6.79149	-5.04543
BLOCK08/SES086/SA086S28	SES082	-0.697459	-5.74288	-5.04543
BLOCK08/SES086/SA086S28	SES087	-0.290166	-5.33559	-5.04543
BLOCK08/SES086/SA086S28	SES206	-0.455282	-5.50071	-5.04543
BLOCK08/SES089/SA089S13	SES087	-1.08247	-8.47049	-7.38802
BLOCK08/SES089/SA089S13	SES206	-1.82777	-9.21579	-7.38802
BLOCK08/SES089/SA089S13	SES226	-0.492606	-7.88063	-7.38802
BLOCK08/SES089/SA089S13	SES270	-0.492564	-7.88058	-7.38802
BLOCK08/SES089/SA089S14	SES062	-1.73149	-8.24999	-6.5185
BLOCK08/SES089/SA089S14	SES087	0.0833368	-6.43516	-6.5185
BLOCK08/SES089/SA089S14	SES206	-0.810748	-7.32925	-6.5185
BLOCK08/SES089/SA089S14	SES226	-1.00471	-7.52321	-6.5185
BLOCK08/SES089/SA089S23	SES087	-0.651093	-10.5312	-9.88008
BLOCK08/SES089/SA089S23	SES206	-1.10743	-10.9875	-9.88008
BLOCK08/SES089/SA089S23	SES226	-0.925494	-10.8056	-9.88008
BLOCK08/SES089/SA089S23	SES270	-1.69019	-11.5703	-9.88008
BLOCK08/SES089/SA089S25	SES062	-1.66442	-8.65586	-6.99144
BLOCK08/SES089/SA089S25	SES087	-0.107731	-7.09918	-6.99144
BLOCK08/SES089/SA089S25	SES206	-2.08723	-9.07867	-6.99144
BLOCK08/SES089/SA089S25	SES226	-0.659526	-7.65097	-6.99144
BLOCK08/SES089/SA089S28	SES062	-1.46994	-7.45906	-5.98911
BLOCK08/SES089/SA089S28	SES087	0.048337	-5.94078	-5.98911
BLOCK08/SES089/SA089S28	SES206	-1.64375	-7.63286	-5.98911
BLOCK08/SES089/SA089S28	SES226	-0.140201	-6.12931	-5.98911
BLOCK09/SES097/SA097S11	SES099	0.203516	-5.34211	-5.54562
BLOCK09/SES097/SA097S11	SES125	-0.830129	-6.37575	-5.54562
BLOCK09/SES097/SA097S11	SES206	-0.648983	-6.19461	-5.54562
BLOCK09/SES097/SA097S11	SES226	0.633426	-4.9122	-5.54562
BLOCK09/SES097/SA097S14	SES062	-1.32612	-5.84653	-4.52042
BLOCK09/SES097/SA097S14	SES099	-1.19856	-5.71898	-4.52042
BLOCK09/SES097/SA097S14	SES104	-1.11119	-5.63161	-4.52042
BLOCK09/SES097/SA097S14	SES206	-2.19698	-6.7174	-4.52042
BLOCK09/SES097/SA097S22	SES099	0.359882	-5.11534	-5.47522
BLOCK09/SES097/SA097S22	SES206	-1.44198	-6.9172	-5.47522
BLOCK09/SES097/SA097S22	SES226	-1.01922	-6.49444	-5.47522
BLOCK09/SES097/SA097S22	SES270	-1.41721	-6.89244	-5.47522
BLOCK09/SES097/SA097S26	SES099	0.385084	-6.5509	-6.93598
BLOCK09/SES097/SA097S26	SES120	-1.57328	-8.50926	-6.93598
BLOCK09/SES097/SA097S26	SES206	-2.04274	-8.97872	-6.93598
BLOCK09/SES097/SA097S26	SES226	-0.387053	-7.32303	-6.93598
BLOCK09/SES097/SA097S28	SES099	0.985119	-4.35502	-5.34014
BLOCK09/SES097/SA097S28	SES120	-1.49442	-6.83456	-5.34014
BLOCK09/SES097/SA097S28	SES206	-1.32835	-6.66849	-5.34014
BLOCK09/SES097/SA097S28	SES226	-0.810463	-6.15061	-5.34014
BLOCK09/SES098/SA098S11	SES127	-1.8586	-7.74952	-5.89092
BLOCK09/SES098/SA098S11	SES144	-1.27431	-7.16523	-5.89092
BLOCK09/SES098/SA098S11	SES147	-0.91561	-6.80653	-5.89092
BLOCK09/SES098/SA098S11	SES148	-2.94798	-8.8389	-5.89092
BLOCK09/SES098/SA098S12	SES127	-2.74632	-10.7095	-7.96313
BLOCK09/SES098/SA098S12	SES144	-2.07589	-10.039	-7.96313
BLOCK09/SES098/SA098S12	SES147	-1.40551	-9.36863	-7.96313
BLOCK09/SES098/SA098S12	SES189	-2.02623	-9.98935	-7.96313
BLOCK09/SES098/SA098S20	SES127	-4.90791	-14.6079	-9.70004
BLOCK09/SES098/SA098S20	SES147	-3.13645	-12.8365	-9.70004
BLOCK09/SES098/SA098S20	SES148	-5.50496	-15.205	-9.70004
BLOCK09/SES098/SA098S20	SES292	-0.739376	-10.4394	-9.70004
BLOCK09/SES098/SA098S23	SES127	-1.99847	-9.16458	-7.16612
BLOCK09/SES098/SA098S23	SES147	-1.74094	-8.90705	-7.16612
BLOCK09/SES098/SA098S23	SES187	-0.855881	-8.022	-7.16612
BLOCK09/SES098/SA098S23	SES292	-1.40811	-8.57423	-7.16612
BLOCK09/SES098/SA098S27	SES127	-3.72661	-11.1624	-7.43574
BLOCK09/SES098/SA098S27	SES147	-2.67568	-10.1114	-7.43574
BLOCK09/SES098/SA098S27	SES148	-3.50091	-10.9367	-7.43574
BLOCK09/SES098/SA098S27	SES292	-1.17732	-8.61306	-7.43574
BLOCK10/SES102/SA102S13	SES101	-0.582063	-9.53289	-8.95082
BLOCK10/SES102/SA102S13	SES105	-1.05749	-10.0083	-8.95082
BLOCK10/SES102/SA102S13	SES120	-1.72445	-10.6753	-8.95082
BLOCK10/SES102/SA102S13	SES158	-0.691608	-9.64243	-8.95082
BLOCK10/SES102/SA102S14	SES007	0.228699	-4.39221	-4.62091
BLOCK10/SES102/SA102S14	SES101	-1.00537	-5.62629	-4.62091
BLOCK10/SES102/SA102S14	SES105	-1.00135	-5.62226	-4.62091
BLOCK10/SES102/SA102S14	SES147	-2.65101	-7.27192	-4.62091
BLOCK10/SES102/SA102S22	SES007	-0.996375	-6.58991	-5.59353
BLOCK10/SES102/SA102S22	SES101	-1.26587	-6.8594	-5.59353
BLOCK10/SES102/SA102S22	SES105	-0.679495	-6.27303	-5.59353
BLOCK10/SES102/SA102S22	SES158	-1.23359	-6.82712	-5.59353
BLOCK10/SES102/SA102S25	SES007	-0.425123	-5.69864	-5.27352
BLOCK10/SES102/SA102S25	SES101	-0.777812	-6.05133	-5.27352
BLOCK10/SES102/SA102S25	SES105	-1.45841	-6.73193	-5.27352
BLOCK10/SES102/SA102S25	SES147	-2.03691	-7.31043	-5.27352
BLOCK10/SES102/SA102S27	SES007	-0.0927725	-4.85873	-4.76596
BLOCK10/SES102/SA102S27	SES101	0.0424175	-4.72354	-4.76596
BLOCK10/SES102/SA102S27	SES105	-1.25544	-6.0214	-4.76596
BLOCK10/SES102/SA102S27	SES147	-1.59958	-6.36554	-4.76596
BLOCK10/SES103/SA103S14	SES105	-1.51167	-12.0108	-10.4992
BLOCK10/SES103/SA103S14	SES106	-2.38937	-12.8885	-10.4992
BLOCK10/SES103/SA103S14	SES120	-2.34255	-12.8417	-10.4992
BLOCK10/SES103/SA103S14	SES206	-1.42713	-11.9263	-10.4992
BLOCK10/SES103/SA103S15	SES099	-2.3518	-13.116	-10.7642
BLOCK10/SES103/SA103S15	SES101	-1.47605	-12.2403	-10.7642
BLOCK10/SES103/SA103S15	SES104	-1.65341	-12.4176	-10.7642
BLOCK10/SES103/SA103S15	SES125	-3.93407	-14.6983	-10.7642
BLOCK10/SES103/SA103S24	SES104	-0.902535	-7.26973	-6.36719
BLOCK10/SES103/SA103S24	SES125	-3.52931	-9.89651	-6.36719
BLOCK10/SES103/SA103S24	SES148	-3.11182	-9.47901	-6.36719
BLOCK10/SES103/SA103S24	SES158	-2.01812	-8.38531	-6.36719
BLOCK10/SES103/SA103S26	SES104	-0.930389	-10.2805	-9.35007
BLOCK10/SES103/SA103S26	SES106	-0.265799	-9.61587	-9.35007
BLOCK10/SES103/SA103S26	SES125	-1.22043	-10.5705	-9.35007
BLOCK10/SES103/SA103S26	SES148	-5.46096	-14.811	-9.35007
BLOCK10/SES103/SA103S28	SES104	-1.4214	-12.115	-10.6936
BLOCK10/SES103/SA103S28	SES106	-2.7917	-13.4853	-10.6936
BLOCK10/SES103/SA103S28	SES125	-3.38158	-14.0752	-10.6936
BLOCK10/SES103/SA103S28	SES206	-2.34856	-13.0421	-10.6936
BLOCK12/SES121/SA121S12	SES042	-1.89059	-9.14422	-7.25363
BLOCK12/SES121/SA121S12	SES087	-1.45843	-8.71206	-7.25363
BLOCK12/SES121/SA121S12	SES105	-0.21871	-7.47234	-7.25363
BLOCK12/SES121/SA121S12	SES206	-0.51353	-7.76716	-7.25363
BLOCK12/SES121/SA121S14	SES007	-1.32928	-12.998	-11.6687
BLOCK12/SES121/SA121S14	SES105	-1.43704	-13.1058	-11.6687
BLOCK12/SES121/SA121S14	SES106	-1.32228	-12.991	-11.6687
BLOCK12/SES121/SA121S14	SES206	-0.850981	-12.5197	-11.6687
BLOCK12/SES121/SA121S23	SES105	-1.22056	-10.9765	-9.75596
BLOCK12/SES121/SA121S23	SES106	-1.48813	-11.2441	-9.75596
BLOCK12/SES121/SA121S23	SES120	-1.13829	-10.8942	-9.75596
BLOCK12/SES121/SA121S23	SES206	0.756475	-8.99949	-9.75596
BLOCK12/SES121/SA121S25	SES007	-0.736513	-12.7067	-11.9702
BLOCK12/SES121/SA121S25	SES105	-1.36796	-13.3381	-11.9702
BLOCK12/SES121/SA121S25	SES106	-0.257877	-12.228	-11.9702
BLOCK12/SES121/SA121S25	SES206	-0.257658	-12.2278	-11.9702
BLOCK12/SES121/SA121S27	SES087	0.0405149	-11.5182	-11.5587
BLOCK12/SES121/SA121S27	SES105	-2.36734	-13.926	-11.5587
BLOCK12/SES121/SA121S27	SES120	-0.164003	-11.7227	-11.5587
BLOCK12/SES121/SA121S27	SES206	-0.53673	-12.0954	-11.5587
BLOCK12/SES124/SA124S16	SES042	-0.527769	-5.47918	-4.95141
BLOCK12/SES124/SA124S16	SES082	-1.57591	-6.52732	-4.95141
BLOCK12/SES124/SA124S16	SES183	-0.70855	-5.65997	-4.95141
BLOCK12/SES124/SA124S16	SES206	-1.76231	-6.71373	-4.95141
BLOCK12/SES124/SA124S17	SES105	-1.65457	-9.42155	-7.76697
BLOCK12/SES124/SA124S17	SES149	-0.848633	-8.61561	-7.76697
BLOCK12/SES124/SA124S17	SES158	-2.2429	-10.0099	-7.76697
BLOCK12/SES124/SA124S17	SES275	-1.8058	-9.57278	-7.76697
BLOCK12/SES124/SA124S23	SES105	-2.06115	-6.21281	-4.15166
BLOCK12/SES124/SA124S23	SES125	1.38894	-2.76272	-4.15166
BLOCK12/SES124/SA124S23	SES129	-1.36826	-5.51993	-4.15166
BLOCK12/SES124/SA124S23	SES158	-1.23548	-5.38715	-4.15166
BLOCK12/SES124/SA124S26	SES105	-2.44063	-8.91726	-6.47663
BLOCK12/SES124/SA124S26	SES125	-0.27477	-6.7514	-6.47663
BLOCK12/SES124/SA124S26	SES129	-1.82451	-8.30114	-6.47663
BLOCK12/SES124/SA124S26	SES158	-1.35751	-7.83414	-6.47663
BLOCK12/SES124/SA124S28	SES104	-0.0368743	-5.59847	-5.5616
BLOCK12/SES124/SA124S28	SES106	0.309412	-5.25219	-5.5616
BLOCK12/SES124/SA124S28	SES125	0.866148	-4.69545	-5.5616
BLOCK12/SES124/SA124S28	SES275	-1.28819	-6.84979	-5.5616
BLOCK12/SES126/SA126S13	SES007	-1.20112	-8.90185	-7.70073
BLOCK12/SES126/SA126S13	SES162	-1.89296	-9.5937	-7.70073
BLOCK12/SES126/SA126S13	SES177	-1.28297	-8.9837	-7.70073
BLOCK12/SES126/SA126S13	SES180	-1.53619	-9.23692	-7.70073
BLOCK12/SES126/SA126S14	SES144	-0.981891	-6.7533	-5.77141
BLOCK12/SES126/SA126S14	SES148	-1.89512	-7.66652	-5.77141
BLOCK12/SES126/SA126S14	SES177	-0.711638	-6.48305	-5.77141
BLOCK12/SES126/SA126S14	SES180	-0.68977	-6.46118	-5.77141
BLOCK12/SES126/SA126S20	SES007	-1.3001	-4.76972	-3.46962
BLOCK12/SES126/SA126S20	SES162	-1.11148	-4.58111	-3.46962
BLOCK12/SES126/SA126S20	SES172	-0.845096	-4.31472	-3.46962
BLOCK12/SES126/SA126S20	SES180	-0.586034	-4.05566	-3.46962
BLOCK12/SES126/SA126S24	SES120	-0.647812	-5.82963	-5.18182
BLOCK12/SES126/SA126S24	SES162	-1.13173	-6.31355	-5.18182
BLOCK12/SES126/SA126S24	SES177	-0.191906	-5.37372	-5.18182
BLOCK12/SES126/SA126S24	SES180	-1.14931	-6.33113	-5.18182
BLOCK12/SES126/SA126S26	SES120	-0.220953	-5.04525	-4.8243
BLOCK12/SES126/SA126S26	SES177	-0.76484	-5.58914	-4.8243
BLOCK12/SES126/SA126S26	SES180	-0.409502	-5.2338	-4.8243
BLOCK12/SES126/SA126S26	SES202	-0.868462	-5.69276	-4.8243
BLOCK12/SES128/SA128S10	SES087	-1.25302	-7.02428	-5.77127
BLOCK12/SES128/SA128S10	SES206	-0.694937	-6.46621	-5.77127
BLOCK12/SES128/SA128S10	SES226	-0.573951	-6.34522	-5.77127
BLOCK12/SES128/SA128S10	SES270	-1.37618	-7.14745	-5.77127
BLOCK12/SES128/SA128S12	SES120	-0.553648	-8.06955	-7.5159
BLOCK12/SES128/SA128S12	SES158	-1.88248	-9.39838	-7.5159
BLOCK12/SES128/SA128S12	SES206	-0.56084	-8.07674	-7.5159
BLOCK12/SES128/SA128S12	SES226	-1.90485	-9.42076	-7.5159
BLOCK12/SES128/SA128S21	SES106	-2.68202	-8.47598	-5.79397
BLOCK12/SES128/SA128S21	SES120	-0.694073	-6.48804	-5.79397
BLOCK12/SES128/SA128S21	SES206	-1.48278	-7.27675	-5.79397
BLOCK12/SES128/SA128S21	SES226	-1.26458	-7.05855	-5.79397
BLOCK12/SES128/SA128S24	SES087	-0.342848	-8.28969	-7.94685
BLOCK12/SES128/SA128S24	SES120	-0.707996	-8.65484	-7.94685
BLOCK12/SES128/SA128S24	SES206	-0.719337	-8.66618	-7.94685
BLOCK12/SES128/SA128S24	SES226	-1.44697	-9.39381	-7.94685
BLOCK12/SES128/SA128S27	SES099	-0.815268	-7.04141	-6.22615
BLOCK12/SES128/SA128S27	SES120	-0.716183	-6.94233	-6.22615
BLOCK12/SES128/SA128S27	SES206	-0.784032	-7.01018	-6.22615
BLOCK12/SES128/SA128S27	SES226	-1.22796	-7.45411	-6.22615
BLOCK13/SES130/SA130S13	SES143	-0.550921	-7.18526	-6.63434
BLOCK13/SES130/SA130S13	SES144	0.251034	-6.3833	-6.63434
BLOCK13/SES130/SA130S13	SES146	-1.7177	-8.35203	-6.63434
BLOCK13/SES130/SA130S13	SES275	-1.54808	-8.18241	-6.63434
BLOCK13/SES130/SA130S15	SES143	-0.652987	-5.20692	-4.55394
BLOCK13/SES130/SA130S15	SES144	-0.0656462	-4.61958	-4.55394
BLOCK13/SES130/SA130S15	SES146	-0.913432	-5.46737	-4.55394
BLOCK13/SES130/SA130S15	SES275	-1.12217	-5.67611	-4.55394
BLOCK13/SES130/SA130S23	SES127	-0.343914	-4.89645	-4.55254
BLOCK13/SES130/SA130S23	SES144	0.715128	-3.83741	-4.55254
BLOCK13/SES130/SA130S23	SES146	-0.770673	-5.32321	-4.55254
BLOCK13/SES130/SA130S23	SES162	-0.163933	-4.71647	-4.55254
BLOCK13/SES130/SA130S25	SES127	-1.06103	-3.15715	-2.09612
BLOCK13/SES130/SA130S25	SES144	-0.274322	-2.37044	-2.09612
BLOCK13/SES130/SA130S25	SES146	-0.672744	-2.76886	-2.09612
BLOCK13/SES130/SA130S25	SES275	-1.0097	-3.10582	-2.09612
BLOCK13/SES130/SA130S28	SES127	-0.903284	-5.73255	-4.82926
BLOCK13/SES130/SA130S28	SES144	-1.31736	-6.14662	-4.82926
BLOCK13/SES130/SA130S28	SES146	-0.686614	-5.51588	-4.82926
BLOCK13/SES130/SA130S28	SES275	-0.640604	-5.46987	-4.82926
BLOCK13/SES131/SA131S13	SES002	-1.64184	-7.8386	-6.19676
BLOCK13/SES131/SA131S13	SES007	-1.39713	-7.5939	-6.19676
BLOCK13/SES131/SA131S13	SES099	-1.0085	-7.20526	-6.19676
BLOCK13/SES131/SA131S13	SES105	-0.782072	-6.97883	-6.19676
BLOCK13/SES131/SA131S14	SES104	-0.970437	-2.95348	-1.98304
BLOCK13/SES131/SA131S14	SES106	-2.27971	-4.26274	-1.98304
BLOCK13/SES131/SA131S14	SES125	-1.5577	-3.54073	-1.98304
BLOCK13/SES131/SA131S14	SES148	-0.167156	-2.15019	-1.98304
BLOCK13/SES131/SA131S20	SES104	-1.92161	-10.0032	-8.08157
BLOCK13/SES131/SA131S20	SES106	-2.04324	-10.1248	-8.08157
BLOCK13/SES131/SA131S20	SES125	-2.2965	-10.3781	-8.08157
BLOCK13/SES131/SA131S20	SES148	-2.69446	-10.776	-8.08157
BLOCK13/SES131/SA131S22	SES099	-1.58499	-6.81255	-5.22756
BLOCK13/SES131/SA131S22	SES104	-0.771074	-5.99863	-5.22756
BLOCK13/SES131/SA131S22	SES125	-0.714497	-5.94205	-5.22756
BLOCK13/SES131/SA131S22	SES206	-1.54885	-6.77641	-5.22756
BLOCK13/SES131/SA131S29	SES087	-1.48092	-8.55217	-7.07124
BLOCK13/SES131/SA131S29	SES104	-3.66019	-10.7314	-7.07124
BLOCK13/SES131/SA131S29	SES125	-4.51761	-11.5888	-7.07124
BLOCK13/SES131/SA131S29	SES206	-3.2221	-10.2933	-7.07124
BLOCK13/SES132/SA132S11	SES083	-1.72315	-9.76502	-8.04187
BLOCK13/SES132/SA132S11	SES120	-0.155069	-8.19694	-8.04187
BLOCK13/SES132/SA132S11	SES127	-3.22836	-11.2702	-8.04187
BLOCK13/SES132/SA132S11	SES275	-1.28747	-9.32934	-8.04187
BLOCK13/SES132/SA132S12	SES083	-1.46497	-6.36636	-4.90139
BLOCK13/SES132/SA132S12	SES143	-1.50131	-6.4027	-4.90139
BLOCK13/SES132/SA132S12	SES144	-1.52404	-6.42543	-4.90139
BLOCK13/SES132/SA132S12	SES148	-1.3618	-6.2632	-4.90139
BLOCK13/SES132/SA132S22	SES062	-0.986547	-7.80582	-6.81927
BLOCK13/SES132/SA132S22	SES083	-1.41448	-8.23375	-6.81927
BLOCK13/SES132/SA132S22	SES127	-1.94497	-8.76424	-6.81927
BLOCK13/SES132/SA132S22	SES275	-0.847207	-7.66648	-6.81927
BLOCK13/SES132/SA132S24	SES007	-0.72576	-5.83198	-5.10622
BLOCK13/SES132/SA132S24	SES083	-1.76578	-6.872	-5.10622
BLOCK13/SES132/SA132S24	SES127	-2.55856	-7.66478	-5.10622
BLOCK13/SES132/SA132S24	SES275	-1.19936	-6.30558	-5.10622
BLOCK13/SES132/SA132S27	SES083	-3.2174	-11.1781	-7.96072
BLOCK13/SES132/SA132S27	SES120	0.0227938	-7.93793	-7.96072
BLOCK13/SES132/SA132S27	SES127	-4.97736	-12.9381	-7.96072
BLOCK13/SES132/SA132S27	SES275	-2.38597	-10.3467	-7.96072
BLOCK14/SES141/SA141S09	SES143	-0.74588	-5.345	-4.59912
BLOCK14/SES141/SA141S09	SES144	-0.153946	-4.75307	-4.59912
BLOCK14/SES141/SA141S09	SES162	-0.630105	-5.22923	-4.59912
BLOCK14/SES141/SA141S09	SES180	-0.465782	-5.0649	-4.59912
BLOCK14/SES141/SA141S15	SES127	-0.581985	-6.42457	-5.84259
BLOCK14/SES141/SA141S15	SES144	-1.18099	-7.02357	-5.84259
BLOCK14/SES141/SA141S15	SES162	-1.58799	-7.43058	-5.84259
BLOCK14/SES141/SA141S15	SES180	-0.993919	-6.8365	-5.84259
BLOCK14/SES141/SA141S24	SES127	-1.53471	-7.9132	-6.37849
BLOCK14/SES141/SA141S24	SES144	-2.4148	-8.7933	-6.37849
BLOCK14/SES141/SA141S24	SES162	-0.623363	-7.00186	-6.37849
BLOCK14/SES141/SA141S24	SES183	-1.68134	-8.05984	-6.37849
BLOCK14/SES141/SA141S26	SES142	-0.0925469	-6.41238	-6.31983
BLOCK14/SES141/SA141S26	SES144	-1.39471	-7.71455	-6.31983
BLOCK14/SES141/SA141S26	SES172	-0.767859	-7.08769	-6.31983
BLOCK14/SES141/SA141S26	SES180	-1.0319	-7.35174	-6.31983
BLOCK14/SES141/SA141S29	SES127	-0.296384	-5.04179	-4.74541
BLOCK14/SES141/SA141S29	SES142	0.0967574	-4.64865	-4.74541
BLOCK14/SES141/SA141S29	SES144	-0.369948	-5.11535	-4.74541
BLOCK14/SES141/SA141S29	SES180	-0.488863	-5.23427	-4.74541
BLOCK15/SES157/SA157S08	SES083	-1.20735	-5.37614	-4.1688
BLOCK15/SES157/SA157S08	SES127	-1.22232	-5.39111	-4.1688
BLOCK15/SES157/SA157S08	SES148	-1.50246	-5.67125	-4.1688
BLOCK15/SES157/SA157S08	SES292	-1.54417	-5.71296	-4.1688
BLOCK15/SES157/SA157S11	SES083	-1.76133	-6.1197	-4.35838
BLOCK15/SES157/SA157S11	SES127	-2.25528	-6.61366	-4.35838
BLOCK15/SES157/SA157S11	SES148	-2.90792	-7.26629	-4.35838
BLOCK15/SES157/SA157S11	SES292	-1.30981	-5.66818	-4.35838
BLOCK15/SES157/SA157S21	SES127	-0.0975542	-2.54746	-2.4499
BLOCK15/SES157/SA157S21	SES148	-0.135001	-2.58491	-2.4499
BLOCK15/SES157/SA157S21	SES158	-4.53349	-6.9834	-2.4499
BLOCK15/SES157/SA157S21	SES292	-0.961068	-3.41097	-2.4499
BLOCK15/SES157/SA157S24	SES127	-1.23707	-6.9166	-5.67953
BLOCK15/SES157/SA157S24	SES148	-1.41234	-7.09187	-5.67953
BLOCK15/SES157/SA157S24	SES183	-1.77871	-7.45824	-5.67953
BLOCK15/SES157/SA157S24	SES292	-1.64783	-7.32736	-5.67953
BLOCK15/SES157/SA157S26	SES007	-1.14638	-5.2373	-4.09092
BLOCK15/SES157/SA157S26	SES127	-0.130481	-4.22141	-4.09092
BLOCK15/SES157/SA157S26	SES147	-0.864931	-4.95585	-4.09092
BLOCK15/SES157/SA157S26	SES148	-1.6213	-5.71223	-4.09092
BLOCK16/SES161/SA161S10	SES007	-0.9525	-7.42703	-6.47453
BLOCK16/SES161/SA161S10	SES105	-0.692885	-7.16741	-6.47453
BLOCK16/SES161/SA161S10	SES158	-1.46563	-7.94016	-6.47453
BLOCK16/SES161/SA161S10	SES275	-1.19737	-7.6719	-6.47453
BLOCK16/SES161/SA161S12	SES007	-2.54221	-12.5563	-10.0141
BLOCK16/SES161/SA161S12	SES105	-2.26513	-12.2793	-10.0141
BLOCK16/SES161/SA161S12	SES158	-2.29799	-12.3121	-10.0141
BLOCK16/SES161/SA161S12	SES275	-1.8266	-11.8407	-10.0141
BLOCK16/SES161/SA161S20	SES007	-1.02934	-11.2304	-10.201
BLOCK16/SES161/SA161S20	SES105	-1.1441	-11.3451	-10.201
BLOCK16/SES161/SA161S20	SES158	-0.0161142	-10.2171	-10.201
BLOCK16/SES161/SA161S20	SES275	-3.13021	-13.3312	-10.201
BLOCK16/SES161/SA161S23	SES007	-3.56888	-14.8924	-11.3235
BLOCK16/SES161/SA161S23	SES105	-0.862112	-12.1856	-11.3235
BLOCK16/SES161/SA161S23	SES148	-1.62014	-12.9436	-11.3235
BLOCK16/SES161/SA161S23	SES158	-3.58405	-14.9075	-11.3235
BLOCK16/SES161/SA161S28	SES007	-1.06485	-10.8088	-9.74391
BLOCK16/SES161/SA161S28	SES105	-2.53909	-12.283	-9.74391
BLOCK16/SES161/SA161S28	SES158	-0.576832	-10.3207	-9.74391
BLOCK16/SES161/SA161S28	SES206	-0.686912	-10.4308	-9.74391
BLOCK16/SES164/SA164S11	SES104	-0.73848	-5.44901	-4.71053
BLOCK16/SES164/SA164S11	SES125	-0.618933	-5.32946	-4.71053
BLOCK16/SES164/SA164S11	SES158	-3.05732	-7.76785	-4.71053
BLOCK16/SES164/SA164S11	SES206	-2.16608	-6.87661	-4.71053
BLOCK16/SES164/SA164S13	SES099	-2.3095	-7.61884	-5.30934
BLOCK16/SES164/SA164S13	SES104	-1.38022	-6.68956	-5.30934
BLOCK16/SES164/SA164S13	SES125	-2.19885	-7.50819	-5.30934
BLOCK16/SES164/SA164S13	SES206	-2.55177	-7.86111	-5.30934
BLOCK16/SES164/SA164S24	SES002	-0.199446	-4.81867	-4.61922
BLOCK16/SES164/SA164S24	SES099	-1.15866	-5.77788	-4.61922
BLOCK16/SES164/SA164S24	SES125	-1.38011	-5.99933	-4.61922
BLOCK16/SES164/SA164S24	SES226	-0.30444	-4.92366	-4.61922
BLOCK16/SES164/SA164S27	SES087	-0.808329	-6.55987	-5.75154
BLOCK16/SES164/SA164S27	SES125	-2.20171	-7.95325	-5.75154
BLOCK16/SES164/SA164S27	SES206	-2.17265	-7.92419	-5.75154
BLOCK16/SES164/SA164S27	SES226	-1.18802	-6.93956	-5.75154
BLOCK16/SES164/SA164S29	SES002	-0.331874	-4.48831	-4.15643
BLOCK16/SES164/SA164S29	SES019	-2.18639	-6.34282	-4.15643
BLOCK16/SES164/SA164S29	SES125	-1.59848	-5.75492	-4.15643
BLOCK16/SES164/SA164S29	SES226	-1.01399	-5.17042	-4.15643
BLOCK16/SES169/SA169S13	SES117	-1.42149	-7.99732	-6.57583
BLOCK16/SES169/SA169S13	SES144	-1.47523	-8.05106	-6.57583
BLOCK16/SES169/SA169S13	SES146	-1.14291	-7.71874	-6.57583
BLOCK16/SES169/SA169S13	SES162	-1.20278	-7.77861	-6.57583
BLOCK16/SES169/SA169S14	SES144	-1.33059	-4.65621	-3.32562
BLOCK16/SES169/SA169S14	SES148	-0.880341	-4.20596	-3.32562
BLOCK16/SES169/SA169S14	SES177	-0.643329	-3.96895	-3.32562
BLOCK16/SES169/SA169S14	SES180	-1.00448	-4.3301	-3.32562
BLOCK16/SES169/SA169S24	SES117	-0.3981	-6.41833	-6.02023
BLOCK16/SES169/SA169S24	SES144	-0.383507	-6.40374	-6.02023
BLOCK16/SES169/SA169S24	SES146	-0.769361	-6.78959	-6.02023
BLOCK16/SES169/SA169S24	SES162	-0.423102	-6.44334	-6.02023
BLOCK16/SES169/SA169S27	SES127	-0.945204	-6.86551	-5.92031
BLOCK16/SES169/SA169S27	SES129	-0.947719	-6.86803	-5.92031
BLOCK16/SES169/SA169S27	SES144	-1.16395	-7.08426	-5.92031
BLOCK16/SES169/SA169S27	SES146	-0.683311	-6.60362	-5.92031
BLOCK16/SES169/SA169S29	SES144	-0.805072	-3.99026	-3.18519
BLOCK16/SES169/SA169S29	SES162	-0.636378	-3.82157	-3.18519
BLOCK16/SES169/SA169S29	SES177	-1.27348	-4.45867	-3.18519
BLOCK16/SES169/SA169S29	SES180	-1.17788	-4.36307	-3.18519
BLOCK17/SES171/SA171S12	SES083	-1.74272	-7.24078	-5.49805
BLOCK17/SES171/SA171S12	SES148	-2.07154	-7.56959	-5.49805
BLOCK17/SES171/SA171S12	SES172	-1.85631	-7.35436	-5.49805
BLOCK17/SES171/SA171S12	SES292	-2.30544	-7.8035	-5.49805
BLOCK17/SES171/SA171S15	SES148	-2.68272	-8.71052	-6.0278
BLOCK17/SES171/SA171S15	SES177	-1.48688	-7.51469	-6.0278
BLOCK17/SES171/SA171S15	SES180	-3.55889	-9.58669	-6.0278
BLOCK17/SES171/SA171S15	SES292	-1.94568	-7.97348	-6.0278
BLOCK17/SES171/SA171S22	SES007	-0.669802	-3.20842	-2.53862
BLOCK17/SES171/SA171S22	SES148	-0.522884	-3.06151	-2.53862
BLOCK17/SES171/SA171S22	SES177	-0.480573	-3.01919	-2.53862
BLOCK17/SES171/SA171S22	SES180	-2.74676	-5.28538	-2.53862
BLOCK17/SES171/SA171S25	SES101	-2.09891	-8.86393	-6.76502
BLOCK17/SES171/SA171S25	SES120	-3.01343	-9.77844	-6.76502
BLOCK17/SES171/SA171S25	SES177	-1.31288	-8.07789	-6.76502
BLOCK17/SES171/SA171S25	SES180	-1.84812	-8.61314	-6.76502
BLOCK17/SES171/SA171S27	SES177	-1.22655	-7.84043	-6.61388
BLOCK17/SES171/SA171S27	SES180	-2.46876	-9.08264	-6.61388
BLOCK17/SES171/SA171S27	SES189	-0.993538	-7.60742	-6.61388
BLOCK17/SES171/SA171S27	SES292	-1.55973	-8.17361	-6.61388
BLOCK17/SES173/SA173S13	SES162	-3.21751	-9.53284	-6.31533
BLOCK17/SES173/SA173S13	SES177	-1.39848	-7.71381	-6.31533
BLOCK17/SES173/SA173S13	SES180	-1.4507	-7.76603	-6.31533
BLOCK17/SES173/SA173S13	SES292	-0.00547838	-6.32081	-6.31533
BLOCK17/SES173/SA173S14	SES007	-1.54876	-7.13304	-5.58428
BLOCK17/SES173/SA173S14	SES162	-2.28126	-7.86554	-5.58428
BLOCK17/SES173/SA173S14	SES177	-0.940587	-6.52486	-5.58428
BLOCK17/SES173/SA173S14	SES180	-1.39267	-6.97695	-5.58428
BLOCK17/SES173/SA173S24	SES144	-2.26725	-8.47655	-6.20931
BLOCK17/SES173/SA173S24	SES162	-1.89665	-8.10596	-6.20931
BLOCK17/SES173/SA173S24	SES177	0.0438151	-6.16549	-6.20931
BLOCK17/SES173/SA173S24	SES180	-2.30828	-8.51759	-6.20931
BLOCK17/SES173/SA173S27	SES162	-3.08514	-10.102	-7.01684
BLOCK17/SES173/SA173S27	SES177	-1.20069	-8.21753	-7.01684
BLOCK17/SES173/SA173S27	SES180	-2.31571	-9.33255	-7.01684
BLOCK17/SES173/SA173S27	SES292	-0.190934	-7.20777	-7.01684
BLOCK17/SES173/SA173S29	SES162	-2.20131	-5.92821	-3.7269
BLOCK17/SES173/SA173S29	SES175	-1.28153	-5.00844	-3.7269
BLOCK17/SES173/SA173S29	SES177	-0.667547	-4.39445	-3.7269
BLOCK17/SES173/SA173S29	SES292	-1.04769	-4.77459	-3.7269
BLOCK18/SES182/SA182S10	SES144	-1.3626	-7.30616	-5.94356
BLOCK18/SES182/SA182S10	SES177	-1.31219	-7.25575	-5.94356
BLOCK18/SES182/SA182S10	SES180	-2.53153	-8.47509	-5.94356
BLOCK18/SES182/SA182S10	SES275	-1.42684	-7.3704	-5.94356
BLOCK18/SES182/SA182S12	SES144	-1.65471	-7.44701	-5.7923
BLOCK18/SES182/SA182S12	SES177	-1.81327	-7.60557	-5.7923
BLOCK18/SES182/SA182S12	SES180	-3.06694	-8.85924	-5.7923
BLOCK18/SES182/SA182S12	SES275	-1.34261	-7.1349	-5.7923
BLOCK18/SES182/SA182S21	SES117	-0.968473	-8.94827	-7.9798
BLOCK18/SES182/SA182S21	SES144	-1.28742	-9.26722	-7.9798
BLOCK18/SES182/SA182S21	SES162	-1.04408	-9.02388	-7.9798
BLOCK18/SES182/SA182S21	SES180	-2.82482	-10.8046	-7.9798
BLOCK18/SES182/SA182S23	SES117	-2.1444	-11.7376	-9.59324
BLOCK18/SES182/SA182S23	SES144	-4.47077	-14.064	-9.59324
BLOCK18/SES182/SA182S23	SES180	-5.47916	-15.0724	-9.59324
BLOCK18/SES182/SA182S23	SES275	-3.20078	-12.794	-9.59324
BLOCK18/SES182/SA182S25	SES007	0.0869322	-6.56065	-6.64758
BLOCK18/SES182/SA182S25	SES162	-0.938129	-7.58571	-6.64758
BLOCK18/SES182/SA182S25	SES177	-0.870808	-7.51839	-6.64758
BLOCK18/SES182/SA182S25	SES180	-2.62553	-9.27311	-6.64758
BLOCK18/SES184/SA184S12	SES177	-0.900445	-5.0954	-4.19495
BLOCK18/SES184/SA184S12	SES180	-0.585758	-4.78071	-4.19495
BLOCK18/SES184/SA184S12	SES189	-2.75961	-6.95457	-4.19495
BLOCK18/SES184/SA184S12	SES292	-0.784912	-4.97987	-4.19495
BLOCK18/SES184/SA184S13	SES101	-1.00947	-6.23868	-5.22921
BLOCK18/SES184/SA184S13	SES177	-1.23377	-6.46299	-5.22921
BLOCK18/SES184/SA184S13	SES180	-0.780015	-6.00923	-5.22921
BLOCK18/SES184/SA184S13	SES292	-1.05911	-6.28833	-5.22921
BLOCK18/SES184/SA184S22	SES177	-1.34692	-5.9365	-4.58958
BLOCK18/SES184/SA184S22	SES180	-0.586624	-5.17621	-4.58958
BLOCK18/SES184/SA184S22	SES189	-1.73195	-6.32154	-4.58958
BLOCK18/SES184/SA184S22	SES292	-1.42061	-6.01019	-4.58958
BLOCK18/SES184/SA184S25	SES101	-0.995699	-4.54622	-3.55052
BLOCK18/SES184/SA184S25	SES177	-1.42115	-4.97167	-3.55052
BLOCK18/SES184/SA184S25	SES180	-0.867644	-4.41817	-3.55052
BLOCK18/SES184/SA184S25	SES292	-1.00039	-4.55091	-3.55052
BLOCK18/SES184/SA184S27	SES083	-1.40309	-5.56687	-4.16378
BLOCK18/SES184/SA184S27	SES177	-1.55015	-5.71393	-4.16378
BLOCK18/SES184/SA184S27	SES202	-1.37005	-5.53383	-4.16378
BLOCK18/SES184/SA184S27	SES292	-1.71858	-5.88235	-4.16378
BLOCK20/SES204/SA204S12	SES062	-0.698866	-6.08326	-5.3844
BLOCK20/SES204/SA204S12	SES083	-1.59687	-6.98127	-5.3844
BLOCK20/SES204/SA204S12	SES206	-0.750922	-6.13532	-5.3844
BLOCK20/SES204/SA204S12	SES226	-0.910658	-6.29506	-5.3844
BLOCK20/SES204/SA204S14	SES068	0.0058527	-3.74475	-3.75061
BLOCK20/SES204/SA204S14	SES087	0.235385	-3.51522	-3.75061
BLOCK20/SES204/SA204S14	SES206	-1.06242	-4.81302	-3.75061
BLOCK20/SES204/SA204S14	SES226	-1.56796	-5.31857	-3.75061
BLOCK20/SES204/SA204S22	SES068	-0.696149	-6.01863	-5.32248
BLOCK20/SES204/SA204S22	SES082	-1.4855	-6.80799	-5.32248
BLOCK20/SES204/SA204S22	SES083	-1.77015	-7.09263	-5.32248
BLOCK20/SES204/SA204S22	SES206	-0.645579	-5.96806	-5.32248
BLOCK20/SES204/SA204S25	SES062	-0.598697	-6.24019	-5.64149
BLOCK20/SES204/SA204S25	SES083	-1.6666	-7.30809	-5.64149
BLOCK20/SES204/SA204S25	SES206	-0.841522	-6.48302	-5.64149
BLOCK20/SES204/SA204S25	SES226	-0.480587	-6.12208	-5.64149
BLOCK20/SES204/SA204S27	SES068	-0.922984	-7.2178	-6.29482
BLOCK20/SES204/SA204S27	SES082	-1.86037	-8.15519	-6.29482
BLOCK20/SES204/SA204S27	SES087	0.248574	-6.04624	-6.29482
BLOCK20/SES204/SA204S27	SES206	-1.52266	-7.81748	-6.29482
BLOCK20/SES207/SA207S10	SES127	-2.07572	-6.63137	-4.55565
BLOCK20/SES207/SA207S10	SES183	-1.33299	-5.88864	-4.55565
BLOCK20/SES207/SA207S10	SES189	-0.955779	-5.51143	-4.55565
BLOCK20/SES207/SA207S10	SES292	-1.383	-5.93865	-4.55565
BLOCK20/SES207/SA207S11	SES127	-1.34324	-6.05851	-4.71528
BLOCK20/SES207/SA207S11	SES183	-0.726384	-5.44166	-4.71528
BLOCK20/SES207/SA207S11	SES187	-0.915563	-5.63084	-4.71528
BLOCK20/SES207/SA207S11	SES292	-0.815827	-5.5311	-4.71528
BLOCK20/SES207/SA207S25	SES068	-0.930318	-7.1272	-6.19688
BLOCK20/SES207/SA207S25	SES083	-1.77157	-7.96846	-6.19688
BLOCK20/SES207/SA207S25	SES127	-0.412955	-6.60984	-6.19688
BLOCK20/SES207/SA207S25	SES187	-1.09109	-7.28798	-6.19688
BLOCK20/SES207/SA207S27	SES127	-1.36026	-8.5977	-7.23744
BLOCK20/SES207/SA207S27	SES183	-1.1729	-8.41034	-7.23744
BLOCK20/SES207/SA207S27	SES187	-1.3155	-8.55294	-7.23744
BLOCK20/SES207/SA207S27	SES292	-1.63376	-8.8712	-7.23744
BLOCK20/SES207/SA207S29	SES083	-2.00891	-5.89189	-3.88298
BLOCK20/SES207/SA207S29	SES085	-0.970057	-4.85304	-3.88298
BLOCK20/SES207/SA207S29	SES172	-0.384907	-4.26789	-3.88298
BLOCK20/SES207/SA207S29	SES189	-3.36105	-7.24403	-3.88298
BLOCK22/SES221/SA221S12	SES068	-0.377036	-5.22886	-4.85182
BLOCK22/SES221/SA221S12	SES143	-1.03631	-5.88813	-4.85182
BLOCK22/SES221/SA221S12	SES175	-0.603409	-5.45523	-4.85182
BLOCK22/SES221/SA221S12	SES202	-0.571561	-5.42338	-4.85182
BLOCK22/SES221/SA221S15	SES085	0.0557003	-5.23722	-5.29292
BLOCK22/SES221/SA221S15	SES143	-0.966879	-6.2598	-5.29292
BLOCK22/SES221/SA221S15	SES175	-1.25332	-6.54623	-5.29292
BLOCK22/SES221/SA221S15	SES187	-1.55955	-6.85247	-5.29292
BLOCK22/SES221/SA221S23	SES068	-0.287849	-5.98408	-5.69623
BLOCK22/SES221/SA221S23	SES143	-1.47775	-7.17398	-5.69623
BLOCK22/SES221/SA221S23	SES175	-0.764155	-6.46039	-5.69623
BLOCK22/SES221/SA221S23	SES189	-1.37857	-7.0748	-5.69623
BLOCK22/SES221/SA221S27	SES085	0.131949	-5.52952	-5.66147
BLOCK22/SES221/SA221S27	SES143	-0.973156	-6.63463	-5.66147
BLOCK22/SES221/SA221S27	SES175	-0.800712	-6.46218	-5.66147
BLOCK22/SES221/SA221S27	SES189	-2.07299	-7.73446	-5.66147
BLOCK22/SES221/SA221S29	SES085	-1.23823	-9.5315	-8.29327
BLOCK22/SES221/SA221S29	SES143	-1.4252	-9.71847	-8.29327
BLOCK22/SES221/SA221S29	SES175	-0.63272	-8.92599	-8.29327
BLOCK22/SES221/SA221S29	SES187	-1.93959	-10.2329	-8.29327
BLOCK22/SES223/SA223S11	SES143	-0.79795	-8.09377	-7.29582
BLOCK22/SES223/SA223S11	SES144	-2.52542	-9.82125	-7.29582
BLOCK22/SES223/SA223S11	SES175	-1.11858	-8.4144	-7.29582
BLOCK22/SES223/SA223S11	SES187	-1.30525	-8.60107	-7.29582
BLOCK22/SES223/SA223S13	SES068	0.223281	-8.38033	-8.60361
BLOCK22/SES223/SA223S13	SES143	-1.47256	-10.0762	-8.60361
BLOCK22/SES223/SA223S13	SES146	-1.1618	-9.76541	-8.60361
BLOCK22/SES223/SA223S13	SES202	-0.358996	-8.96261	-8.60361
BLOCK22/SES223/SA223S22	SES143	-0.978551	-6.44943	-5.47088
BLOCK22/SES223/SA223S22	SES144	-2.4217	-7.89258	-5.47088
BLOCK22/SES223/SA223S22	SES175	-1.54036	-7.01124	-5.47088
BLOCK22/SES223/SA223S22	SES187	-1.21432	-6.6852	-5.47088
BLOCK22/SES223/SA223S25	SES068	-0.730974	-7.12721	-6.39624
BLOCK22/SES223/SA223S25	SES143	-1.00798	-7.40422	-6.39624
BLOCK22/SES223/SA223S25	SES175	-0.512497	-6.90874	-6.39624
BLOCK22/SES223/SA223S25	SES187	-1.43203	-7.82827	-6.39624
BLOCK22/SES223/SA223S27	SES143	-0.720608	-8.94431	-8.2237
BLOCK22/SES223/SA223S27	SES146	-1.8522	-10.0759	-8.2237
BLOCK22/SES223/SA223S27	SES187	-0.969528	-9.19323	-8.2237
BLOCK22/SES223/SA223S27	SES292	-0.453685	-8.67739	-8.2237
BLOCK27/SES273/SA273S12	SES099	-0.223919	-6.66131	-6.43739
BLOCK27/SES273/SA273S12	SES104	-0.830884	-7.26827	-6.43739
BLOCK27/SES273/SA273S12	SES125	-0.878804	-7.31619	-6.43739
BLOCK27/SES273/SA273S12	SES206	-0.00901461	-6.4464	-6.43739
BLOCK27/SES273/SA273S13	SES099	-0.99137	-3.93476	-2.94339
BLOCK27/SES273/SA273S13	SES104	-0.849465	-3.79286	-2.94339
BLOCK27/SES273/SA273S13	SES206	-1.15268	-4.09607	-2.94339
BLOCK27/SES273/SA273S13	SES292	-0.767198	-3.71059	-2.94339
BLOCK27/SES273/SA273S21	SES099	-1.15973	-5.4941	-4.33438
BLOCK27/SES273/SA273S21	SES148	-3.40593	-7.7403	-4.33438
BLOCK27/SES273/SA273S21	SES149	-1.77147	-6.10585	-4.33438
BLOCK27/SES273/SA273S21	SES177	-1.3504	-5.68478	-4.33438
BLOCK27/SES273/SA273S25	SES104	-0.307634	-7.30792	-7.00029
BLOCK27/SES273/SA273S25	SES125	-1.04846	-8.04875	-7.00029
BLOCK27/SES273/SA273S25	SES158	0.0174947	-6.98279	-7.00029
BLOCK27/SES273/SA273S25	SES206	-0.636477	-7.63676	-7.00029
BLOCK27/SES273/SA273S27	SES099	-0.992038	-3.1946	-2.20256
BLOCK27/SES273/SA273S27	SES104	-1.39444	-3.59701	-2.20256
BLOCK27/SES273/SA273S27	SES149	-0.934396	-3.13696	-2.20256
BLOCK27/SES273/SA273S27	SES275	-1.44479	-3.64735	-2.20256
BLOCK27/SES274/SA274S10	SES105	-2.50541	-4.98203	-2.47662
BLOCK27/SES274/SA274S10	SES125	-3.64001	-6.11662	-2.47662
BLOCK27/SES274/SA274S10	SES129	-0.893497	-3.37011	-2.47662
BLOCK27/SES274/SA274S10	SES158	-5.16593	-7.64255	-2.47662
BLOCK27/SES274/SA274S11	SES105	-1.41736	-6.14094	-4.72358
BLOCK27/SES274/SA274S11	SES149	-1.49805	-6.22163	-4.72358
BLOCK27/SES274/SA274S11	SES158	-2.06867	-6.79225	-4.72358
BLOCK27/SES274/SA274S11	SES275	-1.15217	-5.87575	-4.72358
BLOCK27/SES274/SA274S21	SES105	-1.52169	-6.62247	-5.10079
BLOCK27/SES274/SA274S21	SES129	-0.645355	-5.74614	-5.10079
BLOCK27/SES274/SA274S21	SES149	-1.13099	-6.23177	-5.10079
BLOCK27/SES274/SA274S21	SES158	-2.84897	-7.94976	-5.10079
BLOCK27/SES274/SA274S24	SES105	-1.7273	-6.97142	-5.24412
BLOCK27/SES274/SA274S24	SES129	-0.14577	-5.38989	-5.24412
BLOCK27/SES274/SA274S24	SES149	-1.36573	-6.60985	-5.24412
BLOCK27/SES274/SA274S24	SES158	-3.44264	-8.68676	-5.24412
BLOCK27/SES274/SA274S29	SES105	-1.88196	-6.36224	-4.48028
BLOCK27/SES274/SA274S29	SES106	-2.38151	-6.86179	-4.48028
BLOCK27/SES274/SA274S29	SES120	-1.37736	-5.85764	-4.48028
BLOCK27/SES274/SA274S29	SES275	-0.999873	-5.48015	-4.48028
BLOCK27/SES276/SA276S16	SES148	-2.34666	-7.59295	-5.24629
BLOCK27/SES276/SA276S16	SES172	-0.28479	-5.53108	-5.24629
BLOCK27/SES276/SA276S16	SES180	-0.724536	-5.97083	-5.24629
BLOCK27/SES276/SA276S16	SES292	-0.996009	-6.2423	-5.24629
BLOCK27/SES276/SA276S17	SES101	-0.987839	-5.97884	-4.991
BLOCK27/SES276/SA276S17	SES177	-1.03619	-6.02719	-4.991
BLOCK27/SES276/SA276S17	SES180	-0.976016	-5.96701	-4.991
BLOCK27/SES276/SA276S17	SES292	-0.734641	-5.72564	-4.991
BLOCK27/SES276/SA276S24	SES101	-1.15389	-5.07812	-3.92424
BLOCK27/SES276/SA276S24	SES177	-0.546895	-4.47113	-3.92424
BLOCK27/SES276/SA276S24	SES180	-1.50027	-5.42451	-3.92424
BLOCK27/SES276/SA276S24	SES292	-1.18101	-5.10525	-3.92424
BLOCK27/SES276/SA276S26	SES101	-1.41082	-3.28363	-1.87281
BLOCK27/SES276/SA276S26	SES177	-0.90458	-2.77739	-1.87281
BLOCK27/SES276/SA276S26	SES180	-0.968411	-2.84122	-1.87281
BLOCK27/SES276/SA276S26	SES292	-0.119742	-1.99255	-1.87281
BLOCK27/SES276/SA276S28	SES101	-0.927454	-3.51917	-2.59172
BLOCK27/SES276/SA276S28	SES177	-0.923016	-3.51473	-2.59172
BLOCK27/SES276/SA276S28	SES180	-0.216838	-2.80855	-2.59172
BLOCK27/SES276/SA276S28	SES292	-0.484278	-3.07599	-2.59172
BLOCK27/SES277/SA277S12	SES101	-0.8837	-8.53871	-7.65501
BLOCK27/SES277/SA277S12	SES177	-1.78529	-9.4403	-7.65501
BLOCK27/SES277/SA277S12	SES180	-2.17553	-9.83054	-7.65501
BLOCK27/SES277/SA277S12	SES292	-1.35836	-9.01337	-7.65501
BLOCK27/SES277/SA277S14	SES177	-1.36017	-8.46286	-7.10268
BLOCK27/SES277/SA277S14	SES180	-2.29452	-9.3972	-7.10268
BLOCK27/SES277/SA277S14	SES189	-0.341844	-7.44453	-7.10268
BLOCK27/SES277/SA277S14	SES292	-1.79875	-8.90143	-7.10268
BLOCK27/SES277/SA277S21	SES177	-1.31322	-7.73723	-6.42401
BLOCK27/SES277/SA277S21	SES180	-1.82992	-8.25393	-6.42401
BLOCK27/SES277/SA277S21	SES189	-0.349991	-6.774	-6.42401
BLOCK27/SES277/SA277S21	SES292	-1.60893	-8.03294	-6.42401
BLOCK27/SES277/SA277S24	SES144	-1.16206	-9.09912	-7.93706
BLOCK27/SES277/SA277S24	SES177	-1.73626	-9.67332	-7.93706
BLOCK27/SES277/SA277S24	SES180	-2.22447	-10.1615	-7.93706
BLOCK27/SES277/SA277S24	SES189	-0.738023	-8.67508	-7.93706
BLOCK27/SES277/SA277S29	SES177	-0.929546	-3.95181	-3.02227
BLOCK27/SES277/SA277S29	SES180	-0.831534	-3.8538	-3.02227
BLOCK27/SES277/SA277S29	SES202	-1.0788	-4.10107	-3.02227
BLOCK27/SES277/SA277S29	SES292	-1.4483	-4.47057	-3.02227
BLOCK27/SES279/SA279S09	SES120	-1.4777	-5.56315	-4.08544
BLOCK27/SES279/SA279S09	SES146	-1.3469	-5.43234	-4.08544
BLOCK27/SES279/SA279S09	SES206	-0.0180564	-4.1035	-4.08544
BLOCK27/SES279/SA279S09	SES226	-1.82913	-5.91458	-4.08544
BLOCK27/SES279/SA279S10	SES099	-0.278546	-5.32194	-5.04339
BLOCK27/SES279/SA279S10	SES206	-1.41196	-6.45535	-5.04339
BLOCK27/SES279/SA279S10	SES226	-2.28837	-7.33176	-5.04339
BLOCK27/SES279/SA279S10	SES292	-0.174717	-5.21811	-5.04339
BLOCK27/SES279/SA279S20	SES099	-2.64365	-9.56096	-6.91731
BLOCK27/SES279/SA279S20	SES206	-0.449622	-7.36694	-6.91731
BLOCK27/SES279/SA279S20	SES226	-2.78236	-9.69968	-6.91731
BLOCK27/SES279/SA279S20	SES292	0.186128	-6.73119	-6.91731
BLOCK27/SES279/SA279S26	SES099	0.168582	-7.24864	-7.41722
BLOCK27/SES279/SA279S26	SES206	-0.616295	-8.03352	-7.41722
BLOCK27/SES279/SA279S26	SES226	-3.61325	-11.0305	-7.41722
BLOCK27/SES279/SA279S26	SES292	-0.104722	-7.52194	-7.41722
BLOCK27/SES279/SA279S28	SES099	-0.219248	-2.46986	-2.25061
BLOCK27/SES279/SA279S28	SES120	-0.872793	-3.12341	-2.25061
BLOCK27/SES279/SA279S28	SES177	-1.09062	-3.34123	-2.25061
BLOCK27/SES279/SA279S28	SES206	-0.715013	-2.96563	-2.25061
BLOCK29/SES290/SA290S12	SES162	-0.835537	-5.93635	-5.10082
BLOCK29/SES290/SA290S12	SES177	-1.02188	-6.1227	-5.10082
BLOCK29/SES290/SA290S12	SES180	-0.941588	-6.0424	-5.10082
BLOCK29/SES290/SA290S12	SES292	-1.19148	-6.29229	-5.10082
BLOCK29/SES290/SA290S13	SES007	-0.58767	-5.46652	-4.87885
BLOCK29/SES290/SA290S13	SES162	-1.28438	-6.16323	-4.87885
BLOCK29/SES290/SA290S13	SES177	-0.987968	-5.86682	-4.87885
BLOCK29/SES290/SA290S13	SES180	-1.20768	-6.08653	-4.87885
BLOCK29/SES290/SA290S22	SES177	-0.93041	-5.77297	-4.84256
BLOCK29/SES290/SA290S22	SES180	-1.802	-6.64457	-4.84256
BLOCK29/SES290/SA290S22	SES202	-0.520103	-5.36267	-4.84256
BLOCK29/SES290/SA290S22	SES292	-1.16004	-6.00261	-4.84256
BLOCK29/SES290/SA290S25	SES162	-1.41701	-6.97782	-5.56081
BLOCK29/SES290/SA290S25	SES177	-0.842738	-6.40355	-5.56081
BLOCK29/SES290/SA290S25	SES180	-1.75878	-7.31959	-5.56081
BLOCK29/SES290/SA290S25	SES292	-0.824821	-6.38563	-5.56081
BLOCK29/SES290/SA290S29	SES177	-0.488926	-3.29609	-2.80717
BLOCK29/SES290/SA290S29	SES180	-0.275493	-3.08266	-2.80717
BLOCK29/SES290/SA290S29	SES275	-0.102447	-2.90961	-2.80717
BLOCK29/SES290/SA290S29	SES292	-0.70607	-3.51324	-2.80717
BLOCK29/SES291/SA291S11	SES105	-1.11387	-8.08661	-6.97273
BLOCK29/SES291/SA291S11	SES125	-0.995727	-7.96846	-6.97273
BLOCK29/SES291/SA291S11	SES158	-1.21513	-8.18786	-6.97273
BLOCK29/SES291/SA291S11	SES275	-1.23202	-8.20475	-6.97273
BLOCK29/SES291/SA291S12	SES158	0.509058	-7.81075	-8.31981
BLOCK29/SES291/SA291S12	SES226	-2.28909	-10.6089	-8.31981
BLOCK29/SES291/SA291S12	SES270	-1.0799	-9.3997	-8.31981
BLOCK29/SES291/SA291S12	SES275	-3.17601	-11.4958	-8.31981
BLOCK29/SES291/SA291S22	SES082	-0.87731	-6.42129	-5.54398
BLOCK29/SES291/SA291S22	SES158	-0.555065	-6.09905	-5.54398
BLOCK29/SES291/SA291S22	SES259	-0.866655	-6.41064	-5.54398
BLOCK29/SES291/SA291S22	SES275	-2.11355	-7.65753	-5.54398
BLOCK29/SES291/SA291S24	SES104	-0.688327	-7.12621	-6.43788
BLOCK29/SES291/SA291S24	SES125	-0.670635	-7.10851	-6.43788
BLOCK29/SES291/SA291S24	SES158	-0.226349	-6.66423	-6.43788
BLOCK29/SES291/SA291S24	SES275	-2.46911	-8.90699	-6.43788
BLOCK29/SES291/SA291S27	SES158	-0.524802	-4.94118	-4.41638
BLOCK29/SES291/SA291S27	SES172	-2.35398	-6.77037	-4.41638
BLOCK29/SES291/SA291S27	SES275	-1.76031	-6.17669	-4.41638
BLOCK29/SES291/SA291S27	SES292	-1.06686	-5.48324	-4.41638
