spk_ver/v00/v0000	SES146	1.21151	20.6916	19.4801
spk_ver/v00/v0001	SES002	-8.46343	12.0052	20.4686
spk_ver/v00/v0002	SES002	-7.42529	12.2396	19.6649
spk_ver/v00/v0003	SES002	-13.335	6.93482	20.2698
spk_ver/v00/v0004	SES002	-3.42197	16.3293	19.7513
spk_ver/v00/v0005	SES002	-4.30709	14.0027	18.3098
spk_ver/v00/v0006	SES002	-6.36495	15.5346	21.8996
spk_ver/v00/v0007	SES002	-6.58085	12.4818	19.0626
spk_ver/v00/v0008	SES146	0.726103	20.2495	19.5234
spk_ver/v00/v0009	SES002	-2.21326	19.9318	22.1451
spk_ver/v00/v0010	SES002	-5.42608	13.3152	18.7412
spk_ver/v00/v0011	SES002	-2.48615	16.2631	18.7493
spk_ver/v00/v0012	SES002	-5.47742	17.1113	22.5888
spk_ver/v00/v0013	SES002	-4.90695	17.1741	22.0811
spk_ver/v00/v0014	SES002	-2.47158	18.6526	21.1242
spk_ver/v00/v0015	SES002	-3.45727	17.4697	20.927
spk_ver/v00/v0016	SES275	0.85132	20.0505	19.1992
spk_ver/v00/v0017	SES002	-1.89341	21.0058	22.8992
spk_ver/v00/v0018	SES002	-13.6081	5.69215	19.3002
spk_ver/v00/v0019	SES002	-2.91058	17.2979	20.2084
spk_ver/v00/v0020	SES002	-12.0015	7.13806	19.1395
spk_ver/v00/v0021	SES002	-7.54322	12.1007	19.6439
spk_ver/v00/v0022	SES002	-3.45634	17.9037	21.36
spk_ver/v00/v0023	SES002	-7.75609	15.3295	23.0856
spk_ver/v00/v0024	SES002	-10.1584	9.36025	19.5187
spk_ver/v00/v0025	SES002	-10.4555	10.8439	21.2994
spk_ver/v00/v0026	SES002	-5.21181	14.871	20.0829
spk_ver/v00/v0027	SES129	1.78288	22.1166	20.3337
spk_ver/v00/v0028	SES007	-2.87235	18.6464	21.5187
spk_ver/v00/v0029	SES083	-0.0770283	21.8358	21.9129
spk_ver/v00/v0030	SES019	2.82141	22.8325	20.0111
spk_ver/v00/v0031	SES007	-2.91836	16.6836	19.602
spk_ver/v00/v0032	SES270	1.51294	22.3305	20.8176
spk_ver/v00/v0033	SES007	-3.06396	17.9561	21.0201
spk_ver/v00/v0034	SES007	-3.75963	16.3442	20.1039
spk_ver/v00/v0035	SES007	-1.36966	20.1765	21.5462
spk_ver/v00/v0036	SES007	-2.56851	15.4862	18.0547
spk_ver/v00/v0037	SES007	-4.36959	18.1661	22.5357
spk_ver/v00/v0038	SES259	2.98243	24.858	21.8756
spk_ver/v00/v0039	SES007	-3.40038	13.7342	17.1346
spk_ver/v00/v0040	SES007	-4.62788	19.1429	23.7708
spk_ver/v00/v0041	SES007	-2.60754	18.5639	21.1715
spk_ver/v00/v0042	SES007	-2.93091	15.2783	18.2092
spk_ver/v00/v0043	SES007	-1.2465	18.1668	19.4133
spk_ver/v00/v0044	SES007	-3.53274	20.3916	23.9243
spk_ver/v00/v0045	SES007	-2.22671	20.2559	22.4826
spk_ver/v00/v0046	SES007	-1.86455	19.4859	21.3504
spk_ver/v00/v0047	SES172	0.0823956	21.6886	21.6062
spk_ver/v00/v0048	SES105	1.32338	21.2824	19.959
spk_ver/v00/v0049	SES007	-1.76159	20.3563	22.1179
spk_ver/v00/v0050	SES292	-0.321377	20.5028	20.8241
spk_ver/v00/v0051	SES007	-1.97298	18.5518	20.5248
spk_ver/v00/v0052	SES068	1.21582	23.3477	22.1319
spk_ver/v00/v0053	SES008	-1.64641	20.3833	22.0297
spk_ver/v00/v0054	SES008	-6.63517	12.5775	19.2127
spk_ver/v00/v0055	SES008	-2.37319	18.7466	21.1198
spk_ver/v00/v0056	SES008	-5.98087	15.0429	21.0237
spk_ver/v00/v0057	SES008	-4.56947	16.5691	21.1386
spk_ver/v00/v0058	SES083	0.670351	22.5957	21.9253
spk_ver/v00/v0059	SES158	2.3836	22.9558	20.5722
spk_ver/v00/v0060	SES008	-3.85457	15.6996	19.5542
spk_ver/v00/v0061	SES101	0.171227	21.81	21.6388
spk_ver/v00/v0062	SES008	-4.14815	15.9984	20.1465
spk_ver/v00/v0063	SES008	-3.41638	17.6017	21.0181
spk_ver/v00/v0064	SES117	1.12403	20.9785	19.8545
spk_ver/v00/v0065	SES149	2.15875	24.469	22.3102
spk_ver/v00/v0066	SES008	-0.601763	21.1554	21.7571
spk_ver/v00/v0067	SES008	-2.84513	16.3105	19.1556
spk_ver/v00/v0068	SES162	0.809366	21.0913	20.2819
spk_ver/v00/v0069	SES008	-7.09875	14.8708	21.9695
spk_ver/v00/v0070	SES008	-1.46891	19.3425	20.8114
spk_ver/v00/v0071	SES008	-4.36568	17.1268	21.4925
spk_ver/v00/v0072	SES008	-1.85964	20.917	22.7767
spk_ver/v00/v0073	SES008	-2.54219	19.4783	22.0205
spk_ver/v00/v0074	SES008	-4.25851	15.5504	19.8089
spk_ver/v00/v0075	SES008	-7.42319	12.053	19.4761
spk_ver/v00/v0076	SES167	1.66145	22.0291	20.3677
spk_ver/v00/v0077	SES008	-2.32294	19.7523	22.0752
spk_ver/v00/v0078	SES177	0.764936	22.427	21.6621
spk_ver/v00/v0079	SES008	-2.54399	18.5421	21.0861
spk_ver/v00/v0080	SES008	-3.5248	16.9187	20.4435
spk_ver/v00/v0081	SES008	-5.63742	12.6712	18.3086
spk_ver/v00/v0082	SES008	-3.31441	17.8794	21.1938
spk_ver/v00/v0083	SES008	-5.87514	12.329	18.2042
spk_ver/v00/v0084	SES144	1.42313	22.1223	20.6992
spk_ver/v00/v0085	SES008	-3.12094	18.1009	21.2219
spk_ver/v00/v0086	SES008	-2.89217	19.9038	22.796
spk_ver/v00/v0087	SES008	-6.06316	14.2333	20.2964
spk_ver/v00/v0088	SES008	-3.71324	19.1735	22.8867
spk_ver/v00/v0089	SES008	-1.79386	16.9401	18.7339
spk_ver/v00/v0090	SES142	1.70858	21.9751	20.2665
spk_ver/v00/v0091	SES008	-5.39986	16.84	22.2399
spk_ver/v00/v0092	SES158	1.69341	21.1839	19.4905
spk_ver/v00/v0093	SES014	-3.41789	18.3901	21.808
spk_ver/v00/v0094	SES014	-5.54142	12.4398	17.9812
spk_ver/v00/v0095	SES014	-1.99792	21.497	23.4949
spk_ver/v00/v0096	SES014	-10.9174	9.24339	20.1608
spk_ver/v00/v0097	SES014	-2.92617	16.8662	19.7924
spk_ver/v00/v0098	SES014	-3.60337	18.4435	22.0469
spk_ver/v00/v0099	SES014	-5.12134	14.1859	19.3072
spk_ver/v01/v0100	SES127	0.225325	21.1649	20.9396
spk_ver/v01/v0101	SES014	-9.38534	8.89288	18.2782
spk_ver/v01/v0102	SES014	-12.6089	6.61729	19.2262
spk_ver/v01/v0103	SES014	-7.41793	12.1115	19.5294
spk_ver/v01/v0104	SES014	-10.4751	9.64391	20.119
spk_ver/v01/v0105	SES014	-5.43849	12.9951	18.4336
spk_ver/v01/v0106	SES014	-4.84825	15.2481	20.0963
spk_ver/v01/v0107	SES014	-8.91576	13.4319	22.3477
spk_ver/v01/v0108	SES014	-13.9697	6.55176	20.5215
spk_ver/v01/v0109	SES014	-6.43028	11.6951	18.1254
spk_ver/v01/v0110	SES014	-5.3508	13.9323	19.2831
spk_ver/v01/v0111	SES014	-2.19536	20.6999	22.8953
spk_ver/v01/v0112	SES014	-8.787	13.5165	22.3035
spk_ver/v01/v0113	SES104	0.84852	22.3838	21.5353
spk_ver/v01/v0114	SES082	1.21109	23.689	22.4779
spk_ver/v01/v0115	SES087	1.45828	22.338	20.8797
spk_ver/v01/v0116	SES014	-3.03054	17.0855	20.116
spk_ver/v01/v0117	SES177	0.223927	21.1968	20.9729
spk_ver/v01/v0118	SES014	-9.17262	9.77229	18.9449
spk_ver/v01/v0119	SES014	-2.3101	19.0057	21.3158
spk_ver/v01/v0120	SES014	-15.5911	4.83097	20.4221
spk_ver/v01/v0121	SES146	0.357273	20.5704	20.2131
spk_ver/v01/v0122	SES014	3.14221	26.0225	22.8803
spk_ver/v01/v0123	SES014	-3.26531	18.7447	22.01
spk_ver/v01/v0124	SES014	-14.2556	6.60361	20.8592
spk_ver/v01/v0125	SES014	-7.64137	12.5127	20.154
spk_ver/v01/v0126	SES016	-2.76611	17.1873	19.9534
spk_ver/v01/v0127	SES016	-4.00052	13.9326	17.9331
spk_ver/v01/v0128	SES106	3.26341	24.069	20.8056
spk_ver/v01/v0129	SES016	-3.81042	17.7715	21.5819
spk_ver/v01/v0130	SES016	-3.40308	17.2979	20.7009
spk_ver/v01/v0131	SES016	-4.41213	15.5647	19.9769
spk_ver/v01/v0132	SES016	-2.96479	18.125	21.0898
spk_ver/v01/v0133	SES016	-3.08654	18.8753	21.9618
spk_ver/v01/v0134	SES016	-2.53781	19.3668	21.9046
spk_ver/v01/v0135	SES016	-5.85247	15.137	20.9895
spk_ver/v01/v0136	SES016	-5.12941	14.9507	20.0801
spk_ver/v01/v0137	SES007	0.779751	20.5886	19.8088
spk_ver/v01/v0138	SES016	-1.86236	19.2538	21.1161
spk_ver/v01/v0139	SES016	-2.28398	19.3421	21.6261
spk_ver/v01/v0140	SES016	1.37522	23.1115	21.7363
spk_ver/v01/v0141	SES016	-6.85512	10.3353	17.1904
spk_ver/v01/v0142	SES016	-6.44398	15.4495	21.8935
spk_ver/v01/v0143	SES016	-4.95374	13.3574	18.3111
spk_ver/v01/v0144	SES016	-4.44677	17.2797	21.7265
spk_ver/v01/v0145	SES016	-6.77593	11.7084	18.4843
spk_ver/v01/v0146	SES016	-2.18926	19.025	21.2143
spk_ver/v01/v0147	SES016	-1.75429	19.843	21.5972
spk_ver/v01/v0148	SES127	0.52084	21.507	20.9861
spk_ver/v01/v0149	SES016	-3.54483	17.2599	20.8047
spk_ver/v01/v0150	SES016	-2.82799	17.6068	20.4348
spk_ver/v01/v0151	SES147	0.897781	19.3139	18.4161
spk_ver/v01/v0152	SES016	-2.60552	18.0361	20.6416
spk_ver/v01/v0153	SES104	1.91199	24.7855	22.8735
spk_ver/v01/v0154	SES016	-4.28984	15.6285	19.9183
spk_ver/v01/v0155	SES016	-2.58496	16.8696	19.4545
spk_ver/v01/v0156	SES019	-0.897133	18.7925	19.6896
spk_ver/v01/v0157	SES019	-3.92989	18.7076	22.6375
spk_ver/v01/v0158	SES019	-0.538813	20.9735	21.5123
spk_ver/v01/v0159	SES007	0.55089	21.4032	20.8523
spk_ver/v01/v0160	SES019	-2.45994	19.3912	21.8511
spk_ver/v01/v0161	SES019	-3.54833	16.5146	20.0629
spk_ver/v01/v0162	SES019	-5.00991	17.1132	22.1231
spk_ver/v01/v0163	SES189	1.21773	20.5609	19.3432
spk_ver/v01/v0164	SES019	-2.35108	19.4574	21.8084
spk_ver/v01/v0165	SES019	-0.904285	18.9436	19.8479
spk_ver/v01/v0166	SES019	-6.40067	16.0595	22.4602
spk_ver/v01/v0167	SES019	-5.86108	13.7814	19.6425
spk_ver/v01/v0168	SES019	-2.18091	14.0943	16.2752
spk_ver/v01/v0169	SES019	-5.28003	13.34	18.62
spk_ver/v01/v0170	SES270	1.09803	21.9724	20.8744
spk_ver/v01/v0171	SES019	-2.6097	17.544	20.1537
spk_ver/v01/v0172	SES019	-7.50382	12.4272	19.931
spk_ver/v01/v0173	SES206	1.78051	23.2647	21.4842
spk_ver/v01/v0174	SES019	-3.0029	17.7282	20.7311
spk_ver/v01/v0175	SES014	2.83066	25.5327	22.7021
spk_ver/v01/v0176	SES019	-5.38964	16.0575	21.4471
spk_ver/v01/v0177	SES120	1.25022	20.7897	19.5395
spk_ver/v01/v0178	SES019	-1.99712	16.8065	18.8036
spk_ver/v01/v0179	SES019	-7.46654	16.2375	23.704
spk_ver/v01/v0180	SES175	0.838583	21.3786	20.54
spk_ver/v01/v0181	SES019	-6.01801	13.0561	19.0741
spk_ver/v01/v0182	SES019	-5.11363	17.0092	22.1228
spk_ver/v01/v0183	SES029	-2.81073	17.7956	20.6063
spk_ver/v01/v0184	SES029	-8.25394	13.6405	21.8945
spk_ver/v01/v0185	SES029	-2.71396	19.2233	21.9372
spk_ver/v01/v0186	SES068	1.51854	23.8891	22.3705
spk_ver/v01/v0187	SES029	-4.45156	16.9302	21.3817
spk_ver/v01/v0188	SES029	-3.23013	18.9478	22.1779
spk_ver/v01/v0189	SES149	2.98588	24.7344	21.7485
spk_ver/v01/v0190	SES029	-3.72277	18.8412	22.5639
spk_ver/v01/v0191	SES029	-3.95649	16.6248	20.5812
spk_ver/v01/v0192	SES183	1.20511	22.9055	21.7004
spk_ver/v01/v0193	SES029	-2.88379	17.9411	20.8249
spk_ver/v01/v0194	SES016	1.54295	23.2389	21.696
spk_ver/v01/v0195	SES029	-3.09809	17.8516	20.9497
spk_ver/v01/v0196	SES029	-2.02822	18.4258	20.454
spk_ver/v01/v0197	SES029	-4.51954	18.1601	22.6797
spk_ver/v01/v0198	SES146	0.982943	20.5605	19.5775
spk_ver/v01/v0199	SES029	-4.44121	13.2477	17.689
spk_ver/v02/v0200	SES029	-3.1678	18.0807	21.2485
spk_ver/v02/v0201	SES068	1.17017	23.4626	22.2925
spk_ver/v02/v0202	SES148	2.19225	21.5131	19.3209
spk_ver/v02/v0203	SES029	-3.64796	17.5508	21.1988
spk_ver/v02/v0204	SES029	-1.57882	19.0724	20.6513
spk_ver/v02/v0205	SES060	1.12415	24.3533	23.2291
spk_ver/v02/v0206	SES127	1.68655	23.4345	21.748
spk_ver/v02/v0207	SES029	-4.38232	16.8699	21.2522
spk_ver/v02/v0208	SES048	2.0275	21.4829	19.4554
spk_ver/v02/v0209	SES029	-2.46725	18.9924	21.4596
spk_ver/v02/v0210	SES029	-3.14074	17.0967	20.2375
spk_ver/v02/v0211	SES029	-4.12509	17.7611	21.8862
spk_ver/v02/v0212	SES042	-8.17297	11.9262	20.0991
spk_ver/v02/v0213	SES085	1.28836	22.1679	20.8796
spk_ver/v02/v0214	SES206	2.168	24.8567	22.6887
spk_ver/v02/v0215	SES144	0.614691	21.1781	20.5634
spk_ver/v02/v0216	SES042	-3.47649	17.9091	21.3856
spk_ver/v02/v0217	SES042	-2.10776	12.1488	14.2565
spk_ver/v02/v0218	SES042	-2.51655	19.4232	21.9398
spk_ver/v02/v0219	SES206	1.66952	25.2455	23.576
spk_ver/v02/v0220	SES019	4.31872	24.6037	20.285
spk_ver/v02/v0221	SES007	0.51059	21.1741	20.6635
spk_ver/v02/v0222	SES042	-8.811	11.2377	20.0487
spk_ver/v02/v0223	SES147	1.24808	20.2948	19.0468
spk_ver/v02/v0224	SES105	1.6073	21.4237	19.8164
spk_ver/v02/v0225	SES042	-2.36844	18.8421	21.2106
spk_ver/v02/v0226	SES275	1.24784	21.3358	20.0879
spk_ver/v02/v0227	SES042	-4.61644	15.1477	19.7641
spk_ver/v02/v0228	SES042	-5.90258	15.9436	21.8461
spk_ver/v02/v0229	SES042	-7.04062	15.1881	22.2288
spk_ver/v02/v0230	SES085	0.71743	23.6977	22.9803
spk_ver/v02/v0231	SES014	2.93933	26.2615	23.3222
spk_ver/v02/v0232	SES042	-1.64115	20.3261	21.9673
spk_ver/v02/v0233	SES048	-5.08736	16.6135	21.7009
spk_ver/v02/v0234	SES048	-8.77998	11.9645	20.7445
spk_ver/v02/v0235	SES029	0.774546	22.9672	22.1927
spk_ver/v02/v0236	SES048	-3.89766	17.7401	21.6377
spk_ver/v02/v0237	SES048	-4.89001	15.4148	20.3048
spk_ver/v02/v0238	SES048	-3.82121	17.2386	21.0598
spk_ver/v02/v0239	SES060	1.10427	22.7403	21.636
spk_ver/v02/v0240	SES048	-7.61468	12.4043	20.019
spk_ver/v02/v0241	SES048	-6.23152	15.3409	21.5725
spk_ver/v02/v0242	SES189	2.57678	21.3876	18.8108
spk_ver/v02/v0243	SES162	0.988766	21.3476	20.3589
spk_ver/v02/v0244	SES048	-6.08171	16.6493	22.731
spk_ver/v02/v0245	SES048	-4.99395	15.1546	20.1486
spk_ver/v02/v0246	SES048	-4.44874	17.1667	21.6154
spk_ver/v02/v0247	SES048	-5.62699	13.3115	18.9384
spk_ver/v02/v0248	SES226	3.19618	24.7213	21.5251
spk_ver/v02/v0249	SES048	-3.65732	16.4416	20.099
spk_ver/v02/v0250	SES048	-3.10315	17.3621	20.4652
spk_ver/v02/v0251	SES048	-6.06528	14.01	20.0753
spk_ver/v02/v0252	SES060	-8.12665	10.8441	18.9708
spk_ver/v02/v0253	SES060	-6.23872	14.6095	20.8482
spk_ver/v02/v0254	SES259	2.92983	24.9715	22.0417
spk_ver/v02/v0255	SES060	-6.28992	12.8305	19.1204
spk_ver/v02/v0256	SES202	0.585587	20.3773	19.7917
spk_ver/v02/v0257	SES148	1.18428	22.3506	21.1663
spk_ver/v02/v0258	SES060	-4.37676	12.7681	17.1448
spk_ver/v02/v0259	SES060	-2.0929	19.4012	21.4941
spk_ver/v02/v0260	SES060	-3.32057	18.3252	21.6457
spk_ver/v02/v0261	SES099	3.12536	24.6265	21.5011
spk_ver/v02/v0262	SES060	-4.16747	16.8583	21.0258
spk_ver/v02/v0263	SES060	-2.79948	19.8582	22.6577
spk_ver/v02/v0264	SES292	0.316578	21.2193	20.9027
spk_ver/v02/v0265	SES060	-1.45521	18.754	20.2092
spk_ver/v02/v0266	SES060	-7.16459	12.8562	20.0208
spk_ver/v02/v0267	SES060	-5.48459	13.9003	19.3849
spk_ver/v02/v0268	SES060	-6.35067	11.5591	17.9097
spk_ver/v02/v0269	SES127	1.13843	23.1869	22.0485
spk_ver/v02/v0270	SES060	-4.12321	16.9899	21.1131
spk_ver/v02/v0271	SES060	-1.41905	20.3817	21.8007
spk_ver/v02/v0272	SES060	-5.29698	13.6553	18.9523
spk_ver/v02/v0273	SES087	1.89686	23.1136	21.2167
spk_ver/v02/v0274	SES146	0.660734	19.9978	19.337
spk_ver/v02/v0275	SES060	-4.51025	14.7761	19.2863
spk_ver/v02/v0276	SES002	2.94699	24.3672	21.4202
spk_ver/v02/v0277	SES060	-1.81528	19.7047	21.5199
spk_ver/v02/v0278	SES060	-5.13449	14.586	19.7205
spk_ver/v02/v0279	SES060	-5.88579	15.6873	21.5731
spk_ver/v02/v0280	SES129	2.5986	23.054	20.4554
spk_ver/v02/v0281	SES162	1.27276	21.6167	20.3439
spk_ver/v02/v0282	SES060	-3.40746	16.9616	20.369
spk_ver/v02/v0283	SES060	-4.70616	17.2992	22.0054
spk_ver/v02/v0284	SES062	-5.68893	11.7361	17.425
spk_ver/v02/v0285	SES062	-5.35524	14.829	20.1843
spk_ver/v02/v0286	SES120	0.199017	19.4292	19.2302
spk_ver/v02/v0287	SES062	-4.00082	16.7411	20.7419
spk_ver/v02/v0288	SES062	-4.38356	16.4843	20.8678
spk_ver/v02/v0289	SES062	-3.85319	17.4635	21.3167
spk_ver/v02/v0290	SES062	-3.27952	18.9269	22.2064
spk_ver/v02/v0291	SES275	0.368916	20.302	19.9331
spk_ver/v02/v0292	SES062	-4.69058	15.44	20.1306
spk_ver/v02/v0293	SES062	-9.45795	11.7565	21.2145
spk_ver/v02/v0294	SES062	-4.01205	18.0111	22.0231
spk_ver/v02/v0295	SES062	-2.67327	16.798	19.4713
spk_ver/v02/v0296	SES062	-4.41078	16.344	20.7548
spk_ver/v02/v0297	SES062	-5.8906	14.0071	19.8977
spk_ver/v02/v0298	SES062	-2.69029	17.2672	19.9575
spk_ver/v02/v0299	SES062	-2.44694	19.0062	21.4531
spk_ver/v03/v0300	SES062	-7.4132	13.0602	20.4734
spk_ver/v03/v0301	SES062	-2.7909	18.3547	21.1456
spk_ver/v03/v0302	SES172	0.277573	23.3196	23.042
spk_ver/v03/v0303	SES062	-2.20382	18.6629	20.8667
spk_ver/v03/v0304	SES062	-3.54018	16.8237	20.3638
spk_ver/v03/v0305	SES062	-2.87026	18.3796	21.2499
spk_ver/v03/v0306	SES062	-6.24587	12.8648	19.1106
spk_ver/v03/v0307	SES062	-3.30049	18.1907	21.4912
spk_ver/v03/v0308	SES062	-5.76041	14.2645	20.0249
spk_ver/v03/v0309	SES062	-2.69621	15.3369	18.0331
spk_ver/v03/v0310	SES125	1.56546	24.1433	22.5778
spk_ver/v03/v0311	SES062	-1.87015	19.4866	21.3568
spk_ver/v03/v0312	SES062	-6.85805	12.4602	19.3183
spk_ver/v03/v0313	SES062	-2.45926	17.8463	20.3056
spk_ver/v03/v0314	SES068	-3.23964	17.6463	20.8859
spk_ver/v03/v0315	SES068	-3.31156	18.023	21.3346
spk_ver/v03/v0316	SES068	-6.71764	13.4276	20.1453
spk_ver/v03/v0317	SES068	-2.07285	17.5319	19.6047
spk_ver/v03/v0318	SES068	-4.20809	18.9307	23.1388
spk_ver/v03/v0319	SES068	-8.20217	12.207	20.4091
spk_ver/v03/v0320	SES068	-1.79537	19.4833	21.2787
spk_ver/v03/v0321	SES068	-1.92422	17.3158	19.24
spk_ver/v03/v0322	SES068	-1.65803	18.2116	19.8696
spk_ver/v03/v0323	SES068	-2.61999	19.1525	21.7725
spk_ver/v03/v0324	SES144	0.305126	18.663	18.3579
spk_ver/v03/v0325	SES068	-3.60535	17.4357	21.041
spk_ver/v03/v0326	SES068	-0.793253	20.974	21.7672
spk_ver/v03/v0327	SES068	-2.25467	19.0865	21.3412
spk_ver/v03/v0328	SES068	-6.2326	13.3723	19.6049
spk_ver/v03/v0329	SES068	-2.87856	18.2349	21.1134
spk_ver/v03/v0330	SES180	-0.458849	19.9154	20.3742
spk_ver/v03/v0331	SES068	-1.34403	19.698	21.042
spk_ver/v03/v0332	SES275	1.39681	22.0409	20.6441
spk_ver/v03/v0333	SES062	1.65547	25.4578	23.8024
spk_ver/v03/v0334	SES270	1.65969	21.8494	20.1897
spk_ver/v03/v0335	SES068	-7.51605	10.7751	18.2911
spk_ver/v03/v0336	SES068	-1.66588	21.8094	23.4753
spk_ver/v03/v0337	SES068	-2.15026	17.7369	19.8872
spk_ver/v03/v0338	SES068	-3.72689	15.5422	19.2691
spk_ver/v03/v0339	SES068	-1.38775	19.2511	20.6388
spk_ver/v03/v0340	SES068	-4.3893	14.9697	19.359
spk_ver/v03/v0341	SES016	1.17603	24.3766	23.2006
spk_ver/v03/v0342	SES068	-4.25207	15.2052	19.4573
spk_ver/v03/v0343	SES068	-2.39534	17.0352	19.4305
spk_ver/v03/v0344	SES125	1.88996	23.1944	21.3044
spk_ver/v03/v0345	SES187	1.12956	22.5388	21.4092
spk_ver/v03/v0346	SES068	-4.25715	17.1623	21.4194
spk_ver/v03/v0347	SES143	1.09825	20.8337	19.7355
spk_ver/v03/v0348	SES292	0.987768	22.2467	21.2589
spk_ver/v03/v0349	SES082	-5.6025	15.9802	21.5827
spk_ver/v03/v0350	SES101	0.834503	22.6787	21.8442
spk_ver/v03/v0351	SES082	-0.696697	20.4534	21.1501
spk_ver/v03/v0352	SES082	-2.60549	15.765	18.3705
spk_ver/v03/v0353	SES082	-4.72293	15.9736	20.6965
spk_ver/v03/v0354	SES082	-10.9567	8.39234	19.349
spk_ver/v03/v0355	SES083	0.665274	23.1771	22.5118
spk_ver/v03/v0356	SES082	-3.43077	16.3619	19.7926
spk_ver/v03/v0357	SES082	-7.07467	13.4485	20.5232
spk_ver/v03/v0358	SES082	-1.28154	19.1919	20.4735
spk_ver/v03/v0359	SES117	1.02702	18.3339	17.3069
spk_ver/v03/v0360	SES082	-7.18194	14.4298	21.6118
spk_ver/v03/v0361	SES082	-2.45549	17.7915	20.247
spk_ver/v03/v0362	SES007	0.715759	20.9751	20.2593
spk_ver/v03/v0363	SES082	-2.99416	17.5523	20.5464
spk_ver/v03/v0364	SES019	3.0255	23.5602	20.5347
spk_ver/v03/v0365	SES082	-0.795567	19.239	20.0346
spk_ver/v03/v0366	SES226	2.36456	23.3077	20.9432
spk_ver/v03/v0367	SES167	1.51531	23.1695	21.6542
spk_ver/v03/v0368	SES082	-3.54759	18.4782	22.0257
spk_ver/v03/v0369	SES042	3.92534	26.3928	22.4674
spk_ver/v03/v0370	SES042	3.15373	25.3026	22.1489
spk_ver/v03/v0371	SES082	-7.85491	13.2441	21.099
spk_ver/v03/v0372	SES082	-1.99464	20.9762	22.9708
spk_ver/v03/v0373	SES082	-9.23919	12.4878	21.727
spk_ver/v03/v0374	SES083	-1.99651	21.23	23.2265
spk_ver/v03/v0375	SES292	0.360811	21.1057	20.7449
spk_ver/v03/v0376	SES083	-3.49701	18.5812	22.0782
spk_ver/v03/v0377	SES083	-5.10446	16.0061	21.1106
spk_ver/v03/v0378	SES083	-3.43744	16.6589	20.0963
spk_ver/v03/v0379	SES083	-2.10517	18.0907	20.1959
spk_ver/v03/v0380	SES083	-4.75819	15.597	20.3552
spk_ver/v03/v0381	SES083	-3.51634	17.259	20.7753
spk_ver/v03/v0382	SES148	0.145855	22.2279	22.082
spk_ver/v03/v0383	SES083	-1.1306	20.9222	22.0528
spk_ver/v03/v0384	SES226	2.25952	23.1896	20.93
spk_ver/v03/v0385	SES226	2.56435	24.3281	21.7638
spk_ver/v03/v0386	SES087	1.84857	22.3559	20.5073
spk_ver/v03/v0387	SES029	1.1501	22.1243	20.9742
spk_ver/v03/v0388	SES147	1.46368	20.7502	19.2865
spk_ver/v03/v0389	SES083	-4.89332	14.9665	19.8598
spk_ver/v03/v0390	SES189	1.93195	21.667	19.7351
spk_ver/v03/v0391	SES083	-2.01338	19.6754	21.6888
spk_ver/v03/v0392	SES083	-1.26039	20.5832	21.8436
spk_ver/v03/v0393	SES083	-3.38276	17.4	20.7827
spk_ver/v03/v0394	SES083	-3.77678	16.2831	20.0598
spk_ver/v03/v0395	SES083	-1.55798	20.9256	22.4835
spk_ver/v03/v0396	SES014	3.67414	27.4048	23.7307
spk_ver/v03/v0397	SES085	-0.484854	23.899	24.3839
spk_ver/v03/v0398	SES085	-2.08722	20.3569	22.4441
spk_ver/v03/v0399	SES085	-3.30285	18.1272	21.4301
spk_ver/v04/v0400	SES106	2.27087	24.1664	21.8955
spk_ver/v04/v0401	SES085	-4.3775	16.5146	20.8921
spk_ver/v04/v0402	SES085	-7.80128	8.58588	16.3872
spk_ver/v04/v0403	SES085	-0.919487	20.2951	21.2146
spk_ver/v04/v0404	SES180	0.849648	22.3191	21.4694
spk_ver/v04/v0405	SES129	1.71285	23.4775	21.7646
spk_ver/v04/v0406	SES085	-5.40261	16.2476	21.6503
spk_ver/v04/v0407	SES146	0.642988	19.5338	18.8908
spk_ver/v04/v0408	SES085	-1.19046	20.9789	22.1694
spk_ver/v04/v0409	SES085	-3.32715	17.0611	20.3882
spk_ver/v04/v0410	SES085	-4.22232	18.5215	22.7438
spk_ver/v04/v0411	SES292	0.673779	21.0108	20.337
spk_ver/v04/v0412	SES085	-1.92846	20.5596	22.4881
spk_ver/v04/v0413	SES125	2.35028	24.5957	22.2454
spk_ver/v04/v0414	SES085	-4.29571	16.1266	20.4223
spk_ver/v04/v0415	SES085	-2.86969	19.4175	22.2872
spk_ver/v04/v0416	SES085	-1.74009	19.0278	20.7679
spk_ver/v04/v0417	SES062	0.932611	24.1718	23.2392
spk_ver/v04/v0418	SES060	2.08373	23.1462	21.0625
spk_ver/v04/v0419	SES085	-1.64469	20.2835	21.9282
spk_ver/v04/v0420	SES085	-5.47207	17.052	22.524
spk_ver/v04/v0421	SES085	-6.07128	13.3092	19.3805
spk_ver/v04/v0422	SES085	-1.50065	17.8749	19.3756
spk_ver/v04/v0423	SES085	-4.9908	14.8958	19.8866
spk_ver/v04/v0424	SES085	-3.98662	14.3962	18.3829
spk_ver/v04/v0425	SES183	0.906719	20.7493	19.8426
spk_ver/v04/v0426	SES085	-4.3867	16.464	20.8507
spk_ver/v04/v0427	SES087	-2.75494	17.9022	20.6571
spk_ver/v04/v0428	SES162	0.59358	22.1888	21.5952
spk_ver/v04/v0429	SES087	-1.65866	20.1469	21.8056
spk_ver/v04/v0430	SES087	-7.64009	14.3013	21.9414
spk_ver/v04/v0431	SES087	-7.38444	11.9652	19.3496
spk_ver/v04/v0432	SES087	-3.99359	15.8107	19.8043
spk_ver/v04/v0433	SES087	-4.87012	17.0422	21.9124
spk_ver/v04/v0434	SES142	2.87581	23.3333	20.4574
spk_ver/v04/v0435	SES087	-5.66868	14.7809	20.4496
spk_ver/v04/v0436	SES099	2.52509	24.7906	22.2655
spk_ver/v04/v0437	SES087	-1.83774	20.22	22.0578
spk_ver/v04/v0438	SES087	-8.18365	12.7831	20.9667
spk_ver/v04/v0439	SES087	-1.5399	21.2634	22.8033
spk_ver/v04/v0440	SES087	-3.63469	17.9235	21.5582
spk_ver/v04/v0441	SES087	-7.57127	12.7915	20.3628
spk_ver/v04/v0442	SES187	1.52891	21.7858	20.2569
spk_ver/v04/v0443	SES172	1.73559	23.7108	21.9752
spk_ver/v04/v0444	SES087	-2.83514	16.4218	19.257
spk_ver/v04/v0445	SES087	-2.32	19.8073	22.1273
spk_ver/v04/v0446	SES087	-0.881895	21.003	21.8849
spk_ver/v04/v0447	SES087	-1.18288	20.332	21.5149
spk_ver/v04/v0448	SES106	2.6178	22.4356	19.8177
spk_ver/v04/v0449	SES146	1.06097	20.4422	19.3812
spk_ver/v04/v0450	SES087	-5.66148	13.8126	19.4741
spk_ver/v04/v0451	SES087	-1.65029	19.7426	21.3929
spk_ver/v04/v0452	SES007	1.62386	21.3991	19.7752
spk_ver/v04/v0453	SES087	-2.71803	17.9683	20.6863
spk_ver/v04/v0454	SES087	-7.26384	13.7587	21.0226
spk_ver/v04/v0455	SES180	0.320927	21.4273	21.1064
spk_ver/v04/v0456	SES099	-7.05747	13.7068	20.7643
spk_ver/v04/v0457	SES042	2.42492	24.3208	21.8958
spk_ver/v04/v0458	SES099	-0.767401	19.6988	20.4662
spk_ver/v04/v0459	SES099	-8.47114	13.5828	22.054
spk_ver/v04/v0460	SES099	-9.94442	9.42795	19.3724
spk_ver/v04/v0461	SES099	-2.65016	19.7867	22.4369
spk_ver/v04/v0462	SES082	2.76312	24.2912	21.528
spk_ver/v04/v0463	SES099	-0.586178	21.0584	21.6446
spk_ver/v04/v0464	SES099	0.586288	22.1589	21.5726
spk_ver/v04/v0465	SES099	-7.24915	13.5067	20.7559
spk_ver/v04/v0466	SES099	-1.03383	20.7562	21.79
spk_ver/v04/v0467	SES099	-0.39864	19.8005	20.1991
spk_ver/v04/v0468	SES129	2.25589	23.6944	21.4386
spk_ver/v04/v0469	SES101	0.377768	21.0921	20.7143
spk_ver/v04/v0470	SES099	-5.53462	14.8278	20.3624
spk_ver/v04/v0471	SES172	1.2071	22.6083	21.4012
spk_ver/v04/v0472	SES099	-0.0586338	20.3159	20.3745
spk_ver/v04/v0473	SES270	3.9069	24.1469	20.24
spk_ver/v04/v0474	SES099	-5.60333	16.2445	21.8479
spk_ver/v04/v0475	SES099	-3.02918	18.7955	21.8247
spk_ver/v04/v0476	SES099	-4.11716	14.1684	18.2856
spk_ver/v04/v0477	SES002	2.66102	25.3793	22.7183
spk_ver/v04/v0478	SES099	-0.473654	21.2346	21.7082
spk_ver/v04/v0479	SES007	-0.723181	19.2219	19.9451
spk_ver/v04/v0480	SES101	-5.97693	16.8391	22.816
spk_ver/v04/v0481	SES101	-4.90878	14.8661	19.7749
spk_ver/v04/v0482	SES175	0.256063	21.434	21.178
spk_ver/v04/v0483	SES101	-4.44836	15.6739	20.1222
spk_ver/v04/v0484	SES101	-5.51892	18.9767	24.4956
spk_ver/v04/v0485	SES101	-3.96895	15.0663	19.0352
spk_ver/v04/v0486	SES101	-2.15648	16.9246	19.0811
spk_ver/v04/v0487	SES101	-3.08246	18.1311	21.2136
spk_ver/v04/v0488	SES101	-7.36526	13.7405	21.1057
spk_ver/v04/v0489	SES147	1.36782	19.0261	17.6583
spk_ver/v04/v0490	SES085	-1.25296	19.0498	20.3028
spk_ver/v04/v0491	SES101	-3.04757	16.0006	19.0482
spk_ver/v04/v0492	SES101	-5.28102	13.0676	18.3486
spk_ver/v04/v0493	SES101	-4.27444	19.0183	23.2928
spk_ver/v04/v0494	SES101	-4.70295	15.8645	20.5674
spk_ver/v04/v0495	SES101	-1.78357	20.92	22.7036
spk_ver/v04/v0496	SES101	-3.94407	17.8775	21.8216
spk_ver/v04/v0497	SES014	2.95413	26.9044	23.9503
spk_ver/v04/v0498	SES101	-3.31648	17.7236	21.0401
spk_ver/v04/v0499	SES101	-3.5035	18.3529	21.8564
spk_ver/v05/v0500	SES085	0.485355	23.7439	23.2585
spk_ver/v05/v0501	SES101	-5.81938	16.4411	22.2605
spk_ver/v05/v0502	SES275	1.12897	20.9783	19.8493
spk_ver/v05/v0503	SES117	1.05609	20.5859	19.5298
spk_ver/v05/v0504	SES101	-5.13903	16.6301	21.7691
spk_ver/v05/v0505	SES101	-3.40463	16.8166	20.2212
spk_ver/v05/v0506	SES101	-3.36549	17.657	21.0225
spk_ver/v05/v0507	SES048	1.09869	23.2913	22.1926
spk_ver/v05/v0508	SES117	0.0345249	18.7522	18.7177
spk_ver/v05/v0509	SES202	2.33946	22.1316	19.7921
spk_ver/v05/v0510	SES104	-2.49077	15.2957	17.7864
spk_ver/v05/v0511	SES008	1.33897	20.4717	19.1328
spk_ver/v05/v0512	SES104	-1.42521	18.5632	19.9884
spk_ver/v05/v0513	SES104	-2.87037	18.8374	21.7078
spk_ver/v05/v0514	SES104	-5.92211	15.8337	21.7558
spk_ver/v05/v0515	SES104	-10.5939	11.1009	21.6948
spk_ver/v05/v0516	SES104	-2.72556	14.5788	17.3043
spk_ver/v05/v0517	SES060	0.974478	24.4113	23.4369
spk_ver/v05/v0518	SES104	-10.8967	8.82199	19.7187
spk_ver/v05/v0519	SES104	-13.3008	6.75344	20.0543
spk_ver/v05/v0520	SES104	-1.10191	22.1749	23.2768
spk_ver/v05/v0521	SES008	1.45006	23.8377	22.3876
spk_ver/v05/v0522	SES068	1.41697	22.8624	21.4454
spk_ver/v05/v0523	SES087	1.9653	23.4576	21.4923
spk_ver/v05/v0524	SES104	-1.69192	18.7018	20.3938
spk_ver/v05/v0525	SES104	-0.969648	20.9109	21.8806
spk_ver/v05/v0526	SES104	-1.80148	19.1386	20.9401
spk_ver/v05/v0527	SES083	0.632502	21.8895	21.257
spk_ver/v05/v0528	SES148	1.99374	21.4216	19.4279
spk_ver/v05/v0529	SES104	-3.87599	16.733	20.609
spk_ver/v05/v0530	SES104	-6.45025	14.3033	20.7536
spk_ver/v05/v0531	SES125	1.56978	23.234	21.6642
spk_ver/v05/v0532	SES104	-12.2543	8.05849	20.3128
spk_ver/v05/v0533	SES149	2.97783	26.0033	23.0255
spk_ver/v05/v0534	SES104	-6.27259	15.0717	21.3443
spk_ver/v05/v0535	SES187	0.814846	21.3084	20.4935
spk_ver/v05/v0536	SES104	-2.3362	19.4769	21.8131
spk_ver/v05/v0537	SES104	-3.14672	16.6605	19.8073
spk_ver/v05/v0538	SES167	1.41048	22.7157	21.3052
spk_ver/v05/v0539	SES104	-1.46672	17.0484	18.5151
spk_ver/v05/v0540	SES104	-7.53396	16.3359	23.8699
spk_ver/v05/v0541	SES183	2.092	20.8447	18.7527
spk_ver/v05/v0542	SES104	-2.31851	17.0485	19.367
spk_ver/v05/v0543	SES104	-7.05238	14.7507	21.8031
spk_ver/v05/v0544	SES105	-4.73703	16.6395	21.3766
spk_ver/v05/v0545	SES105	-3.11234	17.3646	20.477
spk_ver/v05/v0546	SES105	-3.80034	16.8807	20.681
spk_ver/v05/v0547	SES105	-4.60195	15.275	19.877
spk_ver/v05/v0548	SES019	3.67714	23.2637	19.5865
spk_ver/v05/v0549	SES105	-3.17726	17.4463	20.6235
spk_ver/v05/v0550	SES105	-3.96276	14.9789	18.9417
spk_ver/v05/v0551	SES202	2.15761	20.1668	18.0091
spk_ver/v05/v0552	SES105	-4.37804	15.9933	20.3713
spk_ver/v05/v0553	SES105	-1.83663	18.8977	20.7343
spk_ver/v05/v0554	SES105	-2.64443	19.028	21.6724
spk_ver/v05/v0555	SES105	-3.34092	16.0898	19.4307
spk_ver/v05/v0556	SES082	1.24571	23.2099	21.9642
spk_ver/v05/v0557	SES105	-4.85232	17.6338	22.4861
spk_ver/v05/v0558	SES014	2.01556	24.4771	22.4616
spk_ver/v05/v0559	SES105	-2.80515	18.8891	21.6942
spk_ver/v05/v0560	SES177	0.0796356	21.6745	21.5949
spk_ver/v05/v0561	SES189	3.74631	16.7547	13.0084
spk_ver/v05/v0562	SES105	-3.61492	15.3309	18.9459
spk_ver/v05/v0563	SES099	2.60692	22.2624	19.6555
spk_ver/v05/v0564	SES105	-2.62223	19.2491	21.8714
spk_ver/v05/v0565	SES105	-4.08297	16.8376	20.9205
spk_ver/v05/v0566	SES105	-4.48809	14.4966	18.9847
spk_ver/v05/v0567	SES142	2.06648	21.4637	19.3972
spk_ver/v05/v0568	SES048	0.490459	20.6527	20.1623
spk_ver/v05/v0569	SES105	-4.82099	18.0583	22.8793
spk_ver/v05/v0570	SES105	-1.79597	19.1438	20.9397
spk_ver/v05/v0571	SES105	-4.10191	15.9824	20.0843
spk_ver/v05/v0572	SES105	-4.8572	14.1297	18.9869
spk_ver/v05/v0573	SES105	-5.70546	14.572	20.2774
spk_ver/v05/v0574	SES105	-1.4056	19.4969	20.9025
spk_ver/v05/v0575	SES105	-1.09805	20.0989	21.197
spk_ver/v05/v0576	SES106	-6.07501	14.4057	20.4807
spk_ver/v05/v0577	SES106	-6.56281	13.4044	19.9672
spk_ver/v05/v0578	SES106	-5.65517	16.1974	21.8525
spk_ver/v05/v0579	SES106	-6.10989	15.3882	21.4981
spk_ver/v05/v0580	SES106	-2.18338	20.7961	22.9795
spk_ver/v05/v0581	SES106	-9.80906	10.9475	20.7565
spk_ver/v05/v0582	SES106	-2.06874	16.9855	19.0542
spk_ver/v05/v0583	SES106	-1.05688	20.6611	21.7179
spk_ver/v05/v0584	SES106	-5.97605	13.1715	19.1476
spk_ver/v05/v0585	SES106	0.195848	18.3195	18.1237
spk_ver/v05/v0586	SES106	-5.82537	14.5917	20.4171
spk_ver/v05/v0587	SES106	-3.52821	14.8883	18.4165
spk_ver/v05/v0588	SES106	-6.60054	15.1355	21.736
spk_ver/v05/v0589	SES106	-7.3001	15.1249	22.425
spk_ver/v05/v0590	SES082	1.65737	21.819	20.1617
spk_ver/v05/v0591	SES180	0.247772	21.2338	20.9861
spk_ver/v05/v0592	SES106	-2.12729	18.2939	20.4212
spk_ver/v05/v0593	SES106	-10.1973	9.29799	19.4953
spk_ver/v05/v0594	SES292	1.02032	22.5159	21.4956
spk_ver/v05/v0595	SES106	-1.56801	19.9744	21.5424
spk_ver/v05/v0596	SES106	-9.36093	11.8136	21.1745
spk_ver/v05/v0597	SES106	-6.43026	14.1452	20.5755
spk_ver/v05/v0598	SES042	2.24111	23.7646	21.5235
spk_ver/v05/v0599	SES106	-9.01128	10.5016	19.5129
spk_ver/v06/v0600	SES106	0.0160198	19.3671	19.3511
spk_ver/v06/v0601	SES106	-2.23263	17.4431	19.6757
spk_ver/v06/v0602	SES106	-3.99432	16.1965	20.1908
spk_ver/v06/v0603	SES106	-7.35903	13.0344	20.3934
spk_ver/v06/v0604	SES106	-5.33002	15.0946	20.4247
spk_ver/v06/v0605	SES106	-9.36826	10.2416	19.6099
spk_ver/v06/v0606	SES048	2.82288	23.708	20.8852
spk_ver/v06/v0607	SES167	2.74037	24.7359	21.9956
spk_ver/v06/v0608	SES106	-5.86289	14.6361	20.499
spk_ver/v06/v0609	SES143	1.03018	21.9081	20.878
spk_ver/v06/v0610	SES106	-16.1277	2.53522	18.6629
spk_ver/v06/v0611	SES106	-5.51466	14.4323	19.947
spk_ver/v06/v0612	SES106	-9.48996	10.6075	20.0974
spk_ver/v06/v0613	SES117	-0.834261	20.5383	21.3726
spk_ver/v06/v0614	SES117	-4.69264	16.8001	21.4928
spk_ver/v06/v0615	SES117	-1.91822	18.531	20.4492
spk_ver/v06/v0616	SES106	3.03279	26.3593	23.3265
spk_ver/v06/v0617	SES142	2.77048	20.7233	17.9529
spk_ver/v06/v0618	SES048	2.16236	23.7529	21.5905
spk_ver/v06/v0619	SES175	0.354994	20.9955	20.6405
spk_ver/v06/v0620	SES180	0.679625	22.7025	22.0229
spk_ver/v06/v0621	SES117	-1.27875	17.5438	18.8225
spk_ver/v06/v0622	SES029	1.1217	21.68	20.5583
spk_ver/v06/v0623	SES117	-1.55786	19.9334	21.4913
spk_ver/v06/v0624	SES117	-4.47516	15.7597	20.2349
spk_ver/v06/v0625	SES117	-1.37563	18.2159	19.5915
spk_ver/v06/v0626	SES106	2.09102	23.2157	21.1246
spk_ver/v06/v0627	SES226	2.67405	23.945	21.2709
spk_ver/v06/v0628	SES117	-0.247805	21.9307	22.1785
spk_ver/v06/v0629	SES117	-3.68222	18.7183	22.4005
spk_ver/v06/v0630	SES117	-3.54472	15.8887	19.4334
spk_ver/v06/v0631	SES117	-5.42675	12.8887	18.3155
spk_ver/v06/v0632	SES117	-1.84095	19.9849	21.8258
spk_ver/v06/v0633	SES099	3.2824	24.9089	21.6265
spk_ver/v06/v0634	SES105	2.20007	22.1939	19.9938
spk_ver/v06/v0635	SES167	0.728642	22.007	21.2784
spk_ver/v06/v0636	SES117	-0.953068	19.1624	20.1155
spk_ver/v06/v0637	SES202	2.105	21.433	19.328
spk_ver/v06/v0638	SES117	-2.62793	18.4796	21.1075
spk_ver/v06/v0639	SES167	1.41909	21.0409	19.6218
spk_ver/v06/v0640	SES117	-2.47932	18.0385	20.5178
spk_ver/v06/v0641	SES117	-3.81646	17.6083	21.4247
spk_ver/v06/v0642	SES101	0.989882	22.8828	21.893
spk_ver/v06/v0643	SES068	1.28967	23.5153	22.2256
spk_ver/v06/v0644	SES120	-2.98867	16.4977	19.4864
spk_ver/v06/v0645	SES120	-3.74505	15.7266	19.4717
spk_ver/v06/v0646	SES172	0.831015	21.7751	20.9441
spk_ver/v06/v0647	SES120	-3.84482	18.2633	22.1081
spk_ver/v06/v0648	SES120	-0.790758	21.1148	21.9056
spk_ver/v06/v0649	SES120	-2.38386	15.53	17.9138
spk_ver/v06/v0650	SES087	2.25251	23.2382	20.9856
spk_ver/v06/v0651	SES120	-1.86983	18.1914	20.0613
spk_ver/v06/v0652	SES104	0.53903	19.034	18.4949
spk_ver/v06/v0653	SES129	1.64418	23.6825	22.0383
spk_ver/v06/v0654	SES120	-4.25489	15.7631	20.018
spk_ver/v06/v0655	SES120	-1.448	17.3638	18.8118
spk_ver/v06/v0656	SES120	-2.6533	19.0111	21.6644
spk_ver/v06/v0657	SES147	0.541004	19.2543	18.7133
spk_ver/v06/v0658	SES120	-3.1289	17.719	20.8478
spk_ver/v06/v0659	SES120	-2.6368	18.9366	21.5734
spk_ver/v06/v0660	SES120	-1.51507	19.2624	20.7774
spk_ver/v06/v0661	SES120	-2.08785	16.5024	18.5902
spk_ver/v06/v0662	SES120	-2.01654	20.1123	22.1289
spk_ver/v06/v0663	SES120	-4.87433	13.4425	18.3168
spk_ver/v06/v0664	SES147	1.16256	21.4475	20.285
spk_ver/v06/v0665	SES162	1.66573	22.0692	20.4035
spk_ver/v06/v0666	SES120	-2.75624	19.0956	21.8518
spk_ver/v06/v0667	SES120	-0.889683	20.8551	21.7448
spk_ver/v06/v0668	SES120	0.977659	22.0186	21.041
spk_ver/v06/v0669	SES142	2.38302	22.2501	19.8671
spk_ver/v06/v0670	SES106	3.16385	25.539	22.3751
spk_ver/v06/v0671	SES183	1.99576	20.9765	18.9807
spk_ver/v06/v0672	SES120	-1.36384	17.3606	18.7245
spk_ver/v06/v0673	SES029	-0.100908	20.4605	20.5614
spk_ver/v06/v0674	SES120	-2.29939	17.8537	20.1531
spk_ver/v06/v0675	SES008	2.57403	24.2229	21.6489
spk_ver/v06/v0676	SES125	-6.29567	12.5601	18.8558
spk_ver/v06/v0677	SES143	1.05816	20.4921	19.434
spk_ver/v06/v0678	SES125	-8.41138	10.0618	18.4731
spk_ver/v06/v0679	SES162	0.426741	21.264	20.8373
spk_ver/v06/v0680	SES125	-4.6771	15.966	20.6431
spk_ver/v06/v0681	SES125	-2.80593	18.5612	21.3671
spk_ver/v06/v0682	SES125	-5.49081	17.3757	22.8665
spk_ver/v06/v0683	SES226	1.91415	23.0797	21.1655
spk_ver/v06/v0684	SES125	-5.00038	14.0835	19.0839
spk_ver/v06/v0685	SES125	-6.47478	13.2204	19.6951
spk_ver/v06/v0686	SES120	1.02628	21.9138	20.8875
spk_ver/v06/v0687	SES125	-4.50927	13.8315	18.3408
spk_ver/v06/v0688	SES158	2.39217	22.59	20.1978
spk_ver/v06/v0689	SES125	-6.85771	14.5166	21.3743
spk_ver/v06/v0690	SES105	1.81698	21.655	19.838
spk_ver/v06/v0691	SES125	-1.07063	19.8351	20.9057
spk_ver/v06/v0692	SES125	-2.51997	18.9259	21.4459
spk_ver/v06/v0693	SES180	1.67462	22.8839	21.2092
spk_ver/v06/v0694	SES125	-13.5388	7.37176	20.9106
spk_ver/v06/v0695	SES125	-3.50008	17.9941	21.4942
spk_ver/v06/v0696	SES125	-10.5483	11.8883	22.4366
spk_ver/v06/v0697	SES125	-8.09617	11.5789	19.6751
spk_ver/v06/v0698	SES083	0.595787	23.1408	22.545
spk_ver/v06/v0699	SES125	-6.41029	14.4229	20.8332
spk_ver/v07/v0700	SES014	2.84624	26.2885	23.4423
spk_ver/v07/v0701	SES125	-6.19288	16.8515	23.0443
spk_ver/v07/v0702	SES127	-1.32243	20.2587	21.5812
spk_ver/v07/v0703	SES127	-1.4382	17.6419	19.0801
spk_ver/v07/v0704	SES206	2.30531	24.7486	22.4433
spk_ver/v07/v0705	SES127	-3.46366	16.3275	19.7912
spk_ver/v07/v0706	SES127	-3.25341	20.1802	23.4336
spk_ver/v07/v0707	SES127	-4.20044	16.6813	20.8818
spk_ver/v07/v0708	SES275	0.837624	21.7123	20.8747
spk_ver/v07/v0709	SES127	-3.3847	17.6339	21.0186
spk_ver/v07/v0710	SES105	1.48587	21.3441	19.8582
spk_ver/v07/v0711	SES127	-2.43396	16.488	18.922
spk_ver/v07/v0712	SES127	-3.04122	18.0165	21.0577
spk_ver/v07/v0713	SES127	-3.16083	15.4639	18.6248
spk_ver/v07/v0714	SES019	5.12409	24.115	18.9909
spk_ver/v07/v0715	SES127	-5.52454	12.8006	18.3251
spk_ver/v07/v0716	SES148	1.42768	21.2386	19.811
spk_ver/v07/v0717	SES162	1.57757	22.9339	21.3563
spk_ver/v07/v0718	SES189	1.25044	19.5255	18.2751
spk_ver/v07/v0719	SES149	0.871117	23.4036	22.5325
spk_ver/v07/v0720	SES175	1.0163	22.3653	21.349
spk_ver/v07/v0721	SES127	-3.56747	17.345	20.9124
spk_ver/v07/v0722	SES127	-1.18786	19.6008	20.7887
spk_ver/v07/v0723	SES127	-2.86456	18.6761	21.5406
spk_ver/v07/v0724	SES127	-4.41911	17.5292	21.9484
spk_ver/v07/v0725	SES127	-3.13582	16.897	20.0328
spk_ver/v07/v0726	SES259	2.99555	25.0022	22.0067
spk_ver/v07/v0727	SES127	-2.93025	17.7484	20.6786
spk_ver/v07/v0728	SES127	-1.08754	21.8867	22.9742
spk_ver/v07/v0729	SES127	-4.80665	14.4144	19.221
spk_ver/v07/v0730	SES127	-4.32041	15.0234	19.3438
spk_ver/v07/v0731	SES129	-2.30356	20.4875	22.7911
spk_ver/v07/v0732	SES129	-4.36783	15.9665	20.3343
spk_ver/v07/v0733	SES129	-7.80721	11.6016	19.4088
spk_ver/v07/v0734	SES129	-13.0689	6.5674	19.6363
spk_ver/v07/v0735	SES183	1.28646	21.5928	20.3063
spk_ver/v07/v0736	SES129	-5.09837	14.7464	19.8448
spk_ver/v07/v0737	SES129	-3.49172	16.7362	20.2279
spk_ver/v07/v0738	SES129	-6.74666	13.9546	20.7013
spk_ver/v07/v0739	SES129	-6.49657	13.4669	19.9634
spk_ver/v07/v0740	SES167	-0.559429	20.2868	20.8462
spk_ver/v07/v0741	SES129	-4.35803	15.5204	19.8785
spk_ver/v07/v0742	SES129	-4.39201	19.4082	23.8002
spk_ver/v07/v0743	SES129	-3.43311	18.3741	21.8072
spk_ver/v07/v0744	SES129	-9.30975	10.6572	19.9669
spk_ver/v07/v0745	SES180	1.58625	22.6042	21.0179
spk_ver/v07/v0746	SES129	-2.98157	19.6903	22.6718
spk_ver/v07/v0747	SES292	-0.0557308	22.0268	22.0825
spk_ver/v07/v0748	SES202	1.47008	19.6474	18.1773
spk_ver/v07/v0749	SES270	1.70786	23.696	21.9881
spk_ver/v07/v0750	SES129	-4.4589	19.2535	23.7123
spk_ver/v07/v0751	SES129	-5.37362	17.5485	22.9222
spk_ver/v07/v0752	SES060	-0.131041	20.1824	20.3134
spk_ver/v07/v0753	SES129	-7.33682	12.8345	20.1713
spk_ver/v07/v0754	SES129	-18.5801	-0.654383	17.9258
spk_ver/v07/v0755	SES129	-4.55009	16.5929	21.143
spk_ver/v07/v0756	SES175	1.09644	21.4534	20.357
spk_ver/v07/v0757	SES129	-5.23763	14.642	19.8797
spk_ver/v07/v0758	SES129	-6.08206	12.2559	18.3379
spk_ver/v07/v0759	SES129	-4.73972	17.2764	22.0161
spk_ver/v07/v0760	SES129	-4.51288	17.9602	22.4731
spk_ver/v07/v0761	SES129	-4.43634	18.69	23.1264
spk_ver/v07/v0762	SES172	0.552824	22.3537	21.8008
spk_ver/v07/v0763	SES129	-5.00227	13.9564	18.9586
spk_ver/v07/v0764	SES129	-6.57655	15.3148	21.8913
spk_ver/v07/v0765	SES175	0.568031	20.7678	20.1997
spk_ver/v07/v0766	SES129	-3.99101	18.3897	22.3807
spk_ver/v07/v0767	SES129	-3.62474	16.4307	20.0554
spk_ver/v07/v0768	SES042	2.54253	24.2672	21.7247
spk_ver/v07/v0769	SES099	2.18328	23.0213	20.838
spk_ver/v07/v0770	SES142	-3.77242	16.2373	20.0098
spk_ver/v07/v0771	SES142	-3.21634	18.2839	21.5002
spk_ver/v07/v0772	SES101	1.46305	24.0085	22.5455
spk_ver/v07/v0773	SES142	-8.19758	10.2574	18.455
spk_ver/v07/v0774	SES142	-6.0805	12.6419	18.7224
spk_ver/v07/v0775	SES142	-2.81921	18.2442	21.0634
spk_ver/v07/v0776	SES142	-3.65549	19.2693	22.9248
spk_ver/v07/v0777	SES142	-5.72007	13.7125	19.4326
spk_ver/v07/v0778	SES142	-1.79556	16.7498	18.5454
spk_ver/v07/v0779	SES142	-10.9803	10.5388	21.5192
spk_ver/v07/v0780	SES142	-5.70612	11.5538	17.2599
spk_ver/v07/v0781	SES142	-9.19441	11.0987	20.2932
spk_ver/v07/v0782	SES101	1.01999	21.3817	20.3617
spk_ver/v07/v0783	SES142	-4.80826	14.5764	19.3847
spk_ver/v07/v0784	SES187	1.93715	22.0118	20.0746
spk_ver/v07/v0785	SES143	0.824308	19.1373	18.313
spk_ver/v07/v0786	SES142	-6.2093	15.7468	21.9561
spk_ver/v07/v0787	SES144	0.671585	21.6017	20.9301
spk_ver/v07/v0788	SES275	0.803116	20.5364	19.7333
spk_ver/v07/v0789	SES142	-3.99758	17.073	21.0706
spk_ver/v07/v0790	SES099	2.9646	25.3272	22.3626
spk_ver/v07/v0791	SES142	-7.54207	12.8437	20.3857
spk_ver/v07/v0792	SES142	-5.79173	18.9598	24.7515
spk_ver/v07/v0793	SES142	-7.11632	13.3093	20.4256
spk_ver/v07/v0794	SES014	2.34637	25.5635	23.2172
spk_ver/v07/v0795	SES142	-7.90989	14.1061	22.016
spk_ver/v07/v0796	SES142	-4.11873	16.8053	20.924
spk_ver/v07/v0797	SES143	-0.927773	20.2483	21.176
spk_ver/v07/v0798	SES206	2.48773	25.9258	23.4381
spk_ver/v07/v0799	SES143	-2.93738	13.7445	16.6819
spk_ver/v08/v0800	SES143	-1.42994	18.2096	19.6396
spk_ver/v08/v0801	SES143	-1.60153	21.0753	22.6769
spk_ver/v08/v0802	SES143	-2.46701	15.8741	18.3411
spk_ver/v08/v0803	SES143	-2.61582	17.5711	20.1869
spk_ver/v08/v0804	SES143	-2.717	14.8974	17.6144
spk_ver/v08/v0805	SES143	-3.33746	16.2841	19.6215
spk_ver/v08/v0806	SES143	-3.10456	15.8948	18.9994
spk_ver/v08/v0807	SES177	-0.179388	20.366	20.5454
spk_ver/v08/v0808	SES149	1.4097	23.6075	22.1978
spk_ver/v08/v0809	SES143	-5.13843	16.5642	21.7027
spk_ver/v08/v0810	SES158	2.07948	21.6043	19.5248
spk_ver/v08/v0811	SES143	-3.66201	15.1426	18.8046
spk_ver/v08/v0812	SES062	1.86168	25.4379	23.5762
spk_ver/v08/v0813	SES259	2.71648	25.3674	22.6509
spk_ver/v08/v0814	SES143	-5.08369	17.8064	22.8901
spk_ver/v08/v0815	SES143	-2.97758	17.1386	20.1162
spk_ver/v08/v0816	SES143	-1.60336	19.7605	21.3638
spk_ver/v08/v0817	SES144	0.699265	21.6424	20.9431
spk_ver/v08/v0818	SES143	-3.03377	17.377	20.4107
spk_ver/v08/v0819	SES143	-3.10962	18.0987	21.2083
spk_ver/v08/v0820	SES143	-1.39988	20.1507	21.5506
spk_ver/v08/v0821	SES143	-3.72071	16.1705	19.8912
spk_ver/v08/v0822	SES143	-3.79959	16.8726	20.6722
spk_ver/v08/v0823	SES104	2.60322	24.6182	22.015
spk_ver/v08/v0824	SES143	-4.1525	17.2167	21.3692
spk_ver/v08/v0825	SES143	-2.37955	18.1425	20.5221
spk_ver/v08/v0826	SES144	-4.41845	16.9349	21.3533
spk_ver/v08/v0827	SES144	-2.19838	19.3993	21.5977
spk_ver/v08/v0828	SES144	-1.09148	20.7869	21.8783
spk_ver/v08/v0829	SES172	0.63822	21.4379	20.7997
spk_ver/v08/v0830	SES144	-0.4436	19.8749	20.3185
spk_ver/v08/v0831	SES183	0.932133	20.7576	19.8254
spk_ver/v08/v0832	SES144	-4.49095	15.5692	20.0602
spk_ver/v08/v0833	SES144	-5.05111	16.8534	21.9045
spk_ver/v08/v0834	SES144	-1.19344	18.7619	19.9553
spk_ver/v08/v0835	SES144	-2.84648	16.7772	19.6237
spk_ver/v08/v0836	SES144	-2.01958	18.4679	20.4875
spk_ver/v08/v0837	SES144	-2.60392	20.4697	23.0736
spk_ver/v08/v0838	SES144	-3.12417	16.4884	19.6126
spk_ver/v08/v0839	SES085	0.248484	22.2618	22.0134
spk_ver/v08/v0840	SES144	-1.16578	20.2334	21.3991
spk_ver/v08/v0841	SES144	-4.23914	13.6082	17.8473
spk_ver/v08/v0842	SES144	-4.40708	17.6354	22.0425
spk_ver/v08/v0843	SES144	-1.05285	20.1173	21.1702
spk_ver/v08/v0844	SES144	-3.37481	18.7592	22.134
spk_ver/v08/v0845	SES144	-3.6531	19.8575	23.5106
spk_ver/v08/v0846	SES104	1.62903	23.1377	21.5087
spk_ver/v08/v0847	SES144	-4.79548	15.599	20.3945
spk_ver/v08/v0848	SES144	-3.29676	15.8443	19.141
spk_ver/v08/v0849	SES144	-6.95145	14.5982	21.5496
spk_ver/v08/v0850	SES144	-4.01033	18.0203	22.0307
spk_ver/v08/v0851	SES144	-1.80423	18.6014	20.4057
spk_ver/v08/v0852	SES144	-0.885752	21.272	22.1577
spk_ver/v08/v0853	SES144	-4.85265	15.0922	19.9448
spk_ver/v08/v0854	SES144	-2.05976	19.3954	21.4552
spk_ver/v08/v0855	SES144	-0.291361	22.0382	22.3295
spk_ver/v08/v0856	SES082	0.425653	18.736	18.3104
spk_ver/v08/v0857	SES142	1.72191	22.336	20.6141
spk_ver/v08/v0858	SES144	-1.64296	17.2165	18.8595
spk_ver/v08/v0859	SES144	-1.55462	18.4332	19.9878
spk_ver/v08/v0860	SES146	-4.29333	16.5779	20.8713
spk_ver/v08/v0861	SES146	-3.94766	16.8383	20.786
spk_ver/v08/v0862	SES146	-4.27279	16.5475	20.8203
spk_ver/v08/v0863	SES146	-2.78153	16.2017	18.9832
spk_ver/v08/v0864	SES146	-3.28832	18.837	22.1253
spk_ver/v08/v0865	SES008	2.66159	22.585	19.9234
spk_ver/v08/v0866	SES142	2.2605	21.806	19.5455
spk_ver/v08/v0867	SES146	-3.32102	18.7766	22.0976
spk_ver/v08/v0868	SES082	2.99025	25.7137	22.7235
spk_ver/v08/v0869	SES146	-1.62224	18.9036	20.5259
spk_ver/v08/v0870	SES146	-3.45265	14.751	18.2037
spk_ver/v08/v0871	SES146	-4.51062	16.4098	20.9204
spk_ver/v08/v0872	SES146	-3.59511	13.2978	16.8929
spk_ver/v08/v0873	SES082	1.62839	24.1734	22.545
spk_ver/v08/v0874	SES146	-4.61359	16.7063	21.3199
spk_ver/v08/v0875	SES144	0.553867	20.6742	20.1204
spk_ver/v08/v0876	SES146	-2.54089	21.2764	23.8173
spk_ver/v08/v0877	SES146	-3.45442	17.6234	21.0778
spk_ver/v08/v0878	SES146	-2.7975	17.9551	20.7526
spk_ver/v08/v0879	SES146	-3.14127	17.5339	20.6751
spk_ver/v08/v0880	SES146	-3.04585	16.0556	19.1015
spk_ver/v08/v0881	SES143	0.957508	20.267	19.3095
spk_ver/v08/v0882	SES146	-1.47342	20.2008	21.6742
spk_ver/v08/v0883	SES147	-2.18134	19.8213	22.0027
spk_ver/v08/v0884	SES147	-1.07239	20.1198	21.1922
spk_ver/v08/v0885	SES016	1.02286	23.2379	22.215
spk_ver/v08/v0886	SES147	-2.06549	18.1932	20.2587
spk_ver/v08/v0887	SES147	-2.52518	17.8623	20.3875
spk_ver/v08/v0888	SES147	-1.84326	17.6085	19.4517
spk_ver/v08/v0889	SES019	2.28466	22.5127	20.228
spk_ver/v08/v0890	SES147	-2.18323	17.2241	19.4074
spk_ver/v08/v0891	SES147	-2.32983	18.9293	21.2591
spk_ver/v08/v0892	SES147	-2.17385	17.7431	19.917
spk_ver/v08/v0893	SES270	3.03524	21.8439	18.8087
spk_ver/v08/v0894	SES029	0.575071	21.5436	20.9686
spk_ver/v08/v0895	SES147	-2.52325	16.6125	19.1358
spk_ver/v08/v0896	SES117	0.802357	19.9835	19.1812
spk_ver/v08/v0897	SES183	1.97396	19.7452	17.7712
spk_ver/v08/v0898	SES147	-4.79529	17.3948	22.1901
spk_ver/v08/v0899	SES147	-3.29201	15.7375	19.0295
spk_ver/v09/v0900	SES087	1.36884	22.4729	21.104
spk_ver/v09/v0901	SES147	-6.25821	13.94	20.1982
spk_ver/v09/v0902	SES147	-4.19912	15.5117	19.7108
spk_ver/v09/v0903	SES147	-1.82816	19.2217	21.0499
spk_ver/v09/v0904	SES147	-3.28925	18.362	21.6512
spk_ver/v09/v0905	SES143	0.473896	20.5024	20.0285
spk_ver/v09/v0906	SES149	0.457554	23.4485	22.9909
spk_ver/v09/v0907	SES148	-1.30154	19.2811	20.5827
spk_ver/v09/v0908	SES148	-1.22483	20.3611	21.5859
spk_ver/v09/v0909	SES106	3.72508	23.3921	19.667
spk_ver/v09/v0910	SES148	-1.45813	17.7072	19.1654
spk_ver/v09/v0911	SES148	-2.60078	18.4043	21.0051
spk_ver/v09/v0912	SES142	0.276234	21.1287	20.8524
spk_ver/v09/v0913	SES148	-2.9022	16.0412	18.9434
spk_ver/v09/v0914	SES148	-3.3634	17.2368	20.6002
spk_ver/v09/v0915	SES148	-3.21868	15.1806	18.3993
spk_ver/v09/v0916	SES148	-3.61813	15.3748	18.993
spk_ver/v09/v0917	SES148	1.15841	21.4857	20.3273
spk_ver/v09/v0918	SES148	-1.36274	19.2516	20.6143
spk_ver/v09/v0919	SES270	2.26663	22.369	20.1023
spk_ver/v09/v0920	SES148	-2.15248	18.891	21.0435
spk_ver/v09/v0921	SES148	-2.86415	17.628	20.4922
spk_ver/v09/v0922	SES129	1.38374	23.5969	22.2132
spk_ver/v09/v0923	SES117	0.971931	22.0148	21.0429
spk_ver/v09/v0924	SES042	3.51716	25.5056	21.9885
spk_ver/v09/v0925	SES148	-4.96269	14.3531	19.3158
spk_ver/v09/v0926	SES148	-4.94555	12.8475	17.793
spk_ver/v09/v0927	SES144	0.656092	21.7875	21.1314
spk_ver/v09/v0928	SES007	1.22898	22.3986	21.1696
spk_ver/v09/v0929	SES148	-2.41202	20.6747	23.0867
spk_ver/v09/v0930	SES148	-1.12181	20.7071	21.8289
spk_ver/v09/v0931	SES148	-3.66706	15.7309	19.398
spk_ver/v09/v0932	SES202	1.77482	22.9214	21.1466
spk_ver/v09/v0933	SES148	-1.30492	21.2843	22.5892
spk_ver/v09/v0934	SES148	-3.49548	17.2544	20.7499
spk_ver/v09/v0935	SES060	1.47543	23.5843	22.1088
spk_ver/v09/v0936	SES060	1.59972	22.4249	20.8252
spk_ver/v09/v0937	SES148	-2.16849	19.4616	21.6301
spk_ver/v09/v0938	SES148	-2.39705	19.6519	22.049
spk_ver/v09/v0939	SES148	-3.64368	18.3137	21.9573
spk_ver/v09/v0940	SES148	-2.35634	19.197	21.5533
spk_ver/v09/v0941	SES149	-3.49839	15.6405	19.1388
spk_ver/v09/v0942	SES149	-3.90298	18.372	22.2749
spk_ver/v09/v0943	SES149	-3.99228	16.3588	20.3511
spk_ver/v09/v0944	SES149	-2.46632	16.4726	18.9389
spk_ver/v09/v0945	SES105	1.11032	21.8712	20.7609
spk_ver/v09/v0946	SES149	-3.72176	19.11	22.8318
spk_ver/v09/v0947	SES149	-6.64041	12.5757	19.2161
spk_ver/v09/v0948	SES149	-4.22232	17.6556	21.878
spk_ver/v09/v0949	SES149	-2.21665	20.18	22.3967
spk_ver/v09/v0950	SES226	1.6353	24.0819	22.4466
spk_ver/v09/v0951	SES149	-5.75027	13.9869	19.7372
spk_ver/v09/v0952	SES149	-5.00469	14.3075	19.3122
spk_ver/v09/v0953	SES062	1.60893	23.8528	22.2439
spk_ver/v09/v0954	SES149	-5.31373	14.8445	20.1583
spk_ver/v09/v0955	SES048	0.544756	22.5756	22.0308
spk_ver/v09/v0956	SES158	-1.67207	20.5961	22.2682
spk_ver/v09/v0957	SES158	-7.0871	13.3425	20.4296
spk_ver/v09/v0958	SES158	-1.2216	21.2411	22.4627
spk_ver/v09/v0959	SES158	-3.59979	17.8567	21.4564
spk_ver/v09/v0960	SES158	-6.90322	12.5701	19.4733
spk_ver/v09/v0961	SES147	1.63895	20.4679	18.829
spk_ver/v09/v0962	SES158	-12.9287	6.40886	19.3376
spk_ver/v09/v0963	SES292	0.727749	22.5808	21.8531
spk_ver/v09/v0964	SES060	1.16537	23.2733	22.1079
spk_ver/v09/v0965	SES002	1.79429	23.3593	21.565
spk_ver/v09/v0966	SES149	1.8632	24.7444	22.8812
spk_ver/v09/v0967	SES158	-9.05239	11.6135	20.6659
spk_ver/v09/v0968	SES158	-4.21817	15.5434	19.7616
spk_ver/v09/v0969	SES275	-0.184509	19.0136	19.1981
spk_ver/v09/v0970	SES158	-6.26132	15.4995	21.7608
spk_ver/v09/v0971	SES158	-5.98483	14.3056	20.2905
spk_ver/v09/v0972	SES002	1.99524	24.2267	22.2314
spk_ver/v09/v0973	SES158	-6.95119	13.7753	20.7265
spk_ver/v09/v0974	SES202	1.47796	21.8474	20.3694
spk_ver/v09/v0975	SES158	-9.6159	10.6048	20.2207
spk_ver/v09/v0976	SES158	-0.545794	21.5759	22.1216
spk_ver/v09/v0977	SES162	-1.79639	19.7165	21.5129
spk_ver/v09/v0978	SES162	-5.46493	12.9518	18.4168
spk_ver/v09/v0979	SES162	-6.24231	14.5456	20.7879
spk_ver/v09/v0980	SES162	-2.59342	16.5297	19.1231
spk_ver/v09/v0981	SES162	-3.48943	15.0732	18.5626
spk_ver/v09/v0982	SES259	2.65819	24.2818	21.6236
spk_ver/v09/v0983	SES162	-5.01422	10.6952	15.7094
spk_ver/v09/v0984	SES162	-2.20274	20.3313	22.534
spk_ver/v09/v0985	SES162	-1.24074	20.0143	21.2551
spk_ver/v09/v0986	SES062	1.38496	24.7241	23.3391
spk_ver/v09/v0987	SES162	-1.26708	19.6455	20.9126
spk_ver/v09/v0988	SES162	-4.41903	16.5444	20.9635
spk_ver/v09/v0989	SES162	-6.09166	12.1905	18.2821
spk_ver/v09/v0990	SES162	-4.17358	17.2982	21.4718
spk_ver/v09/v0991	SES087	1.66583	23.0124	21.3466
spk_ver/v09/v0992	SES120	0.0531178	19.498	19.4448
spk_ver/v09/v0993	SES162	-5.04577	17.0155	22.0612
spk_ver/v09/v0994	SES162	-2.28273	19.4787	21.7614
spk_ver/v09/v0995	SES162	-5.32184	17.9646	23.2864
spk_ver/v09/v0996	SES162	-3.4251	20.6731	24.0982
spk_ver/v09/v0997	SES162	-5.15331	15.9363	21.0896
spk_ver/v09/v0998	SES162	-4.72447	13.2994	18.0238
spk_ver/v09/v0999	SES162	-2.64017	21.8736	24.5138
spk_ver/v10/v1000	SES162	-5.99109	15.8855	21.8766
spk_ver/v10/v1001	SES148	1.46202	20.3316	18.8696
spk_ver/v10/v1002	SES162	-1.49511	17.7321	19.2272
spk_ver/v10/v1003	SES162	-3.49888	18.7254	22.2242
spk_ver/v10/v1004	SES162	-4.07977	14.6527	18.7324
spk_ver/v10/v1005	SES162	-5.83825	15.0842	20.9225
spk_ver/v10/v1006	SES162	-4.59405	16.2796	20.8737
spk_ver/v10/v1007	SES162	-4.19776	15.4991	19.6968
spk_ver/v10/v1008	SES162	-6.36687	12.2181	18.585
spk_ver/v10/v1009	SES162	-7.14814	14.7644	21.9126
spk_ver/v10/v1010	SES167	-3.77432	15.8029	19.5772
spk_ver/v10/v1011	SES167	-0.802652	19.1205	19.9231
spk_ver/v10/v1012	SES167	-2.48404	16.618	19.102
spk_ver/v10/v1013	SES167	-6.18645	13.5509	19.7373
spk_ver/v10/v1014	SES167	-1.74967	20.7345	22.4842
spk_ver/v10/v1015	SES167	-2.12222	18.7261	20.8483
spk_ver/v10/v1016	SES167	-2.57247	19.0283	21.6008
spk_ver/v10/v1017	SES167	-2.0556	19.5356	21.5912
spk_ver/v10/v1018	SES167	-3.87898	18.3784	22.2573
spk_ver/v10/v1019	SES167	-3.46334	17.4631	20.9265
spk_ver/v10/v1020	SES167	-7.90355	11.7506	19.6541
spk_ver/v10/v1021	SES167	-1.82858	16.1787	18.0073
spk_ver/v10/v1022	SES167	-5.81496	14.5248	20.3397
spk_ver/v10/v1023	SES167	-3.96491	15.686	19.6509
spk_ver/v10/v1024	SES167	-4.87852	14.3395	19.218
spk_ver/v10/v1025	SES167	-2.21331	19.7709	21.9842
spk_ver/v10/v1026	SES167	-3.55203	17.6357	21.1877
spk_ver/v10/v1027	SES167	-2.37681	20.0708	22.4476
spk_ver/v10/v1028	SES167	-6.05836	14.124	20.1823
spk_ver/v10/v1029	SES167	-5.40607	15.4498	20.8559
spk_ver/v10/v1030	SES167	-3.55367	17.7082	21.2618
spk_ver/v10/v1031	SES167	-5.61237	14.8844	20.4967
spk_ver/v10/v1032	SES167	-5.37303	18.0712	23.4442
spk_ver/v10/v1033	SES167	-7.29966	16.4218	23.7215
spk_ver/v10/v1034	SES002	1.96075	24.9334	22.9726
spk_ver/v10/v1035	SES167	-1.20947	21.0983	22.3077
spk_ver/v10/v1036	SES083	1.09291	23.1806	22.0876
spk_ver/v10/v1037	SES167	-3.06821	16.7412	19.8094
spk_ver/v10/v1038	SES167	-3.08545	15.4251	18.5106
spk_ver/v10/v1039	SES167	-2.65332	17.2805	19.9338
spk_ver/v10/v1040	SES167	-6.46652	11.7451	18.2117
spk_ver/v10/v1041	SES167	-1.40882	18.1966	19.6054
spk_ver/v10/v1042	SES087	1.72974	22.0764	20.3466
spk_ver/v10/v1043	SES029	1.34356	22.5096	21.166
spk_ver/v10/v1044	SES206	1.5321	24.366	22.8339
spk_ver/v10/v1045	SES172	-3.27614	15.6771	18.9533
spk_ver/v10/v1046	SES172	1.12913	23.0764	21.9473
spk_ver/v10/v1047	SES172	-1.48244	19.3421	20.8245
spk_ver/v10/v1048	SES259	3.55722	25.6435	22.0863
spk_ver/v10/v1049	SES172	-4.4379	17.6282	22.0661
spk_ver/v10/v1050	SES120	1.09204	20.7411	19.6491
spk_ver/v10/v1051	SES172	-3.23003	18.7242	21.9542
spk_ver/v10/v1052	SES172	-3.98154	16.559	20.5405
spk_ver/v10/v1053	SES172	-7.63076	14.1107	21.7414
spk_ver/v10/v1054	SES172	-4.43143	15.3196	19.7511
spk_ver/v10/v1055	SES189	1.82642	18.6983	16.8719
spk_ver/v10/v1056	SES172	-3.16763	17.9469	21.1145
spk_ver/v10/v1057	SES172	-2.08967	18.2087	20.2984
spk_ver/v10/v1058	SES172	-2.69259	18.4724	21.165
spk_ver/v10/v1059	SES172	-3.77132	17.4142	21.1855
spk_ver/v10/v1060	SES029	0.789427	23.0448	22.2554
spk_ver/v10/v1061	SES175	-6.94367	14.5983	21.542
spk_ver/v10/v1062	SES187	0.774376	23.6676	22.8932
spk_ver/v10/v1063	SES019	3.56492	23.1216	19.5567
spk_ver/v10/v1064	SES175	-4.31346	16.8171	21.1306
spk_ver/v10/v1065	SES175	-4.55464	16.2498	20.8044
spk_ver/v10/v1066	SES175	-6.68427	11.0167	17.7009
spk_ver/v10/v1067	SES175	-2.13336	17.3426	19.4759
spk_ver/v10/v1068	SES175	-3.32896	14.8314	18.1604
spk_ver/v10/v1069	SES016	2.28074	24.5476	22.2668
spk_ver/v10/v1070	SES175	-3.77783	17.1293	20.9072
spk_ver/v10/v1071	SES175	-2.20852	20.2456	22.4541
spk_ver/v10/v1072	SES175	-4.39623	16.2147	20.6109
spk_ver/v10/v1073	SES029	0.571945	21.9401	21.3681
spk_ver/v10/v1074	SES175	-2.88815	18.7993	21.6875
spk_ver/v10/v1075	SES175	-1.23943	21.4425	22.682
spk_ver/v10/v1076	SES175	-0.856537	22.2288	23.0854
spk_ver/v10/v1077	SES175	-4.01756	18.7844	22.802
spk_ver/v10/v1078	SES127	1.07338	24.3645	23.2912
spk_ver/v10/v1079	SES175	-3.7439	19.6522	23.3961
spk_ver/v10/v1080	SES175	-3.01591	16.4053	19.4212
spk_ver/v10/v1081	SES175	-4.13124	16.2965	20.4278
spk_ver/v10/v1082	SES175	-3.56355	19.5209	23.0844
spk_ver/v10/v1083	SES007	1.65222	21.1935	19.5413
spk_ver/v10/v1084	SES068	0.93022	23.8584	22.9281
spk_ver/v10/v1085	SES008	0.941824	24.1068	23.165
spk_ver/v10/v1086	SES175	-0.847454	20.952	21.7995
spk_ver/v10/v1087	SES175	-2.89749	18.1378	21.0353
spk_ver/v10/v1088	SES008	1.857	23.9228	22.0658
spk_ver/v10/v1089	SES177	-2.55813	20.0296	22.5877
spk_ver/v10/v1090	SES177	-4.28303	17.3796	21.6626
spk_ver/v10/v1091	SES177	-3.25369	15.7397	18.9934
spk_ver/v10/v1092	SES177	-1.22049	19.3706	20.5911
spk_ver/v10/v1093	SES177	-5.00451	16.4926	21.4971
spk_ver/v10/v1094	SES002	2.00032	24.8203	22.82
spk_ver/v10/v1095	SES104	2.09621	24.7105	22.6142
spk_ver/v10/v1096	SES177	-1.38277	19.6989	21.0817
spk_ver/v10/v1097	SES177	-3.55869	14.6944	18.2531
spk_ver/v10/v1098	SES177	-2.72789	19.4147	22.1426
spk_ver/v10/v1099	SES177	-1.06769	19.482	20.5496
spk_ver/v11/v1100	SES177	-3.62737	17.2113	20.8387
spk_ver/v11/v1101	SES085	0.418413	22.6372	22.2188
spk_ver/v11/v1102	SES187	1.16865	22.4928	21.3242
spk_ver/v11/v1103	SES177	-1.57632	19.1119	20.6882
spk_ver/v11/v1104	SES177	0.773178	22.9523	22.1791
spk_ver/v11/v1105	SES177	-0.906475	20.2552	21.1617
spk_ver/v11/v1106	SES177	-2.92146	17.5632	20.4846
spk_ver/v11/v1107	SES177	-1.16544	20.8065	21.9719
spk_ver/v11/v1108	SES177	-0.38312	22.026	22.4092
spk_ver/v11/v1109	SES125	1.78991	23.0993	21.3094
spk_ver/v11/v1110	SES177	-3.36457	17.9186	21.2831
spk_ver/v11/v1111	SES177	-2.25377	19.786	22.0398
spk_ver/v11/v1112	SES177	-3.36637	17.763	21.1294
spk_ver/v11/v1113	SES177	-5.3124	16.5546	21.867
spk_ver/v11/v1114	SES177	-1.7961	18.1346	19.9307
spk_ver/v11/v1115	SES177	-2.51011	16.2671	18.7773
spk_ver/v11/v1116	SES085	1.12149	24.7807	23.6592
spk_ver/v11/v1117	SES147	1.15169	20.4254	19.2737
spk_ver/v11/v1118	SES177	-1.23062	18.9913	20.2219
spk_ver/v11/v1119	SES177	-3.01957	16.1118	19.1313
spk_ver/v11/v1120	SES180	-7.44122	14.1307	21.572
spk_ver/v11/v1121	SES189	0.900328	19.7419	18.8416
spk_ver/v11/v1122	SES117	0.504925	18.3547	17.8498
spk_ver/v11/v1123	SES129	2.28842	23.9473	21.6588
spk_ver/v11/v1124	SES180	-2.63198	19.1575	21.7895
spk_ver/v11/v1125	SES180	-1.47679	20.3798	21.8566
spk_ver/v11/v1126	SES180	-1.90678	20.7471	22.6539
spk_ver/v11/v1127	SES180	-2.84331	18.4297	21.273
spk_ver/v11/v1128	SES016	1.26582	21.5534	20.2876
spk_ver/v11/v1129	SES158	1.23909	21.8768	20.6377
spk_ver/v11/v1130	SES180	-3.61423	17.242	20.8562
spk_ver/v11/v1131	SES180	-4.79617	19.9935	24.7896
spk_ver/v11/v1132	SES180	-2.1897	19.1183	21.308
spk_ver/v11/v1133	SES180	-4.68691	17.7263	22.4132
spk_ver/v11/v1134	SES180	-2.34671	16.799	19.1457
spk_ver/v11/v1135	SES180	-2.74053	19.5586	22.2991
spk_ver/v11/v1136	SES180	-6.29193	10.7586	17.0506
spk_ver/v11/v1137	SES148	0.179508	21.2779	21.0984
spk_ver/v11/v1138	SES104	2.36616	27.1368	24.7706
spk_ver/v11/v1139	SES180	-5.4582	12.5964	18.0546
spk_ver/v11/v1140	SES083	0.76902	21.6972	20.9282
spk_ver/v11/v1141	SES180	-5.50001	15.9223	21.4223
spk_ver/v11/v1142	SES180	-3.46248	16.2329	19.6954
spk_ver/v11/v1143	SES180	-5.23368	14.3234	19.5571
spk_ver/v11/v1144	SES099	2.19188	23.3649	21.173
spk_ver/v11/v1145	SES180	-2.59904	18.9462	21.5452
spk_ver/v11/v1146	SES183	-3.51692	17.9439	21.4608
spk_ver/v11/v1147	SES183	-1.90571	20.0457	21.9514
spk_ver/v11/v1148	SES183	-5.41698	13.4141	18.8311
spk_ver/v11/v1149	SES183	-6.99092	15.8939	22.8848
spk_ver/v11/v1150	SES183	-6.53584	15.6125	22.1483
spk_ver/v11/v1151	SES082	1.45416	22.1978	20.7436
spk_ver/v11/v1152	SES183	-2.98933	15.1421	18.1314
spk_ver/v11/v1153	SES183	-2.10421	19.2232	21.3274
spk_ver/v11/v1154	SES002	2.23098	25.4735	23.2425
spk_ver/v11/v1155	SES183	-3.20029	16.857	20.0573
spk_ver/v11/v1156	SES183	-4.83059	14.1797	19.0103
spk_ver/v11/v1157	SES183	-2.97577	19.0268	22.0026
spk_ver/v11/v1158	SES183	-1.13454	19.887	21.0216
spk_ver/v11/v1159	SES183	-2.11605	18.8446	20.9606
spk_ver/v11/v1160	SES183	-7.38442	12.4048	19.7892
spk_ver/v11/v1161	SES183	-3.31673	13.1442	16.461
spk_ver/v11/v1162	SES105	1.54183	21.9865	20.4447
spk_ver/v11/v1163	SES183	-5.55112	16.7089	22.2601
spk_ver/v11/v1164	SES259	3.38061	24.5494	21.1688
spk_ver/v11/v1165	SES183	-2.4772	18.3249	20.8021
spk_ver/v11/v1166	SES183	-6.65096	15.2234	21.8743
spk_ver/v11/v1167	SES183	-2.7862	16.9046	19.6908
spk_ver/v11/v1168	SES183	-2.3723	20.1881	22.5604
spk_ver/v11/v1169	SES183	-5.73584	15.7628	21.4986
spk_ver/v11/v1170	SES183	-4.48858	18.4296	22.9181
spk_ver/v11/v1171	SES183	-8.82251	10.4259	19.2484
spk_ver/v11/v1172	SES187	-2.85368	17.3619	20.2156
spk_ver/v11/v1173	SES019	4.216	22.6429	18.4269
spk_ver/v11/v1174	SES187	-3.31873	15.0756	18.3944
spk_ver/v11/v1175	SES187	-3.27068	15.1095	18.3802
spk_ver/v11/v1176	SES083	0.921612	23.9104	22.9888
spk_ver/v11/v1177	SES187	-4.76845	15.2788	20.0473
spk_ver/v11/v1178	SES187	-4.83193	15.7883	20.6202
spk_ver/v11/v1179	SES187	-2.69265	17.5084	20.2011
spk_ver/v11/v1180	SES187	-1.35629	17.9286	19.2849
spk_ver/v11/v1181	SES187	-5.34117	17.4777	22.8189
spk_ver/v11/v1182	SES187	-0.996777	21.1662	22.163
spk_ver/v11/v1183	SES187	-2.87937	15.3028	18.1821
spk_ver/v11/v1184	SES187	-0.136505	20.0679	20.2044
spk_ver/v11/v1185	SES127	0.986931	23.1994	22.2125
spk_ver/v11/v1186	SES187	-1.40525	19.3505	20.7558
spk_ver/v11/v1187	SES187	-2.33628	19.9868	22.3231
spk_ver/v11/v1188	SES187	-2.13477	17.0375	19.1723
spk_ver/v11/v1189	SES042	1.96092	24.0774	22.1165
spk_ver/v11/v1190	SES187	-1.74546	19.5448	21.2902
spk_ver/v11/v1191	SES187	-3.63057	14.2625	17.8931
spk_ver/v11/v1192	SES187	-3.72405	15.5718	19.2958
spk_ver/v11/v1193	SES183	1.27459	20.9329	19.6583
spk_ver/v11/v1194	SES187	-2.50045	17.2684	19.7689
spk_ver/v11/v1195	SES187	-3.55598	16.8987	20.4547
spk_ver/v11/v1196	SES146	1.95395	19.5758	17.6219
spk_ver/v11/v1197	SES189	-5.7455	17.0509	22.7964
spk_ver/v11/v1198	SES175	1.08293	22.1533	21.0704
spk_ver/v11/v1199	SES189	-4.96585	13.801	18.7668
spk_ver/v12/v1200	SES189	-2.42792	21.1083	23.5362
spk_ver/v12/v1201	SES177	1.6647	24.0621	22.3974
spk_ver/v12/v1202	SES189	-2.94271	17.2435	20.1863
spk_ver/v12/v1203	SES143	-0.0909557	20.4794	20.5704
spk_ver/v12/v1204	SES189	-3.13598	17.3377	20.4737
spk_ver/v12/v1205	SES189	-2.39913	20.388	22.7871
spk_ver/v12/v1206	SES189	-5.16028	13.5224	18.6827
spk_ver/v12/v1207	SES189	-4.03294	16.3904	20.4233
spk_ver/v12/v1208	SES189	-4.66308	19.6656	24.3287
spk_ver/v12/v1209	SES189	-5.41725	13.4491	18.8663
spk_ver/v12/v1210	SES189	-1.36453	19.6755	21.04
spk_ver/v12/v1211	SES062	2.09233	24.5936	22.5013
spk_ver/v12/v1212	SES189	-3.81034	17.5964	21.4068
spk_ver/v12/v1213	SES048	1.6375	23.3317	21.6942
spk_ver/v12/v1214	SES042	3.68618	26.1457	22.4595
spk_ver/v12/v1215	SES008	2.63314	23.7623	21.1292
spk_ver/v12/v1216	SES202	-6.1862	17.4203	23.6065
spk_ver/v12/v1217	SES202	-3.41712	16.0267	19.4438
spk_ver/v12/v1218	SES085	1.14064	24.6017	23.4611
spk_ver/v12/v1219	SES202	-3.03237	18.6452	21.6776
spk_ver/v12/v1220	SES202	-2.93207	19.1823	22.1144
spk_ver/v12/v1221	SES202	-1.929	18.294	20.223
spk_ver/v12/v1222	SES202	-7.83478	13.0649	20.8997
spk_ver/v12/v1223	SES158	1.55848	22.316	20.7575
spk_ver/v12/v1224	SES202	-2.8672	17.3543	20.2215
spk_ver/v12/v1225	SES202	-3.59362	16.9459	20.5395
spk_ver/v12/v1226	SES202	-3.60351	18.197	21.8005
spk_ver/v12/v1227	SES202	-3.26831	17.6619	20.9302
spk_ver/v12/v1228	SES177	0.738146	22.0219	21.2838
spk_ver/v12/v1229	SES202	-4.25874	17.6402	21.8989
spk_ver/v12/v1230	SES202	-2.73429	18.1478	20.8821
spk_ver/v12/v1231	SES202	-3.89274	17.623	21.5157
spk_ver/v12/v1232	SES202	-3.54419	14.775	18.3192
spk_ver/v12/v1233	SES206	1.5082	24.9489	23.4407
spk_ver/v12/v1234	SES202	-5.74851	12.4461	18.1946
spk_ver/v12/v1235	SES202	-2.93543	19.2435	22.1789
spk_ver/v12/v1236	SES125	2.52428	23.1825	20.6582
spk_ver/v12/v1237	SES127	1.37905	22.8474	21.4684
spk_ver/v12/v1238	SES202	2.60069	22.2354	19.6347
spk_ver/v12/v1239	SES167	1.34411	23.1726	21.8285
spk_ver/v12/v1240	SES206	-10.7543	8.21215	18.9665
spk_ver/v12/v1241	SES206	-7.98103	12.2289	20.2099
spk_ver/v12/v1242	SES206	-1.01837	22.0605	23.0788
spk_ver/v12/v1243	SES206	-2.74639	18.518	21.2644
spk_ver/v12/v1244	SES259	3.14918	23.7919	20.6427
spk_ver/v12/v1245	SES206	-4.25336	17.2785	21.5318
spk_ver/v12/v1246	SES206	-4.21399	17.9119	22.1258
spk_ver/v12/v1247	SES206	-1.91561	19.257	21.1726
spk_ver/v12/v1248	SES206	-10.3685	8.85666	19.2252
spk_ver/v12/v1249	SES270	3.28792	22.4789	19.191
spk_ver/v12/v1250	SES206	-6.05565	13.9615	20.0172
spk_ver/v12/v1251	SES206	-3.87091	18.1447	22.0156
spk_ver/v12/v1252	SES206	-3.91815	16.2806	20.1987
spk_ver/v12/v1253	SES206	-1.44529	20.6642	22.1095
spk_ver/v12/v1254	SES206	-2.42124	18.2363	20.6575
spk_ver/v12/v1255	SES125	2.00101	23.2913	21.2903
spk_ver/v12/v1256	SES206	-7.758	14.8849	22.6429
spk_ver/v12/v1257	SES206	-6.05524	15.769	21.8242
spk_ver/v12/v1258	SES206	-1.90485	20.2123	22.1171
spk_ver/v12/v1259	SES206	-7.83966	13.2657	21.1054
spk_ver/v12/v1260	SES206	-13.9014	6.82664	20.7281
spk_ver/v12/v1261	SES206	-6.99224	15.61	22.6022
spk_ver/v12/v1262	SES206	-8.83735	12.1788	21.0162
spk_ver/v12/v1263	SES206	-4.40048	16.7687	21.1692
spk_ver/v12/v1264	SES149	2.06041	23.5516	21.4911
spk_ver/v12/v1265	SES206	-0.728298	17.409	18.1373
spk_ver/v12/v1266	SES206	-9.86095	11.1203	20.9813
spk_ver/v12/v1267	SES206	-1.10985	15.8998	17.0097
spk_ver/v12/v1268	SES206	-3.85847	16.0237	19.8822
spk_ver/v12/v1269	SES206	-23.5777	-4.65506	18.9227
spk_ver/v12/v1270	SES206	-11.1478	6.02432	17.1721
spk_ver/v12/v1271	SES226	-11.8147	7.4984	19.3131
spk_ver/v12/v1272	SES226	-1.44103	23.1617	24.6027
spk_ver/v12/v1273	SES226	-6.8371	15.9452	22.7823
spk_ver/v12/v1274	SES226	-6.10205	14.1522	20.2543
spk_ver/v12/v1275	SES226	-0.829762	18.3767	19.2065
spk_ver/v12/v1276	SES226	-6.11992	14.3066	20.4265
spk_ver/v12/v1277	SES226	-1.05541	20.3881	21.4435
spk_ver/v12/v1278	SES226	-0.417379	20.1742	20.5916
spk_ver/v12/v1279	SES226	-5.91382	16.7979	22.7117
spk_ver/v12/v1280	SES226	-3.80246	17.6107	21.4132
spk_ver/v12/v1281	SES226	-1.61783	19.5013	21.1191
spk_ver/v12/v1282	SES226	-2.94262	17.5006	20.4432
spk_ver/v12/v1283	SES143	1.06805	21.0569	19.9889
spk_ver/v12/v1284	SES226	-4.90966	18.1215	23.0312
spk_ver/v12/v1285	SES226	-2.26131	20.7378	22.9991
spk_ver/v12/v1286	SES226	-2.24986	17.1391	19.389
spk_ver/v12/v1287	SES226	-3.53544	17.5337	21.0691
spk_ver/v12/v1288	SES226	-6.09618	15.3214	21.4176
spk_ver/v12/v1289	SES104	2.10742	22.9621	20.8547
spk_ver/v12/v1290	SES008	3.19932	22.691	19.4917
spk_ver/v12/v1291	SES226	-2.13711	19.6828	21.8199
spk_ver/v12/v1292	SES259	-4.71074	15.7436	20.4543
spk_ver/v12/v1293	SES062	1.47903	24.033	22.554
spk_ver/v12/v1294	SES099	2.21115	22.3323	20.1211
spk_ver/v12/v1295	SES158	1.49684	20.2093	18.7124
spk_ver/v12/v1296	SES259	-4.36142	18.931	23.2924
spk_ver/v12/v1297	SES259	-6.17631	14.3149	20.4912
spk_ver/v12/v1298	SES259	-4.01043	19.1338	23.1442
spk_ver/v12/v1299	SES259	-5.51304	15.06	20.573
spk_ver/v13/v1300	SES120	1.56768	20.7453	19.1777
spk_ver/v13/v1301	SES259	-7.34325	13.7267	21.07
spk_ver/v13/v1302	SES259	-7.37598	11.7539	19.1298
spk_ver/v13/v1303	SES129	1.77767	22.9033	21.1256
spk_ver/v13/v1304	SES259	-3.84867	16.4885	20.3372
spk_ver/v13/v1305	SES259	-8.61618	11.6353	20.2515
spk_ver/v13/v1306	SES106	1.57739	22.6659	21.0885
spk_ver/v13/v1307	SES259	-6.75039	14.28	21.0304
spk_ver/v13/v1308	SES259	-2.72392	17.9053	20.6293
spk_ver/v13/v1309	SES259	-6.60967	15.2546	21.8643
spk_ver/v13/v1310	SES259	-6.19652	16.6913	22.8878
spk_ver/v13/v1311	SES259	-4.84411	16.2289	21.073
spk_ver/v13/v1312	SES259	-4.40473	18.0314	22.4362
spk_ver/v13/v1313	SES144	0.943539	22.2444	21.3008
spk_ver/v13/v1314	SES259	-5.97123	14.8134	20.7846
spk_ver/v13/v1315	SES162	1.66532	21.9204	20.2551
spk_ver/v13/v1316	SES206	1.52807	24.1774	22.6493
spk_ver/v13/v1317	SES175	0.806595	21.5441	20.7375
spk_ver/v13/v1318	SES259	-9.22829	10.1811	19.4094
spk_ver/v13/v1319	SES259	-8.22228	12.2482	20.4705
spk_ver/v13/v1320	SES270	-0.240541	21.7459	21.9864
spk_ver/v13/v1321	SES101	0.486139	22.1747	21.6886
spk_ver/v13/v1322	SES177	0.997055	23.8843	22.8873
spk_ver/v13/v1323	SES127	1.09254	24.5213	23.4288
spk_ver/v13/v1324	SES270	-6.23597	14.1358	20.3718
spk_ver/v13/v1325	SES062	1.26308	23.5652	22.3021
spk_ver/v13/v1326	SES270	0.337843	19.6007	19.2628
spk_ver/v13/v1327	SES120	0.677776	19.025	18.3472
spk_ver/v13/v1328	SES270	-4.54219	14.733	19.2752
spk_ver/v13/v1329	SES270	-5.72946	17.4304	23.1599
spk_ver/v13/v1330	SES270	-0.0132866	20.3377	20.351
spk_ver/v13/v1331	SES270	-5.53318	17.8677	23.4009
spk_ver/v13/v1332	SES270	-1.32417	21.9717	23.2958
spk_ver/v13/v1333	SES270	-2.31636	18.1031	20.4195
spk_ver/v13/v1334	SES270	-3.36788	18.2768	21.6447
spk_ver/v13/v1335	SES270	-0.00439072	20.8615	20.8659
spk_ver/v13/v1336	SES270	-1.60209	19.8188	21.4209
spk_ver/v13/v1337	SES016	1.854	23.5322	21.6782
spk_ver/v13/v1338	SES270	-5.39755	18.2382	23.6358
spk_ver/v13/v1339	SES002	1.78883	24.3753	22.5865
spk_ver/v13/v1340	SES105	2.5032	22.0956	19.5924
spk_ver/v13/v1341	SES275	-4.16889	16.135	20.3039
spk_ver/v13/v1342	SES187	1.27455	22.2496	20.9751
spk_ver/v13/v1343	SES275	-4.44229	15.6141	20.0564
spk_ver/v13/v1344	SES275	-3.73031	16.032	19.7623
spk_ver/v13/v1345	SES275	-2.48487	17.7111	20.196
spk_ver/v13/v1346	SES275	-6.14572	16.3465	22.4922
spk_ver/v13/v1347	SES275	-4.37626	16.473	20.8493
spk_ver/v13/v1348	SES180	0.448334	22.5642	22.1159
spk_ver/v13/v1349	SES275	-5.14105	12.6519	17.793
spk_ver/v13/v1350	SES275	-1.95025	20.0389	21.9891
spk_ver/v13/v1351	SES275	-8.06991	8.96401	17.0339
spk_ver/v13/v1352	SES275	-2.45898	18.9151	21.3741
spk_ver/v13/v1353	SES275	-1.95841	15.2332	17.1916
spk_ver/v13/v1354	SES189	1.15132	18.6661	17.5148
spk_ver/v13/v1355	SES068	0.723526	23.3303	22.6068
spk_ver/v13/v1356	SES275	-3.02005	15.1191	18.1391
spk_ver/v13/v1357	SES048	0.127119	21.2952	21.1681
spk_ver/v13/v1358	SES226	2.60819	26.1262	23.5181
spk_ver/v13/v1359	SES016	1.23856	23.3085	22.0699
spk_ver/v13/v1360	SES275	-3.84127	16.9267	20.7679
spk_ver/v13/v1361	SES068	1.14961	23.8087	22.6591
spk_ver/v13/v1362	SES275	-3.65513	16.5003	20.1554
spk_ver/v13/v1363	SES275	-3.53206	16.9623	20.4943
spk_ver/v13/v1364	SES275	-5.81491	14.3889	20.2038
spk_ver/v13/v1365	SES275	-3.01916	18.3783	21.3974
spk_ver/v13/v1366	SES187	0.52095	22.8663	22.3453
spk_ver/v13/v1367	SES275	-4.01003	14.6136	18.6236
spk_ver/v13/v1368	SES125	1.8728	22.8588	20.986
spk_ver/v13/v1369	SES275	-2.25607	14.5901	16.8462
spk_ver/v13/v1370	SES292	-1.81819	18.8536	20.6718
spk_ver/v13/v1371	SES292	-1.17983	20.0726	21.2524
spk_ver/v13/v1372	SES292	-2.079	16.8882	18.9672
spk_ver/v13/v1373	SES292	-1.85868	18.977	20.8357
spk_ver/v13/v1374	SES101	1.52078	22.027	20.5062
spk_ver/v13/v1375	SES292	-3.35173	17.6468	20.9986
spk_ver/v13/v1376	SES292	-2.01827	18.7969	20.8152
spk_ver/v13/v1377	SES292	-6.81299	12.2867	19.0997
spk_ver/v13/v1378	SES292	-1.33107	19.6923	21.0234
spk_ver/v13/v1379	SES292	-1.10383	18.8861	19.9899
spk_ver/v13/v1380	SES292	-2.38325	19.1267	21.5099
spk_ver/v13/v1381	SES292	-1.50622	22.7658	24.272
spk_ver/v13/v1382	SES292	-3.85566	16.3276	20.1832
spk_ver/v13/v1383	SES292	-1.70224	18.7092	20.4114
spk_ver/v13/v1384	SES292	-1.82701	19.7894	21.6164
spk_ver/v13/v1385	SES292	-1.66922	20.0136	21.6828
spk_ver/v13/v1386	SES292	-1.84653	17.9176	19.7641
spk_ver/v13/v1387	SES158	2.40436	20.1498	17.7455
spk_ver/v13/v1388	SES292	-1.19647	22.5628	23.7593
spk_ver/v13/v1389	SES292	-1.31911	23.8026	25.1217
spk_ver/v13/v1390	SES292	-1.5084	21.4082	22.9166
spk_ver/v13/v1391	SES292	-3.03553	18.135	21.1706
spk_ver/v13/v1392	SES292	-2.90104	17.4305	20.3316
spk_ver/v13/v1393	SES292	-1.82421	19.8905	21.7147
spk_ver/v13/v1394	SES292	-5.68531	15.5199	21.2052
spk_ver/v13/v1395	SES292	-1.57554	19.6904	21.266
spk_ver/v13/v1396	SES117	0.62398	19.3877	18.7637
spk_ver/v13/v1397	SES292	-2.93569	19.6616	22.5973
spk_ver/v13/v1398	SES292	-3.93927	14.8904	18.8296
spk_ver/v13/v1399	SES292	-0.522896	20.4849	21.0078
