BLOCK00/SES002/SA002S12	SES002	2.23293	-60.0805	-62.3134
BLOCK00/SES002/SA002S13	SES002	2.78689	-59.8682	-62.6551
BLOCK00/SES002/SA002S23	SES002	2.1036	-59.628	-61.7316
BLOCK00/SES002/SA002S26	SES002	2.31815	-59.057	-61.3751
BLOCK00/SES002/SA002S28	SES002	1.7966	-60.9782	-62.7748
BLOCK00/SES007/SA007S14	SES007	0.911392	-61.4575	-62.3689
BLOCK00/SES007/SA007S15	SES007	0.58707	-63.1682	-63.7553
BLOCK00/SES007/SA007S24	SES007	0.860806	-62.4066	-63.2674
BLOCK00/SES007/SA007S27	SES007	0.598347	-62.6073	-63.2057
BLOCK00/SES007/SA007S29	SES007	0.31427	-62.161	-62.4752
BLOCK00/SES008/SA008S11	SES008	1.1239	-62.2817	-63.4056
BLOCK00/SES008/SA008S12	SES008	0.656345	-62.5798	-63.2361
BLOCK00/SES008/SA008S19	SES008	1.61949	-61.4677	-63.0872
BLOCK00/SES008/SA008S22	SES008	0.878922	-63.2532	-64.1321
BLOCK00/SES008/SA008S29	SES008	1.11857	-61.5044	-62.623
BLOCK01/SES014/SA014S10	SES014	2.91289	-60.7488	-63.6617
BLOCK01/SES014/SA014S12	SES014	3.84054	-58.173	-62.0136
BLOCK01/SES014/SA014S24	SES014	2.15263	-60.6278	-62.7804
BLOCK01/SES014/SA014S26	SES014	3.29389	-57.4935	-60.7874
BLOCK01/SES014/SA014S28	SES014	3.49798	-58.457	-61.955
BLOCK01/SES016/SA016S12	SES016	0.442215	-65.4744	-65.9167
BLOCK01/SES016/SA016S13	SES016	1.37653	-63.3447	-64.7212
BLOCK01/SES016/SA016S22	SES016	0.622532	-63.7557	-64.3783
BLOCK01/SES016/SA016S25	SES016	0.959652	-61.589	-62.5487
BLOCK01/SES016/SA016S27	SES016	1.20697	-61.6952	-62.9022
BLOCK01/SES019/SA019S13	SES019	3.28876	-60.9846	-64.2734
BLOCK01/SES019/SA019S14	SES019	2.49971	-61.1099	-63.6097
BLOCK01/SES019/SA019S22	SES019	3.19722	-61.222	-64.4192
BLOCK01/SES019/SA019S25	SES019	2.69241	-61.2199	-63.9123
BLOCK01/SES019/SA019S29	SES019	3.36025	-61.1698	-64.53
BLOCK02/SES029/SA029S11	SES029	1.08586	-62.4824	-63.5683
BLOCK02/SES029/SA029S12	SES029	0.512569	-62.5556	-63.0682
BLOCK02/SES029/SA029S20	SES029	0.50246	-63.3697	-63.8722
BLOCK02/SES029/SA029S25	SES029	0.309116	-62.5786	-62.8877
BLOCK02/SES029/SA029S28	SES029	0.331776	-62.7432	-63.075
BLOCK04/SES042/SA042S12	SES042	3.34026	-58.8042	-62.1444
BLOCK04/SES042/SA042S15	SES042	2.52065	-60.1103	-62.6309
BLOCK04/SES042/SA042S22	SES042	3.87896	-57.2844	-61.1634
BLOCK04/SES042/SA042S25	SES042	3.20484	-59.8996	-63.1045
BLOCK04/SES042/SA042S27	SES042	2.66742	-58.9538	-61.6212
BLOCK04/SES048/SA048S11	SES048	0.929707	-61.4544	-62.3841
BLOCK04/SES048/SA048S12	SES048	0.723499	-62.086	-62.8095
BLOCK04/SES048/SA048S20	SES048	1.07003	-61.5396	-62.6096
BLOCK04/SES048/SA048S23	SES048	1.76761	-61.2863	-63.0539
BLOCK04/SES048/SA048S27	SES048	1.13143	-60.7335	-61.8649
BLOCK06/SES060/SA060S11	SES060	0.885822	-63.0406	-63.9264
BLOCK06/SES060/SA060S12	SES060	-0.360649	-64.5422	-64.1815
BLOCK06/SES060/SA060S22	SES060	0.0381088	-64.3744	-64.4125
BLOCK06/SES060/SA060S24	SES060	0.62252	-62.3721	-62.9946
BLOCK06/SES060/SA060S28	SES060	1.16361	-60.3108	-61.4744
BLOCK06/SES062/SA062S10	SES062	1.36786	-61.7876	-63.1554
BLOCK06/SES062/SA062S11	SES062	1.2615	-62.6229	-63.8844
BLOCK06/SES062/SA062S21	SES062	2.52863	-58.8446	-61.3732
BLOCK06/SES062/SA062S26	SES062	0.646175	-61.7751	-62.4213
BLOCK06/SES062/SA062S29	SES062	1.26684	-60.7814	-62.0483
BLOCK06/SES068/SA068S14	SES068	0.512112	-62.4985	-63.0106
BLOCK06/SES068/SA068S15	SES068	1.0404	-61.2656	-62.306
BLOCK06/SES068/SA068S23	SES068	0.629986	-63.0956	-63.7256
BLOCK06/SES068/SA068S27	SES068	1.82444	-61.1357	-62.9602
BLOCK06/SES068/SA068S29	SES068	0.945015	-61.7559	-62.7009
BLOCK08/SES082/SA082S12	SES082	1.73263	-61.8189	-63.5515
BLOCK08/SES082/SA082S14	SES082	1.04799	-63.0094	-64.0574
BLOCK08/SES082/SA082S21	SES082	1.17931	-62.7049	-63.8842
BLOCK08/SES082/SA082S24	SES082	1.99369	-61.6915	-63.6852
BLOCK08/SES082/SA082S28	SES082	0.848576	-62.652	-63.5006
BLOCK08/SES083/SA083S14	SES083	-0.242355	-63.5066	-63.2642
BLOCK08/SES083/SA083S15	SES083	-0.271877	-62.7244	-62.4525
BLOCK08/SES083/SA083S24	SES083	-0.236622	-63.5418	-63.3052
BLOCK08/SES083/SA083S26	SES083	0.29155	-63.1239	-63.4154
BLOCK08/SES083/SA083S29	SES083	0.318562	-62.262	-62.5806
BLOCK08/SES085/SA085S10	SES085	-0.0128365	-62.7841	-62.7713
BLOCK08/SES085/SA085S13	SES085	0.260391	-63.8054	-64.0658
BLOCK08/SES085/SA085S22	SES085	-2.4964	-66.2845	-63.7881
BLOCK08/SES085/SA085S26	SES085	-0.0125198	-63.0803	-63.0678
BLOCK08/SES085/SA085S28	SES085	0.807152	-61.9249	-62.7321
BLOCK08/SES087/SA087S15	SES087	2.22033	-61.1099	-63.3302
BLOCK08/SES087/SA087S16	SES087	2.07649	-61.3979	-63.4744
BLOCK08/SES087/SA087S24	SES087	1.97765	-60.673	-62.6506
BLOCK08/SES087/SA087S26	SES087	2.11293	-59.8573	-61.9702
BLOCK08/SES087/SA087S29	SES087	2.25428	-60.9974	-63.2516
BLOCK09/SES099/SA099S15	SES099	2.12106	-61.3501	-63.4711
BLOCK09/SES099/SA099S16	SES099	1.68403	-60.6868	-62.3709
BLOCK09/SES099/SA099S24	SES099	1.75395	-60.7264	-62.4803
BLOCK09/SES099/SA099S26	SES099	1.82298	-60.6412	-62.4642
BLOCK09/SES099/SA099S29	SES099	1.96995	-60.7522	-62.7221
BLOCK10/SES101/SA101S11	SES101	0.249729	-62.1961	-62.4458
BLOCK10/SES101/SA101S13	SES101	0.780384	-61.5643	-62.3447
BLOCK10/SES101/SA101S22	SES101	0.556458	-63.7976	-64.354
BLOCK10/SES101/SA101S24	SES101	0.861221	-62.7215	-63.5827
BLOCK10/SES101/SA101S28	SES101	0.0224533	-64.0891	-64.1115
BLOCK10/SES104/SA104S11	SES104	1.42083	-60.4014	-61.8222
BLOCK10/SES104/SA104S12	SES104	1.6614	-60.6784	-62.3398
BLOCK10/SES104/SA104S21	SES104	1.72676	-61.0228	-62.7496
BLOCK10/SES104/SA104S24	SES104	1.5692	-60.9791	-62.5483
BLOCK10/SES104/SA104S28	SES104	2.23655	-60.5878	-62.8243
BLOCK10/SES105/SA105S12	SES105	1.25813	-63.2155	-64.4736
BLOCK10/SES105/SA105S13	SES105	0.873585	-62.7297	-63.6033
BLOCK10/SES105/SA105S22	SES105	0.824135	-63.1995	-64.0237
BLOCK10/SES105/SA105S26	SES105	1.15228	-62.778	-63.9303
BLOCK10/SES105/SA105S29	SES105	0.623913	-62.9866	-63.6105
BLOCK10/SES106/SA106S09	SES106	1.84599	-61.8979	-63.7439
BLOCK10/SES106/SA106S11	SES106	1.95618	-60.4666	-62.4228
BLOCK10/SES106/SA106S22	SES106	3.53009	-60.572	-64.1021
BLOCK10/SES106/SA106S27	SES106	1.89975	-61.6577	-63.5574
BLOCK10/SES106/SA106S29	SES106	1.85116	-61.0438	-62.895
BLOCK11/SES117/SA117S12	SES117	0.429585	-63.7652	-64.1948
BLOCK11/SES117/SA117S13	SES117	0.308922	-63.1079	-63.4169
BLOCK11/SES117/SA117S23	SES117	0.713402	-65.2847	-65.9981
BLOCK11/SES117/SA117S25	SES117	0.676582	-63.4469	-64.1235
BLOCK11/SES117/SA117S28	SES117	1.07545	-64.0974	-65.1728
BLOCK12/SES120/SA120S08	SES120	1.03725	-64.0168	-65.0541
BLOCK12/SES120/SA120S11	SES120	0.468964	-65.5198	-65.9888
BLOCK12/SES120/SA120S22	SES120	0.369419	-62.7475	-63.1169
BLOCK12/SES120/SA120S24	SES120	0.995396	-62.8944	-63.8898
BLOCK12/SES120/SA120S28	SES120	0.403069	-64.4276	-64.8306
BLOCK12/SES125/SA125S13	SES125	2.52998	-60.3205	-62.8505
BLOCK12/SES125/SA125S14	SES125	1.7731	-61.1986	-62.9717
BLOCK12/SES125/SA125S25	SES125	2.24656	-60.0591	-62.3056
BLOCK12/SES125/SA125S27	SES125	2.73226	-59.1151	-61.8474
BLOCK12/SES125/SA125S29	SES125	1.93264	-60.7133	-62.6459
BLOCK12/SES127/SA127S11	SES127	0.387726	-63.1267	-63.5144
BLOCK12/SES127/SA127S12	SES127	-0.497601	-63.1078	-62.6102
BLOCK12/SES127/SA127S23	SES127	0.444126	-62.7364	-63.1805
BLOCK12/SES127/SA127S25	SES127	0.128391	-63.1254	-63.2538
BLOCK12/SES127/SA127S27	SES127	0.804619	-62.5156	-63.3202
BLOCK12/SES129/SA129S11	SES129	1.67481	-61.5964	-63.2712
BLOCK12/SES129/SA129S12	SES129	1.63616	-61.3602	-62.9964
BLOCK12/SES129/SA129S22	SES129	1.6942	-61.716	-63.4102
BLOCK12/SES129/SA129S27	SES129	1.8225	-60.8953	-62.7178
BLOCK12/SES129/SA129S29	SES129	2.09694	-60.7452	-62.8421
BLOCK14/SES142/SA142S11	SES142	2.43429	-62.5634	-64.9977
BLOCK14/SES142/SA142S12	SES142	0.752815	-63.9791	-64.7319
BLOCK14/SES142/SA142S24	SES142	2.14171	-62.3431	-64.4848
BLOCK14/SES142/SA142S27	SES142	2.39721	-62.1696	-64.5668
BLOCK14/SES142/SA142S29	SES142	2.35496	-61.9471	-64.3021
BLOCK14/SES143/SA143S12	SES143	0.359226	-63.7456	-64.1048
BLOCK14/SES143/SA143S13	SES143	0.59927	-63.3003	-63.8996
BLOCK14/SES143/SA143S23	SES143	1.08706	-63.2542	-64.3412
BLOCK14/SES143/SA143S25	SES143	0.378025	-63.4577	-63.8357
BLOCK14/SES143/SA143S28	SES143	0.685322	-62.5211	-63.2064
BLOCK14/SES144/SA144S09	SES144	0.684784	-62.9886	-63.6734
BLOCK14/SES144/SA144S11	SES144	1.20126	-63.5052	-64.7064
BLOCK14/SES144/SA144S21	SES144	0.198143	-63.5937	-63.7918
BLOCK14/SES144/SA144S25	SES144	0.867725	-63.522	-64.3898
BLOCK14/SES144/SA144S29	SES144	0.122444	-63.3002	-63.4226
BLOCK14/SES146/SA146S14	SES146	1.11473	-63.041	-64.1557
BLOCK14/SES146/SA146S15	SES146	-0.147148	-63.8758	-63.7286
BLOCK14/SES146/SA146S24	SES146	0.358345	-63.9776	-64.336
BLOCK14/SES146/SA146S26	SES146	0.872978	-63.647	-64.52
BLOCK14/SES146/SA146S29	SES146	0.928085	-63.751	-64.6791
BLOCK14/SES147/SA147S11	SES147	1.04402	-63.5957	-64.6397
BLOCK14/SES147/SA147S13	SES147	2.29964	-61.3988	-63.6985
BLOCK14/SES147/SA147S23	SES147	1.66415	-62.9815	-64.6457
BLOCK14/SES147/SA147S26	SES147	1.25092	-62.7361	-63.987
BLOCK14/SES147/SA147S28	SES147	1.54278	-61.9834	-63.5262
BLOCK14/SES148/SA148S10	SES148	1.16893	-62.0934	-63.2623
BLOCK14/SES148/SA148S12	SES148	0.776245	-63.258	-64.0343
BLOCK14/SES148/SA148S22	SES148	1.08788	-61.2353	-62.3232
BLOCK14/SES148/SA148S26	SES148	0.898312	-62.2155	-63.1138
BLOCK14/SES148/SA148S29	SES148	0.660419	-62.7864	-63.4469
BLOCK14/SES149/SA149S13	SES149	0.372463	-62.2408	-62.6133
BLOCK14/SES149/SA149S14	SES149	0.463589	-62.1242	-62.5878
BLOCK14/SES149/SA149S24	SES149	1.43049	-61.7462	-63.1767
BLOCK14/SES149/SA149S26	SES149	2.09179	-61.1544	-63.2462
BLOCK14/SES149/SA149S28	SES149	2.60604	-60.2823	-62.8884
BLOCK15/SES158/SA158S13	SES158	1.75657	-62.2301	-63.9866
BLOCK15/SES158/SA158S14	SES158	2.99901	-61.6263	-64.6253
BLOCK15/SES158/SA158S23	SES158	1.64138	-61.706	-63.3474
BLOCK15/SES158/SA158S26	SES158	2.3987	-61.7094	-64.1081
BLOCK15/SES158/SA158S28	SES158	1.44599	-62.4862	-63.9322
BLOCK16/SES162/SA162S10	SES162	1.29618	-63.7957	-65.0919
BLOCK16/SES162/SA162S11	SES162	1.1105	-62.5923	-63.7028
BLOCK16/SES162/SA162S21	SES162	1.53527	-62.6357	-64.1709
BLOCK16/SES162/SA162S24	SES162	1.18363	-62.7556	-63.9393
BLOCK16/SES162/SA162S27	SES162	1.58415	-63.0214	-64.6056
BLOCK16/SES167/SA167S14	SES167	0.749279	-61.7949	-62.5442
BLOCK16/SES167/SA167S15	SES167	0.929581	-62.8214	-63.751
BLOCK16/SES167/SA167S21	SES167	0.747532	-61.9513	-62.6989
BLOCK16/SES167/SA167S25	SES167	1.39402	-62.8746	-64.2686
BLOCK16/SES167/SA167S29	SES167	1.6678	-60.9605	-62.6283
BLOCK17/SES172/SA172S12	SES172	1.42066	-62.7545	-64.1752
BLOCK17/SES172/SA172S13	SES172	1.28341	-63.828	-65.1114
BLOCK17/SES172/SA172S23	SES172	0.45401	-62.492	-62.946
BLOCK17/SES172/SA172S27	SES172	0.647736	-63.1962	-63.844
BLOCK17/SES172/SA172S29	SES172	1.19935	-62.615	-63.8143
BLOCK17/SES175/SA175S11	SES175	1.14786	-62.7277	-63.8756
BLOCK17/SES175/SA175S13	SES175	0.975082	-62.1592	-63.1343
BLOCK17/SES175/SA175S23	SES175	1.46888	-62.3308	-63.7997
BLOCK17/SES175/SA175S25	SES175	0.558197	-64.231	-64.7892
BLOCK17/SES175/SA175S28	SES175	1.09803	-62.5759	-63.674
BLOCK17/SES177/SA177S15	SES177	0.171108	-63.0752	-63.2463
BLOCK17/SES177/SA177S17	SES177	0.751419	-62.4858	-63.2373
BLOCK17/SES177/SA177S23	SES177	-0.0485992	-63.5797	-63.5311
BLOCK17/SES177/SA177S26	SES177	0.254757	-61.3648	-61.6196
BLOCK17/SES177/SA177S28	SES177	0.465122	-62.0729	-62.538
BLOCK18/SES180/SA180S13	SES180	0.723106	-63.1994	-63.9225
BLOCK18/SES180/SA180S15	SES180	0.488647	-63.3925	-63.8811
BLOCK18/SES180/SA180S24	SES180	1.04269	-61.538	-62.5807
BLOCK18/SES180/SA180S26	SES180	0.808514	-62.2968	-63.1053
BLOCK18/SES180/SA180S29	SES180	0.731571	-63.4454	-64.177
BLOCK18/SES183/SA183S13	SES183	1.01929	-63.1603	-64.1796
BLOCK18/SES183/SA183S14	SES183	0.561352	-63.4822	-64.0435
BLOCK18/SES183/SA183S24	SES183	1.23305	-63.5707	-64.8038
BLOCK18/SES183/SA183S27	SES183	1.27929	-62.7351	-64.0144
BLOCK18/SES183/SA183S29	SES183	1.17549	-62.2285	-63.404
BLOCK18/SES187/SA187S13	SES187	0.3713	-64.0399	-64.4112
BLOCK18/SES187/SA187S14	SES187	0.790901	-63.9243	-64.7152
BLOCK18/SES187/SA187S24	SES187	1.14871	-63.5267	-64.6754
BLOCK18/SES187/SA187S27	SES187	1.20992	-62.7177	-63.9276
BLOCK18/SES187/SA187S29	SES187	1.1119	-63.227	-64.3389
BLOCK18/SES189/SA189S10	SES189	1.93951	-64.8431	-66.7827
BLOCK18/SES189/SA189S13	SES189	3.03952	-64.5127	-67.5522
BLOCK18/SES189/SA189S24	SES189	2.88949	-64.154	-67.0434
BLOCK18/SES189/SA189S26	SES189	1.51556	-63.9782	-65.4938
BLOCK18/SES189/SA189S29	SES189	2.56636	-63.5287	-66.0951
BLOCK20/SES202/SA202S12	SES202	1.86436	-63.4649	-65.3293
BLOCK20/SES202/SA202S14	SES202	2.69645	-61.4682	-64.1646
BLOCK20/SES202/SA202S24	SES202	1.39795	-62.7382	-64.1362
BLOCK20/SES202/SA202S27	SES202	1.67049	-61.2201	-62.8906
BLOCK20/SES202/SA202S29	SES202	2.40656	-60.9375	-63.3441
BLOCK20/SES206/SA206S15	SES206	0.371536	-61.3237	-61.6953
BLOCK20/SES206/SA206S17	SES206	2.29679	-59.6597	-61.9565
BLOCK20/SES206/SA206S24	SES206	2.03917	-59.4951	-61.5343
BLOCK20/SES206/SA206S27	SES206	2.01186	-60.2882	-62.3001
BLOCK20/SES206/SA206S29	SES206	2.05783	-59.1666	-61.2244
BLOCK22/SES226/SA226S12	SES226	1.80568	-62.0466	-63.8523
BLOCK22/SES226/SA226S13	SES226	0.300133	-62.5597	-62.8598
BLOCK22/SES226/SA226S20	SES226	1.92915	-62.0119	-63.9411
BLOCK22/SES226/SA226S23	SES226	2.01267	-61.1696	-63.1823
BLOCK22/SES226/SA226S28	SES226	2.01075	-61.2281	-63.2388
BLOCK25/SES259/SA259S13	SES259	3.1925	-59.7944	-62.9869
BLOCK25/SES259/SA259S14	SES259	2.17965	-60.209	-62.3887
BLOCK25/SES259/SA259S22	SES259	1.92141	-60.5065	-62.4279
BLOCK25/SES259/SA259S24	SES259	2.2944	-59.3683	-61.6627
BLOCK25/SES259/SA259S28	SES259	2.01323	-60.2756	-62.2888
BLOCK27/SES270/SA270S14	SES270	2.89952	-61.4808	-64.3803
BLOCK27/SES270/SA270S16	SES270	1.56284	-61.5261	-63.0889
BLOCK27/SES270/SA270S22	SES270	2.57298	-61.3819	-63.9549
BLOCK27/SES270/SA270S26	SES270	1.41953	-62.7305	-64.15
BLOCK27/SES270/SA270S28	SES270	1.39106	-61.4196	-62.8106
BLOCK27/SES275/SA275S17	SES275	0.54594	-63.4461	-63.992
BLOCK27/SES275/SA275S18	SES275	0.765228	-63.5197	-64.2849
BLOCK27/SES275/SA275S24	SES275	1.07835	-63.8075	-64.8859
BLOCK27/SES275/SA275S26	SES275	1.41293	-62.5078	-63.9207
BLOCK27/SES275/SA275S28	SES275	0.517513	-62.7967	-63.3142
BLOCK29/SES292/SA292S10	SES292	0.273094	-63.2358	-63.5089
BLOCK29/SES292/SA292S12	SES292	0.00658417	-64.5341	-64.5407
BLOCK29/SES292/SA292S22	SES292	1.3544	-62.2313	-63.5857
BLOCK29/SES292/SA292S24	SES292	0.285595	-63.0142	-63.2998
BLOCK29/SES292/SA292S27	SES292	-0.149807	-62.9101	-62.7603
BLOCK00/SES001/SA001S14	SES062	-0.402054	-65.1105	-64.7084
BLOCK00/SES001/SA001S14	SES082	-1.80342	-66.5118	-64.7084
BLOCK00/SES001/SA001S14	SES106	-2.15268	-66.8611	-64.7084
BLOCK00/SES001/SA001S14	SES206	-3.53531	-68.2437	-64.7084
BLOCK00/SES001/SA001S15	SES062	-1.36313	-64.711	-63.3479
BLOCK00/SES001/SA001S15	SES104	-2.40783	-65.7557	-63.3479
BLOCK00/SES001/SA001S15	SES106	-1.95907	-65.307	-63.3479
BLOCK00/SES001/SA001S15	SES206	-3.15844	-66.5063	-63.3479
BLOCK00/SES001/SA001S24	SES062	-2.58036	-67.3155	-64.7351
BLOCK00/SES001/SA001S24	SES082	-2.01028	-66.7454	-64.7351
BLOCK00/SES001/SA001S24	SES087	-3.4634	-68.1985	-64.7351
BLOCK00/SES001/SA001S24	SES206	-2.01858	-66.7537	-64.7351
BLOCK00/SES001/SA001S27	SES062	-1.40149	-64.0696	-62.6682
BLOCK00/SES001/SA001S27	SES082	-2.44268	-65.1108	-62.6682
BLOCK00/SES001/SA001S27	SES087	-3.20475	-65.8729	-62.6682
BLOCK00/SES001/SA001S27	SES206	-3.13008	-65.7982	-62.6682
BLOCK00/SES001/SA001S29	SES062	-1.78574	-66.4864	-64.7007
BLOCK00/SES001/SA001S29	SES082	-1.51167	-66.2123	-64.7007
BLOCK00/SES001/SA001S29	SES158	-1.16838	-65.869	-64.7007
BLOCK00/SES001/SA001S29	SES206	-3.67123	-68.3719	-64.7007
BLOCK00/SES003/SA003S11	SES002	-0.92374	-64.6332	-63.7095
BLOCK00/SES003/SA003S11	SES019	-1.14286	-64.8523	-63.7095
BLOCK00/SES003/SA003S11	SES082	0.238613	-63.4708	-63.7095
BLOCK00/SES003/SA003S11	SES125	-0.737644	-64.4471	-63.7095
BLOCK00/SES003/SA003S15	SES016	-4.41277	-67.4077	-62.995
BLOCK00/SES003/SA003S15	SES019	-1.58638	-64.5813	-62.995
BLOCK00/SES003/SA003S15	SES062	-2.44768	-65.4426	-62.995
BLOCK00/SES003/SA003S15	SES206	-0.959644	-63.9546	-62.995
BLOCK00/SES003/SA003S22	SES002	-1.9656	-65.1002	-63.1346
BLOCK00/SES003/SA003S22	SES062	-1.5196	-64.6542	-63.1346
BLOCK00/SES003/SA003S22	SES082	-0.441738	-63.5764	-63.1346
BLOCK00/SES003/SA003S22	SES087	-1.52541	-64.66	-63.1346
BLOCK00/SES003/SA003S25	SES062	-2.26121	-66.728	-64.4668
BLOCK00/SES003/SA003S25	SES082	0.524788	-63.942	-64.4668
BLOCK00/SES003/SA003S25	SES087	-1.1539	-65.6207	-64.4668
BLOCK00/SES003/SA003S25	SES206	-1.33554	-65.8024	-64.4668
BLOCK00/SES003/SA003S29	SES002	-1.67012	-65.114	-63.4438
BLOCK00/SES003/SA003S29	SES062	-1.72596	-65.1698	-63.4438
BLOCK00/SES003/SA003S29	SES082	-0.238651	-63.6825	-63.4438
BLOCK00/SES003/SA003S29	SES087	-1.72379	-65.1676	-63.4438
BLOCK00/SES004/SA004S12	SES083	-2.13715	-66.6252	-64.488
BLOCK00/SES004/SA004S12	SES148	-1.982	-66.47	-64.488
BLOCK00/SES004/SA004S12	SES172	-1.95678	-66.4448	-64.488
BLOCK00/SES004/SA004S12	SES292	-1.8887	-66.3767	-64.488
BLOCK00/SES004/SA004S17	SES083	-1.59395	-66.0544	-64.4604
BLOCK00/SES004/SA004S17	SES162	-1.31944	-65.7799	-64.4604
BLOCK00/SES004/SA004S17	SES172	-1.62802	-66.0884	-64.4604
BLOCK00/SES004/SA004S17	SES292	-1.77884	-66.2393	-64.4604
BLOCK00/SES004/SA004S24	SES083	-1.9693	-65.88	-63.9107
BLOCK00/SES004/SA004S24	SES148	-2.05747	-65.9682	-63.9107
BLOCK00/SES004/SA004S24	SES172	-1.38132	-65.2921	-63.9107
BLOCK00/SES004/SA004S24	SES292	-1.34327	-65.254	-63.9107
BLOCK00/SES004/SA004S26	SES083	-0.845444	-64.9068	-64.0614
BLOCK00/SES004/SA004S26	SES127	-0.771011	-64.8324	-64.0614
BLOCK00/SES004/SA004S26	SES148	-2.11898	-66.1804	-64.0614
BLOCK00/SES004/SA004S26	SES292	-1.47693	-65.5383	-64.0614
BLOCK00/SES004/SA004S28	SES083	-1.48224	-65.1303	-63.6481
BLOCK00/SES004/SA004S28	SES127	-1.38618	-65.0343	-63.6481
BLOCK00/SES004/SA004S28	SES187	-1.08774	-64.7358	-63.6481
BLOCK00/SES004/SA004S28	SES292	-1.72139	-65.3695	-63.6481
BLOCK00/SES006/SA006S10	SES014	-2.07589	-67.6267	-65.5508
BLOCK00/SES006/SA006S10	SES158	0.20298	-65.3478	-65.5508
BLOCK00/SES006/SA006S10	SES226	-1.83811	-67.3889	-65.5508
BLOCK00/SES006/SA006S10	SES270	-0.117889	-65.6687	-65.5508
BLOCK00/SES006/SA006S11	SES158	-0.270638	-65.85	-65.5794
BLOCK00/SES006/SA006S11	SES226	-1.4725	-67.0519	-65.5794
BLOCK00/SES006/SA006S11	SES270	-0.00725555	-65.5866	-65.5794
BLOCK00/SES006/SA006S11	SES275	-2.79415	-68.3735	-65.5794
BLOCK00/SES006/SA006S23	SES062	-1.7309	-65.5668	-63.8359
BLOCK00/SES006/SA006S23	SES105	-2.05635	-65.8922	-63.8359
BLOCK00/SES006/SA006S23	SES158	-0.619587	-64.4555	-63.8359
BLOCK00/SES006/SA006S23	SES275	-2.06061	-65.8965	-63.8359
BLOCK00/SES006/SA006S26	SES104	-1.38222	-65.5195	-64.1372
BLOCK00/SES006/SA006S26	SES158	0.00650024	-64.1307	-64.1372
BLOCK00/SES006/SA006S26	SES270	0.0303726	-64.1069	-64.1372
BLOCK00/SES006/SA006S26	SES275	-2.9936	-67.1308	-64.1372
BLOCK00/SES006/SA006S28	SES007	-1.98112	-67.0482	-65.0671
BLOCK00/SES006/SA006S28	SES105	-2.00128	-67.0684	-65.0671
BLOCK00/SES006/SA006S28	SES158	-0.279884	-65.347	-65.0671
BLOCK00/SES006/SA006S28	SES275	-2.95505	-68.0222	-65.0671
BLOCK00/SES009/SA009S12	SES083	-1.33926	-64.7179	-63.3786
BLOCK00/SES009/SA009S12	SES148	-1.2584	-64.637	-63.3786
BLOCK00/SES009/SA009S12	SES177	-1.76575	-65.1444	-63.3786
BLOCK00/SES009/SA009S12	SES292	-0.694176	-64.0728	-63.3786
BLOCK00/SES009/SA009S15	SES007	0.789215	-61.8941	-62.6833
BLOCK00/SES009/SA009S15	SES099	-6.0028	-68.6861	-62.6833
BLOCK00/SES009/SA009S15	SES148	-1.60568	-64.2889	-62.6833
BLOCK00/SES009/SA009S15	SES172	-1.86866	-64.5519	-62.6833
BLOCK00/SES009/SA009S24	SES146	-0.383465	-63.4668	-63.0833
BLOCK00/SES009/SA009S24	SES148	-1.37397	-64.4573	-63.0833
BLOCK00/SES009/SA009S24	SES177	-1.1335	-64.2168	-63.0833
BLOCK00/SES009/SA009S24	SES292	-0.611221	-63.6946	-63.0833
BLOCK00/SES009/SA009S26	SES083	-1.65209	-64.8736	-63.2215
BLOCK00/SES009/SA009S26	SES101	-1.11965	-64.3412	-63.2215
BLOCK00/SES009/SA009S26	SES120	-1.28567	-64.5072	-63.2215
BLOCK00/SES009/SA009S26	SES177	-1.74685	-64.9684	-63.2215
BLOCK00/SES009/SA009S29	SES083	-1.01962	-63.448	-62.4284
BLOCK00/SES009/SA009S29	SES101	-0.653824	-63.0822	-62.4284
BLOCK00/SES009/SA009S29	SES177	-1.64983	-64.0782	-62.4284
BLOCK00/SES009/SA009S29	SES292	-0.767517	-63.1959	-62.4284
BLOCK01/SES011/SA011S10	SES019	-0.125519	-63.1039	-62.9784
BLOCK01/SES011/SA011S10	SES042	-0.355072	-63.3334	-62.9784
BLOCK01/SES011/SA011S10	SES082	-1.39133	-64.3697	-62.9784
BLOCK01/SES011/SA011S10	SES206	-0.268169	-63.2465	-62.9784
BLOCK01/SES011/SA011S11	SES019	-0.255989	-64.4623	-64.2063
BLOCK01/SES011/SA011S11	SES042	-0.435875	-64.6422	-64.2063
BLOCK01/SES011/SA011S11	SES082	-1.52294	-65.7293	-64.2063
BLOCK01/SES011/SA011S11	SES206	-0.182594	-64.3889	-64.2063
BLOCK01/SES011/SA011S22	SES019	0.359119	-63.6062	-63.9653
BLOCK01/SES011/SA011S22	SES042	-0.160885	-64.1262	-63.9653
BLOCK01/SES011/SA011S22	SES082	-0.536556	-64.5019	-63.9653
BLOCK01/SES011/SA011S22	SES206	-0.450306	-64.4156	-63.9653
BLOCK01/SES011/SA011S24	SES019	-0.226799	-63.0063	-62.7795
BLOCK01/SES011/SA011S24	SES042	-0.347286	-63.1268	-62.7795
BLOCK01/SES011/SA011S24	SES104	-1.18876	-63.9683	-62.7795
BLOCK01/SES011/SA011S24	SES206	0.125	-62.6545	-62.7795
BLOCK01/SES011/SA011S27	SES082	0.825718	-62.5636	-63.3893
BLOCK01/SES011/SA011S27	SES087	-0.898548	-64.2879	-63.3893
BLOCK01/SES011/SA011S27	SES125	-0.0197563	-63.4091	-63.3893
BLOCK01/SES011/SA011S27	SES206	0.201385	-63.1879	-63.3893
BLOCK01/SES012/SA012S11	SES007	-2.12363	-63.6808	-61.5572
BLOCK01/SES012/SA012S11	SES082	-1.18757	-62.7448	-61.5572
BLOCK01/SES012/SA012S11	SES083	-2.27563	-63.8328	-61.5572
BLOCK01/SES012/SA012S11	SES206	-0.516674	-62.0739	-61.5572
BLOCK01/SES012/SA012S14	SES082	-0.697948	-63.0376	-62.3396
BLOCK01/SES012/SA012S14	SES087	-0.832867	-63.1725	-62.3396
BLOCK01/SES012/SA012S14	SES206	0.0180702	-62.3216	-62.3396
BLOCK01/SES012/SA012S14	SES292	-2.78522	-65.1249	-62.3396
BLOCK01/SES012/SA012S24	SES082	0.595245	-62.7976	-63.3929
BLOCK01/SES012/SA012S24	SES087	-0.565578	-63.9584	-63.3929
BLOCK01/SES012/SA012S24	SES120	-3.10756	-66.5004	-63.3929
BLOCK01/SES012/SA012S24	SES206	0.492001	-62.9009	-63.3929
BLOCK01/SES012/SA012S26	SES019	-1.88403	-63.9348	-62.0508
BLOCK01/SES012/SA012S26	SES082	-1.3637	-63.4145	-62.0508
BLOCK01/SES012/SA012S26	SES206	0.285969	-61.7648	-62.0508
BLOCK01/SES012/SA012S26	SES292	-2.87635	-64.9271	-62.0508
BLOCK01/SES012/SA012S29	SES062	-2.31039	-63.965	-61.6546
BLOCK01/SES012/SA012S29	SES082	-0.461998	-62.1166	-61.6546
BLOCK01/SES012/SA012S29	SES083	-2.28806	-63.9427	-61.6546
BLOCK01/SES012/SA012S29	SES206	-0.435398	-62.09	-61.6546
BLOCK01/SES013/SA013S16	SES062	-3.2085	-66.1124	-62.9039
BLOCK01/SES013/SA013S16	SES106	-0.42234	-63.3263	-62.9039
BLOCK01/SES013/SA013S16	SES206	-0.591782	-63.4957	-62.9039
BLOCK01/SES013/SA013S16	SES226	0.162567	-62.7413	-62.9039
BLOCK01/SES013/SA013S17	SES062	-3.12206	-65.1778	-62.0558
BLOCK01/SES013/SA013S17	SES106	-1.33581	-63.3916	-62.0558
BLOCK01/SES013/SA013S17	SES206	0.200325	-61.8554	-62.0558
BLOCK01/SES013/SA013S17	SES226	0.183926	-61.8718	-62.0558
BLOCK01/SES013/SA013S23	SES104	-0.990982	-64.3054	-63.3144
BLOCK01/SES013/SA013S23	SES106	-0.538944	-63.8533	-63.3144
BLOCK01/SES013/SA013S23	SES206	-0.706375	-64.0208	-63.3144
BLOCK01/SES013/SA013S23	SES270	0.171543	-63.1429	-63.3144
BLOCK01/SES013/SA013S25	SES042	-1.30072	-63.2204	-61.9197
BLOCK01/SES013/SA013S25	SES104	-1.03008	-62.9498	-61.9197
BLOCK01/SES013/SA013S25	SES106	-0.647976	-62.5677	-61.9197
BLOCK01/SES013/SA013S25	SES206	-0.387878	-62.3076	-61.9197
BLOCK01/SES013/SA013S29	SES062	-3.58984	-66.705	-63.1152
BLOCK01/SES013/SA013S29	SES104	-0.746922	-63.8621	-63.1152
BLOCK01/SES013/SA013S29	SES106	-0.3424	-63.4576	-63.1152
BLOCK01/SES013/SA013S29	SES206	-0.179806	-63.295	-63.1152
BLOCK02/SES021/SA021S13	SES016	-4.55264	-67.6516	-63.0989
BLOCK02/SES021/SA021S13	SES029	-2.96778	-66.0667	-63.0989
BLOCK02/SES021/SA021S13	SES087	-1.24253	-64.3414	-63.0989
BLOCK02/SES021/SA021S13	SES206	-0.410854	-63.5098	-63.0989
BLOCK02/SES021/SA021S15	SES087	-0.82666	-62.3494	-61.5227
BLOCK02/SES021/SA021S15	SES125	-0.0576248	-61.5804	-61.5227
BLOCK02/SES021/SA021S15	SES206	-0.00645828	-61.5292	-61.5227
BLOCK02/SES021/SA021S15	SES226	-0.824944	-62.3477	-61.5227
BLOCK02/SES021/SA021S23	SES062	-2.89098	-66.7952	-63.9042
BLOCK02/SES021/SA021S23	SES087	-1.53976	-65.444	-63.9042
BLOCK02/SES021/SA021S23	SES206	-1.09778	-65.002	-63.9042
BLOCK02/SES021/SA021S23	SES226	-0.320602	-64.2248	-63.9042
BLOCK02/SES021/SA021S27	SES002	-1.85395	-63.9657	-62.1118
BLOCK02/SES021/SA021S27	SES016	-4.06616	-66.1779	-62.1118
BLOCK02/SES021/SA021S27	SES019	-1.8061	-63.9179	-62.1118
BLOCK02/SES021/SA021S27	SES062	-1.47045	-63.5822	-62.1118
BLOCK02/SES021/SA021S29	SES087	-0.873302	-63.3206	-62.4473
BLOCK02/SES021/SA021S29	SES125	-0.0997734	-62.5471	-62.4473
BLOCK02/SES021/SA021S29	SES206	-0.102779	-62.5501	-62.4473
BLOCK02/SES021/SA021S29	SES226	-0.415215	-62.8625	-62.4473
BLOCK04/SES043/SA043S09	SES083	-1.91228	-66.6323	-64.72
BLOCK04/SES043/SA043S09	SES101	-2.11302	-66.833	-64.72
BLOCK04/SES043/SA043S09	SES144	-0.154633	-64.8746	-64.72
BLOCK04/SES043/SA043S09	SES172	-3.61781	-68.3378	-64.72
BLOCK04/SES043/SA043S11	SES083	-0.619495	-64.0476	-63.4281
BLOCK04/SES043/SA043S11	SES101	-1.13485	-64.5629	-63.4281
BLOCK04/SES043/SA043S11	SES144	-0.277924	-63.706	-63.4281
BLOCK04/SES043/SA043S11	SES172	-1.25046	-64.6785	-63.4281
BLOCK04/SES043/SA043S23	SES083	-0.579418	-64.2931	-63.7137
BLOCK04/SES043/SA043S23	SES144	0.298069	-63.4156	-63.7137
BLOCK04/SES043/SA043S23	SES177	-2.83034	-66.544	-63.7137
BLOCK04/SES043/SA043S23	SES275	-0.26685	-63.9805	-63.7137
BLOCK04/SES043/SA043S26	SES083	-0.545681	-64.3495	-63.8039
BLOCK04/SES043/SA043S26	SES101	-1.05395	-64.8578	-63.8039
BLOCK04/SES043/SA043S26	SES144	-0.0695686	-63.8734	-63.8039
BLOCK04/SES043/SA043S26	SES177	-1.64	-65.4439	-63.8039
BLOCK04/SES043/SA043S28	SES016	-1.00185	-63.9101	-62.9083
BLOCK04/SES043/SA043S28	SES083	-0.79044	-63.6987	-62.9083
BLOCK04/SES043/SA043S28	SES101	-0.786739	-63.695	-62.9083
BLOCK04/SES043/SA043S28	SES144	-0.351933	-63.2602	-62.9083
BLOCK04/SES044/SA044S10	SES127	-2.63098	-69.3915	-66.7605
BLOCK04/SES044/SA044S10	SES144	-0.303925	-67.0644	-66.7605
BLOCK04/SES044/SA044S10	SES147	-2.83438	-69.5949	-66.7605
BLOCK04/SES044/SA044S10	SES148	-2.05831	-68.8188	-66.7605
BLOCK04/SES044/SA044S11	SES101	-0.809891	-66.1826	-65.3727
BLOCK04/SES044/SA044S11	SES144	-0.16124	-65.534	-65.3727
BLOCK04/SES044/SA044S11	SES147	-2.50321	-67.8759	-65.3727
BLOCK04/SES044/SA044S11	SES177	-1.73571	-67.1084	-65.3727
BLOCK04/SES044/SA044S24	SES007	-1.63212	-66.5845	-64.9524
BLOCK04/SES044/SA044S24	SES101	-0.541023	-65.4934	-64.9524
BLOCK04/SES044/SA044S24	SES147	-3.29865	-68.251	-64.9524
BLOCK04/SES044/SA044S24	SES177	-2.33873	-67.2911	-64.9524
BLOCK04/SES044/SA044S26	SES007	-1.49538	-65.609	-64.1137
BLOCK04/SES044/SA044S26	SES016	-0.681496	-64.7952	-64.1137
BLOCK04/SES044/SA044S26	SES101	-1.08805	-65.2017	-64.1137
BLOCK04/SES044/SA044S26	SES147	-1.35287	-65.4665	-64.1137
BLOCK04/SES044/SA044S29	SES007	-1.41492	-64.6893	-63.2744
BLOCK04/SES044/SA044S29	SES101	-0.267929	-63.5423	-63.2744
BLOCK04/SES044/SA044S29	SES147	-1.88343	-65.1578	-63.2744
BLOCK04/SES044/SA044S29	SES177	-2.3861	-65.6605	-63.2744
BLOCK04/SES046/SA046S13	SES101	-1.91914	-66.5662	-64.647
BLOCK04/SES046/SA046S13	SES144	-0.69458	-65.3416	-64.647
BLOCK04/SES046/SA046S13	SES147	-2.17262	-66.8196	-64.647
BLOCK04/SES046/SA046S13	SES177	-1.00121	-65.6482	-64.647
BLOCK04/SES046/SA046S15	SES048	-2.35918	-65.0234	-62.6642
BLOCK04/SES046/SA046S15	SES083	-0.858265	-63.5225	-62.6642
BLOCK04/SES046/SA046S15	SES120	-1.98857	-64.6528	-62.6642
BLOCK04/SES046/SA046S15	SES148	-1.30979	-63.974	-62.6642
BLOCK04/SES046/SA046S22	SES101	-0.437675	-64.7232	-64.2855
BLOCK04/SES046/SA046S22	SES144	-0.167358	-64.4529	-64.2855
BLOCK04/SES046/SA046S22	SES147	-1.4017	-65.6872	-64.2855
BLOCK04/SES046/SA046S22	SES172	-1.73695	-66.0225	-64.2855
BLOCK04/SES046/SA046S25	SES083	-1.43976	-64.9409	-63.5011
BLOCK04/SES046/SA046S25	SES127	-1.34071	-64.8418	-63.5011
BLOCK04/SES046/SA046S25	SES144	-1.18283	-64.6839	-63.5011
BLOCK04/SES046/SA046S25	SES148	-0.970284	-64.4714	-63.5011
BLOCK04/SES046/SA046S28	SES007	-3.60248	-67.7904	-64.1879
BLOCK04/SES046/SA046S28	SES105	-2.40912	-66.597	-64.1879
BLOCK04/SES046/SA046S28	SES147	-2.4964	-66.6843	-64.1879
BLOCK04/SES046/SA046S28	SES148	-0.699471	-64.8873	-64.1879
BLOCK04/SES049/SA049S16	SES104	-0.925156	-64.875	-63.9499
BLOCK04/SES049/SA049S16	SES106	-1.13872	-65.0886	-63.9499
BLOCK04/SES049/SA049S16	SES120	-2.65656	-66.6064	-63.9499
BLOCK04/SES049/SA049S16	SES206	-0.963989	-64.9139	-63.9499
BLOCK04/SES049/SA049S18	SES099	-0.310303	-65.1833	-64.873
BLOCK04/SES049/SA049S18	SES104	-1.58636	-66.4594	-64.873
BLOCK04/SES049/SA049S18	SES125	-1.76509	-66.6381	-64.873
BLOCK04/SES049/SA049S18	SES206	-1.53334	-66.4063	-64.873
BLOCK04/SES049/SA049S25	SES087	-0.619057	-64.2226	-63.6036
BLOCK04/SES049/SA049S25	SES104	-0.304878	-63.9085	-63.6036
BLOCK04/SES049/SA049S25	SES125	-0.957123	-64.5607	-63.6036
BLOCK04/SES049/SA049S25	SES206	-0.195934	-63.7995	-63.6036
BLOCK04/SES049/SA049S27	SES099	-0.557903	-63.942	-63.3841
BLOCK04/SES049/SA049S27	SES104	-0.101662	-63.4858	-63.3841
BLOCK04/SES049/SA049S27	SES125	-1.34011	-64.7242	-63.3841
BLOCK04/SES049/SA049S27	SES206	-0.718609	-64.1027	-63.3841
BLOCK04/SES049/SA049S29	SES099	-0.217583	-62.7742	-62.5566
BLOCK04/SES049/SA049S29	SES104	0.337746	-62.2189	-62.5566
BLOCK04/SES049/SA049S29	SES125	-0.228794	-62.7854	-62.5566
BLOCK04/SES049/SA049S29	SES206	0.250614	-62.306	-62.5566
BLOCK06/SES063/SA063S09	SES068	-1.54531	-64.8222	-63.2769
BLOCK06/SES063/SA063S09	SES083	-0.326359	-63.6032	-63.2769
BLOCK06/SES063/SA063S09	SES177	-1.07561	-64.3525	-63.2769
BLOCK06/SES063/SA063S09	SES187	-0.964569	-64.2414	-63.2769
BLOCK06/SES063/SA063S10	SES068	-1.71806	-65.5361	-63.8181
BLOCK06/SES063/SA063S10	SES083	-0.41156	-64.2296	-63.8181
BLOCK06/SES063/SA063S10	SES172	-0.123451	-63.9415	-63.8181
BLOCK06/SES063/SA063S10	SES187	-1.30046	-65.1185	-63.8181
BLOCK06/SES063/SA063S20	SES068	-2.98662	-66.984	-63.9974
BLOCK06/SES063/SA063S20	SES083	-1.06942	-65.0668	-63.9974
BLOCK06/SES063/SA063S20	SES172	-1.35913	-65.3565	-63.9974
BLOCK06/SES063/SA063S20	SES187	-0.62376	-64.6211	-63.9974
BLOCK06/SES063/SA063S24	SES029	-1.93328	-64.8088	-62.8755
BLOCK06/SES063/SA063S24	SES083	-0.0733757	-62.9489	-62.8755
BLOCK06/SES063/SA063S24	SES177	-0.881519	-63.7571	-62.8755
BLOCK06/SES063/SA063S24	SES189	-1.03364	-63.9092	-62.8755
BLOCK06/SES063/SA063S27	SES083	-0.698509	-65.2871	-64.5885
BLOCK06/SES063/SA063S27	SES172	-0.298233	-64.8868	-64.5885
BLOCK06/SES063/SA063S27	SES187	-0.511627	-65.1002	-64.5885
BLOCK06/SES063/SA063S27	SES292	-1.97997	-66.5685	-64.5885
BLOCK06/SES067/SA067S12	SES083	-1.6899	-65.2058	-63.5159
BLOCK06/SES067/SA067S12	SES172	-3.06837	-66.5843	-63.5159
BLOCK06/SES067/SA067S12	SES202	0.0359993	-63.4799	-63.5159
BLOCK06/SES067/SA067S12	SES292	-1.66	-65.1759	-63.5159
BLOCK06/SES067/SA067S14	SES085	-1.49007	-63.7727	-62.2826
BLOCK06/SES067/SA067S14	SES177	-1.61199	-63.8946	-62.2826
BLOCK06/SES067/SA067S14	SES183	-1.86631	-64.149	-62.2826
BLOCK06/SES067/SA067S14	SES202	-0.348759	-62.6314	-62.2826
BLOCK06/SES067/SA067S21	SES144	-0.843956	-65.0238	-64.1799
BLOCK06/SES067/SA067S21	SES177	-0.83757	-65.0174	-64.1799
BLOCK06/SES067/SA067S21	SES183	-3.32005	-67.4999	-64.1799
BLOCK06/SES067/SA067S21	SES189	-0.0693665	-64.2492	-64.1799
BLOCK06/SES067/SA067S25	SES085	-0.865673	-64.6798	-63.8141
BLOCK06/SES067/SA067S25	SES177	-0.840466	-64.6546	-63.8141
BLOCK06/SES067/SA067S25	SES183	-1.5432	-65.3573	-63.8141
BLOCK06/SES067/SA067S25	SES202	-0.181202	-63.9953	-63.8141
BLOCK06/SES067/SA067S29	SES085	-1.60542	-65.7433	-64.1379
BLOCK06/SES067/SA067S29	SES177	-1.71398	-65.8519	-64.1379
BLOCK06/SES067/SA067S29	SES183	-1.0109	-65.1488	-64.1379
BLOCK06/SES067/SA067S29	SES202	0.21376	-63.9242	-64.1379
BLOCK06/SES069/SA069S12	SES029	-2.19917	-65.2715	-63.0724
BLOCK06/SES069/SA069S12	SES082	-0.0106277	-63.083	-63.0724
BLOCK06/SES069/SA069S12	SES087	-1.65471	-64.7271	-63.0724
BLOCK06/SES069/SA069S12	SES206	-1.08264	-64.155	-63.0724
BLOCK06/SES069/SA069S13	SES029	-2.59197	-65.271	-62.679
BLOCK06/SES069/SA069S13	SES087	-1.6038	-64.2828	-62.679
BLOCK06/SES069/SA069S13	SES206	-1.30699	-63.986	-62.679
BLOCK06/SES069/SA069S13	SES226	-1.01176	-63.6907	-62.679
BLOCK06/SES069/SA069S23	SES029	-1.59384	-62.9408	-61.3469
BLOCK06/SES069/SA069S23	SES087	-1.77814	-63.1251	-61.3469
BLOCK06/SES069/SA069S23	SES206	-1.08739	-62.4343	-61.3469
BLOCK06/SES069/SA069S23	SES226	-0.410809	-61.7577	-61.3469
BLOCK06/SES069/SA069S25	SES087	-1.09481	-62.8479	-61.7531
BLOCK06/SES069/SA069S25	SES206	-1.20378	-62.9569	-61.7531
BLOCK06/SES069/SA069S25	SES226	-0.308651	-62.0618	-61.7531
BLOCK06/SES069/SA069S25	SES270	-0.895649	-62.6488	-61.7531
BLOCK06/SES069/SA069S27	SES087	-1.76052	-63.7843	-62.0238
BLOCK06/SES069/SA069S27	SES206	-0.424732	-62.4485	-62.0238
BLOCK06/SES069/SA069S27	SES226	0.280556	-61.7432	-62.0238
BLOCK06/SES069/SA069S27	SES270	-0.771057	-62.7948	-62.0238
BLOCK08/SES081/SA081S11	SES060	-1.7137	-65.0845	-63.3708
BLOCK08/SES081/SA081S11	SES062	-3.37014	-66.7409	-63.3708
BLOCK08/SES081/SA081S11	SES117	-1.29482	-64.6656	-63.3708
BLOCK08/SES081/SA081S11	SES162	-1.24606	-64.6168	-63.3708
BLOCK08/SES081/SA081S13	SES016	-0.907406	-63.6741	-62.7667
BLOCK08/SES081/SA081S13	SES060	-0.393497	-63.1602	-62.7667
BLOCK08/SES081/SA081S13	SES068	-0.174412	-62.9411	-62.7667
BLOCK08/SES081/SA081S13	SES129	-1.52941	-64.2961	-62.7667
BLOCK08/SES081/SA081S24	SES060	-0.60041	-63.833	-63.2326
BLOCK08/SES081/SA081S24	SES068	-1.43466	-64.6673	-63.2326
BLOCK08/SES081/SA081S24	SES117	-1.24514	-64.4778	-63.2326
BLOCK08/SES081/SA081S24	SES275	-2.16053	-65.3931	-63.2326
BLOCK08/SES081/SA081S27	SES007	-2.3048	-65.4794	-63.1746
BLOCK08/SES081/SA081S27	SES060	-1.46349	-64.6381	-63.1746
BLOCK08/SES081/SA081S27	SES117	-0.858566	-64.0331	-63.1746
BLOCK08/SES081/SA081S27	SES275	-2.2403	-65.4149	-63.1746
BLOCK08/SES081/SA081S29	SES007	-2.00396	-64.6924	-62.6884
BLOCK08/SES081/SA081S29	SES060	-1.11952	-63.8079	-62.6884
BLOCK08/SES081/SA081S29	SES117	-1.16482	-63.8533	-62.6884
BLOCK08/SES081/SA081S29	SES275	-2.12637	-64.8148	-62.6884
BLOCK08/SES086/SA086S11	SES029	-3.78136	-68.4446	-64.6633
BLOCK08/SES086/SA086S11	SES082	-1.79782	-66.4611	-64.6633
BLOCK08/SES086/SA086S11	SES087	-0.577507	-65.2408	-64.6633
BLOCK08/SES086/SA086S11	SES206	-1.23944	-65.9027	-64.6633
BLOCK08/SES086/SA086S12	SES029	-3.29478	-66.8007	-63.5059
BLOCK08/SES086/SA086S12	SES082	-0.65609	-64.162	-63.5059
BLOCK08/SES086/SA086S12	SES087	0.725723	-62.7802	-63.5059
BLOCK08/SES086/SA086S12	SES206	-0.169003	-63.6749	-63.5059
BLOCK08/SES086/SA086S20	SES029	-3.81975	-66.2754	-62.4556
BLOCK08/SES086/SA086S20	SES082	-1.07021	-63.5258	-62.4556
BLOCK08/SES086/SA086S20	SES087	0.389938	-62.0657	-62.4556
BLOCK08/SES086/SA086S20	SES206	-0.0484543	-62.5041	-62.4556
BLOCK08/SES086/SA086S24	SES087	1.14759	-62.2753	-63.4228
BLOCK08/SES086/SA086S24	SES104	-0.709461	-64.1323	-63.4228
BLOCK08/SES086/SA086S24	SES120	-3.27147	-66.6943	-63.4228
BLOCK08/SES086/SA086S24	SES206	0.703396	-62.7195	-63.4228
BLOCK08/SES086/SA086S28	SES029	-2.79977	-65.1843	-62.3846
BLOCK08/SES086/SA086S28	SES082	-0.89719	-63.2817	-62.3846
BLOCK08/SES086/SA086S28	SES087	0.725662	-61.6589	-62.3846
BLOCK08/SES086/SA086S28	SES206	0.0880203	-62.2965	-62.3846
BLOCK08/SES089/SA089S13	SES087	-1.50126	-65.0938	-63.5925
BLOCK08/SES089/SA089S13	SES206	-1.81505	-65.4075	-63.5925
BLOCK08/SES089/SA089S13	SES226	-0.909561	-64.5021	-63.5925
BLOCK08/SES089/SA089S13	SES270	-2.42476	-66.0173	-63.5925
BLOCK08/SES089/SA089S14	SES062	-1.84335	-65.0925	-63.2491
BLOCK08/SES089/SA089S14	SES087	-0.280243	-63.5294	-63.2491
BLOCK08/SES089/SA089S14	SES206	-0.759781	-64.0089	-63.2491
BLOCK08/SES089/SA089S14	SES226	0.00841522	-63.2407	-63.2491
BLOCK08/SES089/SA089S23	SES087	-1.14864	-66.1331	-64.9845
BLOCK08/SES089/SA089S23	SES206	-1.33513	-66.3196	-64.9845
BLOCK08/SES089/SA089S23	SES226	-0.8843	-65.8688	-64.9845
BLOCK08/SES089/SA089S23	SES270	-2.20636	-67.1908	-64.9845
BLOCK08/SES089/SA089S25	SES062	-2.31047	-65.8464	-63.5359
BLOCK08/SES089/SA089S25	SES087	-0.518742	-64.0547	-63.5359
BLOCK08/SES089/SA089S25	SES206	-1.35409	-64.89	-63.5359
BLOCK08/SES089/SA089S25	SES226	0.415363	-63.1206	-63.5359
BLOCK08/SES089/SA089S28	SES062	-1.71712	-65.6701	-63.953
BLOCK08/SES089/SA089S28	SES087	-0.556385	-64.5094	-63.953
BLOCK08/SES089/SA089S28	SES206	-0.178944	-64.1319	-63.953
BLOCK08/SES089/SA089S28	SES226	0.38015	-63.5728	-63.953
BLOCK09/SES097/SA097S11	SES099	0.335423	-63.4581	-63.7936
BLOCK09/SES097/SA097S11	SES125	-1.33184	-65.1254	-63.7936
BLOCK09/SES097/SA097S11	SES206	-0.926189	-64.7197	-63.7936
BLOCK09/SES097/SA097S11	SES226	0.444977	-63.3486	-63.7936
BLOCK09/SES097/SA097S14	SES062	-2.17881	-65.8231	-63.6443
BLOCK09/SES097/SA097S14	SES099	-0.826687	-64.471	-63.6443
BLOCK09/SES097/SA097S14	SES104	-0.59621	-64.2405	-63.6443
BLOCK09/SES097/SA097S14	SES206	-1.00103	-64.6453	-63.6443
BLOCK09/SES097/SA097S22	SES099	0.0330276	-63.5974	-63.6304
BLOCK09/SES097/SA097S22	SES206	-1.04001	-64.6705	-63.6304
BLOCK09/SES097/SA097S22	SES226	-0.588425	-64.2189	-63.6304
BLOCK09/SES097/SA097S22	SES270	0.0754623	-63.555	-63.6304
BLOCK09/SES097/SA097S26	SES099	0.485661	-63.0605	-63.5462
BLOCK09/SES097/SA097S26	SES120	-2.85264	-66.3988	-63.5462
BLOCK09/SES097/SA097S26	SES206	-0.248623	-63.7948	-63.5462
BLOCK09/SES097/SA097S26	SES226	-0.596939	-64.1431	-63.5462
BLOCK09/SES097/SA097S28	SES099	-0.219101	-63.8075	-63.5884
BLOCK09/SES097/SA097S28	SES120	-2.30881	-65.8972	-63.5884
BLOCK09/SES097/SA097S28	SES206	-1.14344	-64.7318	-63.5884
BLOCK09/SES097/SA097S28	SES226	-0.837315	-64.4257	-63.5884
BLOCK09/SES098/SA098S11	SES127	-2.52666	-68.1775	-65.6508
BLOCK09/SES098/SA098S11	SES144	-1.01631	-66.6671	-65.6508
BLOCK09/SES098/SA098S11	SES147	-0.409569	-66.0604	-65.6508
BLOCK09/SES098/SA098S11	SES148	-2.62336	-68.2742	-65.6508
BLOCK09/SES098/SA098S12	SES127	-4.48594	-70.986	-66.5
BLOCK09/SES098/SA098S12	SES144	-1.19266	-67.6927	-66.5
BLOCK09/SES098/SA098S12	SES147	-1.1207	-67.6207	-66.5
BLOCK09/SES098/SA098S12	SES189	-0.347122	-66.8471	-66.5
BLOCK09/SES098/SA098S20	SES127	-3.92935	-69.6153	-65.686
BLOCK09/SES098/SA098S20	SES147	-0.439621	-66.1256	-65.686
BLOCK09/SES098/SA098S20	SES148	-3.04572	-68.7317	-65.686
BLOCK09/SES098/SA098S20	SES292	-3.13867	-68.8247	-65.686
BLOCK09/SES098/SA098S23	SES127	-2.15352	-66.7856	-64.632
BLOCK09/SES098/SA098S23	SES147	-0.891251	-65.5233	-64.632
BLOCK09/SES098/SA098S23	SES187	-0.676178	-65.3082	-64.632
BLOCK09/SES098/SA098S23	SES292	-2.79265	-67.4247	-64.632
BLOCK09/SES098/SA098S27	SES127	-2.21501	-67.6197	-65.4047
BLOCK09/SES098/SA098S27	SES147	-1.7614	-67.1661	-65.4047
BLOCK09/SES098/SA098S27	SES148	-3.57831	-68.983	-65.4047
BLOCK09/SES098/SA098S27	SES292	-2.33926	-67.744	-65.4047
BLOCK10/SES102/SA102S13	SES101	-0.0787354	-64.5344	-64.4557
BLOCK10/SES102/SA102S13	SES105	-1.4426	-65.8983	-64.4557
BLOCK10/SES102/SA102S13	SES120	-1.48123	-65.9369	-64.4557
BLOCK10/SES102/SA102S13	SES158	-7.72815	-72.1839	-64.4557
BLOCK10/SES102/SA102S14	SES007	-0.0467644	-62.9641	-62.9173
BLOCK10/SES102/SA102S14	SES101	0.0313644	-62.886	-62.9173
BLOCK10/SES102/SA102S14	SES105	-0.45171	-63.369	-62.9173
BLOCK10/SES102/SA102S14	SES147	-2.31819	-65.2355	-62.9173
BLOCK10/SES102/SA102S22	SES007	-0.912739	-64.1797	-63.2669
BLOCK10/SES102/SA102S22	SES101	-0.00443268	-63.2714	-63.2669
BLOCK10/SES102/SA102S22	SES105	-0.58424	-63.8512	-63.2669
BLOCK10/SES102/SA102S22	SES158	-4.22186	-67.4888	-63.2669
BLOCK10/SES102/SA102S25	SES007	-0.511673	-63.9704	-63.4587
BLOCK10/SES102/SA102S25	SES101	-0.457474	-63.9162	-63.4587
BLOCK10/SES102/SA102S25	SES105	-0.558651	-64.0174	-63.4587
BLOCK10/SES102/SA102S25	SES147	-3.33273	-66.7914	-63.4587
BLOCK10/SES102/SA102S27	SES007	-1.00352	-64.8783	-63.8748
BLOCK10/SES102/SA102S27	SES101	-0.283623	-64.1584	-63.8748
BLOCK10/SES102/SA102S27	SES105	-0.68766	-64.5625	-63.8748
BLOCK10/SES102/SA102S27	SES147	-1.98461	-65.8594	-63.8748
BLOCK10/SES103/SA103S14	SES105	-2.74596	-67.0914	-64.3455
BLOCK10/SES103/SA103S14	SES106	-0.229286	-64.5748	-64.3455
BLOCK10/SES103/SA103S14	SES120	-3.51144	-67.8569	-64.3455
BLOCK10/SES103/SA103S14	SES206	-1.37614	-65.7216	-64.3455
BLOCK10/SES103/SA103S15	SES099	-0.363068	-65.7178	-65.3548
BLOCK10/SES103/SA103S15	SES101	-3.32864	-68.6834	-65.3548
BLOCK10/SES103/SA103S15	SES104	-0.550491	-65.9053	-65.3548
BLOCK10/SES103/SA103S15	SES125	-0.707817	-66.0626	-65.3548
BLOCK10/SES103/SA103S24	SES104	-1.2208	-64.8524	-63.6316
BLOCK10/SES103/SA103S24	SES125	-1.28351	-64.9151	-63.6316
BLOCK10/SES103/SA103S24	SES148	-3.01132	-66.6429	-63.6316
BLOCK10/SES103/SA103S24	SES158	-0.207458	-63.8391	-63.6316
BLOCK10/SES103/SA103S26	SES104	-1.31904	-66.0699	-64.7509
BLOCK10/SES103/SA103S26	SES106	-0.643059	-65.394	-64.7509
BLOCK10/SES103/SA103S26	SES125	-1.24099	-65.9919	-64.7509
BLOCK10/SES103/SA103S26	SES148	-3.21588	-67.9668	-64.7509
BLOCK10/SES103/SA103S28	SES104	-1.3401	-66.8441	-65.504
BLOCK10/SES103/SA103S28	SES106	-0.771309	-66.2753	-65.504
BLOCK10/SES103/SA103S28	SES125	-2.02804	-67.5321	-65.504
BLOCK10/SES103/SA103S28	SES206	-2.48393	-67.988	-65.504
BLOCK12/SES121/SA121S12	SES042	-1.46527	-67.0809	-65.6156
BLOCK12/SES121/SA121S12	SES087	-0.996635	-66.6123	-65.6156
BLOCK12/SES121/SA121S12	SES105	-1.4509	-67.0665	-65.6156
BLOCK12/SES121/SA121S12	SES206	-1.29568	-66.9113	-65.6156
BLOCK12/SES121/SA121S14	SES007	-2.78009	-69.0189	-66.2388
BLOCK12/SES121/SA121S14	SES105	-2.39914	-68.6379	-66.2388
BLOCK12/SES121/SA121S14	SES106	-1.28829	-67.5271	-66.2388
BLOCK12/SES121/SA121S14	SES206	-1.49046	-67.7292	-66.2388
BLOCK12/SES121/SA121S23	SES105	-1.75996	-67.8847	-66.1248
BLOCK12/SES121/SA121S23	SES106	-0.439888	-66.5647	-66.1248
BLOCK12/SES121/SA121S23	SES120	-2.76862	-68.8934	-66.1248
BLOCK12/SES121/SA121S23	SES206	-1.20582	-67.3306	-66.1248
BLOCK12/SES121/SA121S25	SES007	-2.64006	-69.1558	-66.5157
BLOCK12/SES121/SA121S25	SES105	-2.76827	-69.284	-66.5157
BLOCK12/SES121/SA121S25	SES106	-1.37003	-67.8858	-66.5157
BLOCK12/SES121/SA121S25	SES206	-1.70832	-68.2241	-66.5157
BLOCK12/SES121/SA121S27	SES087	-0.479324	-65.7073	-65.228
BLOCK12/SES121/SA121S27	SES105	-3.00433	-68.2323	-65.228
BLOCK12/SES121/SA121S27	SES120	-3.31667	-68.5446	-65.228
BLOCK12/SES121/SA121S27	SES206	-1.10942	-66.3374	-65.228
BLOCK12/SES124/SA124S16	SES042	-0.417267	-63.7906	-63.3734
BLOCK12/SES124/SA124S16	SES082	-0.508228	-63.8816	-63.3734
BLOCK12/SES124/SA124S16	SES183	-3.79797	-67.1713	-63.3734
BLOCK12/SES124/SA124S16	SES206	-1.19057	-64.5639	-63.3734
BLOCK12/SES124/SA124S17	SES105	-2.29751	-66.4663	-64.1688
BLOCK12/SES124/SA124S17	SES149	-1.64133	-65.8101	-64.1688
BLOCK12/SES124/SA124S17	SES158	-1.65494	-65.8238	-64.1688
BLOCK12/SES124/SA124S17	SES275	-2.57286	-66.7417	-64.1688
BLOCK12/SES124/SA124S23	SES105	-2.71833	-64.4738	-61.7555
BLOCK12/SES124/SA124S23	SES125	-0.0324173	-61.7879	-61.7555
BLOCK12/SES124/SA124S23	SES129	-3.80723	-65.5627	-61.7555
BLOCK12/SES124/SA124S23	SES158	-0.331047	-62.0865	-61.7555
BLOCK12/SES124/SA124S26	SES105	-3.43316	-66.3557	-62.9225
BLOCK12/SES124/SA124S26	SES125	-0.0119591	-62.9345	-62.9225
BLOCK12/SES124/SA124S26	SES129	-3.89314	-66.8157	-62.9225
BLOCK12/SES124/SA124S26	SES158	-0.880775	-63.8033	-62.9225
BLOCK12/SES124/SA124S28	SES104	-0.690674	-63.0967	-62.406
BLOCK12/SES124/SA124S28	SES106	-0.393253	-62.7993	-62.406
BLOCK12/SES124/SA124S28	SES125	-0.0736847	-62.4797	-62.406
BLOCK12/SES124/SA124S28	SES275	-3.3593	-65.7653	-62.406
BLOCK12/SES126/SA126S13	SES007	-2.14347	-68.2588	-66.1154
BLOCK12/SES126/SA126S13	SES162	-1.23852	-67.3539	-66.1154
BLOCK12/SES126/SA126S13	SES177	-1.38353	-67.4989	-66.1154
BLOCK12/SES126/SA126S13	SES180	-1.25613	-67.3715	-66.1154
BLOCK12/SES126/SA126S14	SES144	-1.09754	-65.1592	-64.0616
BLOCK12/SES126/SA126S14	SES148	-1.32898	-65.3906	-64.0616
BLOCK12/SES126/SA126S14	SES177	-0.31295	-64.3746	-64.0616
BLOCK12/SES126/SA126S14	SES180	-0.630295	-64.6919	-64.0616
BLOCK12/SES126/SA126S20	SES007	-2.11253	-66.0469	-63.9344
BLOCK12/SES126/SA126S20	SES162	-2.17448	-66.1088	-63.9344
BLOCK12/SES126/SA126S20	SES172	-4.39016	-68.3245	-63.9344
BLOCK12/SES126/SA126S20	SES180	-1.18849	-65.1228	-63.9344
BLOCK12/SES126/SA126S24	SES120	-0.69738	-64.5258	-63.8285
BLOCK12/SES126/SA126S24	SES162	-0.923615	-64.7521	-63.8285
BLOCK12/SES126/SA126S24	SES177	-1.06412	-64.8926	-63.8285
BLOCK12/SES126/SA126S24	SES180	-0.172249	-64.0007	-63.8285
BLOCK12/SES126/SA126S26	SES120	-0.80864	-65.5868	-64.7782
BLOCK12/SES126/SA126S26	SES177	-1.45	-66.2282	-64.7782
BLOCK12/SES126/SA126S26	SES180	-1.03085	-65.809	-64.7782
BLOCK12/SES126/SA126S26	SES202	-1.94738	-66.7256	-64.7782
BLOCK12/SES128/SA128S10	SES087	-2.0308	-65.4499	-63.4191
BLOCK12/SES128/SA128S10	SES206	-1.00436	-64.4235	-63.4191
BLOCK12/SES128/SA128S10	SES226	-0.395115	-63.8143	-63.4191
BLOCK12/SES128/SA128S10	SES270	-0.548801	-63.9679	-63.4191
BLOCK12/SES128/SA128S12	SES120	-2.56289	-66.0225	-63.4596
BLOCK12/SES128/SA128S12	SES158	-0.982746	-64.4423	-63.4596
BLOCK12/SES128/SA128S12	SES206	-0.781643	-64.2412	-63.4596
BLOCK12/SES128/SA128S12	SES226	-0.918011	-64.3776	-63.4596
BLOCK12/SES128/SA128S21	SES106	-2.86864	-67.6595	-64.7908
BLOCK12/SES128/SA128S21	SES120	-2.38917	-67.18	-64.7908
BLOCK12/SES128/SA128S21	SES206	-2.9326	-67.7234	-64.7908
BLOCK12/SES128/SA128S21	SES226	-1.63548	-66.4263	-64.7908
BLOCK12/SES128/SA128S24	SES087	-2.94492	-67.6954	-64.7505
BLOCK12/SES128/SA128S24	SES120	-1.65984	-66.4104	-64.7505
BLOCK12/SES128/SA128S24	SES206	-2.65839	-67.4089	-64.7505
BLOCK12/SES128/SA128S24	SES226	-1.5749	-66.3254	-64.7505
BLOCK12/SES128/SA128S27	SES099	-1.14226	-64.8216	-63.6794
BLOCK12/SES128/SA128S27	SES120	-1.61879	-65.2982	-63.6794
BLOCK12/SES128/SA128S27	SES206	-1.6357	-65.3151	-63.6794
BLOCK12/SES128/SA128S27	SES226	-0.605885	-64.2852	-63.6794
BLOCK13/SES130/SA130S13	SES143	-2.31712	-67.9105	-65.5934
BLOCK13/SES130/SA130S13	SES144	-0.19928	-65.7927	-65.5934
BLOCK13/SES130/SA130S13	SES146	-0.622368	-66.2158	-65.5934
BLOCK13/SES130/SA130S13	SES275	-2.62907	-68.2225	-65.5934
BLOCK13/SES130/SA130S15	SES143	-1.60954	-65.9823	-64.3728
BLOCK13/SES130/SA130S15	SES144	-0.394936	-64.7677	-64.3728
BLOCK13/SES130/SA130S15	SES146	-0.635269	-65.008	-64.3728
BLOCK13/SES130/SA130S15	SES275	-0.983109	-65.3559	-64.3728
BLOCK13/SES130/SA130S23	SES127	-2.35008	-68.2886	-65.9385
BLOCK13/SES130/SA130S23	SES144	-0.361832	-66.3003	-65.9385
BLOCK13/SES130/SA130S23	SES146	-0.0629349	-66.0014	-65.9385
BLOCK13/SES130/SA130S23	SES162	-1.46477	-67.4032	-65.9385
BLOCK13/SES130/SA130S25	SES127	-2.3245	-66.244	-63.9195
BLOCK13/SES130/SA130S25	SES144	-0.0176086	-63.9371	-63.9195
BLOCK13/SES130/SA130S25	SES146	-0.361427	-64.2809	-63.9195
BLOCK13/SES130/SA130S25	SES275	-0.586586	-64.5061	-63.9195
BLOCK13/SES130/SA130S28	SES127	-1.48407	-65.5495	-64.0654
BLOCK13/SES130/SA130S28	SES144	-0.556206	-64.6216	-64.0654
BLOCK13/SES130/SA130S28	SES146	-0.786987	-64.8524	-64.0654
BLOCK13/SES130/SA130S28	SES275	-0.796455	-64.8619	-64.0654
BLOCK13/SES131/SA131S13	SES002	-2.17393	-67.9486	-65.7747
BLOCK13/SES131/SA131S13	SES007	-3.18402	-68.9587	-65.7747
BLOCK13/SES131/SA131S13	SES099	-1.56884	-67.3435	-65.7747
BLOCK13/SES131/SA131S13	SES105	-2.38175	-68.1564	-65.7747
BLOCK13/SES131/SA131S14	SES104	-0.731129	-64.1299	-63.3988
BLOCK13/SES131/SA131S14	SES106	-0.194283	-63.5931	-63.3988
BLOCK13/SES131/SA131S14	SES125	-0.920727	-64.3195	-63.3988
BLOCK13/SES131/SA131S14	SES148	-2.04339	-65.4422	-63.3988
BLOCK13/SES131/SA131S20	SES104	-1.06992	-66.097	-65.027
BLOCK13/SES131/SA131S20	SES106	-0.158211	-65.1853	-65.027
BLOCK13/SES131/SA131S20	SES125	-1.56862	-66.5957	-65.027
BLOCK13/SES131/SA131S20	SES148	-3.13755	-68.1646	-65.027
BLOCK13/SES131/SA131S22	SES099	-1.03059	-65.0953	-64.0647
BLOCK13/SES131/SA131S22	SES104	-1.07598	-65.1407	-64.0647
BLOCK13/SES131/SA131S22	SES125	-1.11404	-65.1788	-64.0647
BLOCK13/SES131/SA131S22	SES206	-1.31622	-65.381	-64.0647
BLOCK13/SES131/SA131S29	SES087	-0.832222	-65.5025	-64.6703
BLOCK13/SES131/SA131S29	SES104	-1.57653	-66.2468	-64.6703
BLOCK13/SES131/SA131S29	SES125	-1.61462	-66.2849	-64.6703
BLOCK13/SES131/SA131S29	SES206	-1.44072	-66.111	-64.6703
BLOCK13/SES132/SA132S11	SES083	-1.45733	-64.5678	-63.1104
BLOCK13/SES132/SA132S11	SES120	-0.370045	-63.4805	-63.1104
BLOCK13/SES132/SA132S11	SES127	-0.90498	-64.0154	-63.1104
BLOCK13/SES132/SA132S11	SES275	-1.3419	-64.4523	-63.1104
BLOCK13/SES132/SA132S12	SES083	-1.15655	-64.3634	-63.2069
BLOCK13/SES132/SA132S12	SES143	-1.10389	-64.3108	-63.2069
BLOCK13/SES132/SA132S12	SES144	-0.941357	-64.1483	-63.2069
BLOCK13/SES132/SA132S12	SES148	-1.00696	-64.2139	-63.2069
BLOCK13/SES132/SA132S22	SES062	-0.850822	-63.9658	-63.1149
BLOCK13/SES132/SA132S22	SES083	-0.848843	-63.9638	-63.1149
BLOCK13/SES132/SA132S22	SES127	-0.424206	-63.5391	-63.1149
BLOCK13/SES132/SA132S22	SES275	-1.14273	-64.2577	-63.1149
BLOCK13/SES132/SA132S24	SES007	-0.830517	-64.0917	-63.2612
BLOCK13/SES132/SA132S24	SES083	-0.79208	-64.0533	-63.2612
BLOCK13/SES132/SA132S24	SES127	-0.871471	-64.1327	-63.2612
BLOCK13/SES132/SA132S24	SES275	-1.53011	-64.7913	-63.2612
BLOCK13/SES132/SA132S27	SES083	-1.61551	-65.1867	-63.5712
BLOCK13/SES132/SA132S27	SES120	-0.388729	-63.96	-63.5712
BLOCK13/SES132/SA132S27	SES127	-1.68074	-65.252	-63.5712
BLOCK13/SES132/SA132S27	SES275	-1.5564	-65.1276	-63.5712
BLOCK14/SES141/SA141S09	SES143	-0.562218	-64.3185	-63.7562
BLOCK14/SES141/SA141S09	SES144	-0.902481	-64.6587	-63.7562
BLOCK14/SES141/SA141S09	SES162	-1.14444	-64.9007	-63.7562
BLOCK14/SES141/SA141S09	SES180	-0.896835	-64.6531	-63.7562
BLOCK14/SES141/SA141S15	SES127	-1.63273	-65.8367	-64.204
BLOCK14/SES141/SA141S15	SES144	-1.15726	-65.3612	-64.204
BLOCK14/SES141/SA141S15	SES162	-0.968605	-65.1726	-64.204
BLOCK14/SES141/SA141S15	SES180	-1.10999	-65.314	-64.204
BLOCK14/SES141/SA141S24	SES127	-0.610264	-64.5749	-63.9646
BLOCK14/SES141/SA141S24	SES144	-1.42447	-65.3891	-63.9646
BLOCK14/SES141/SA141S24	SES162	-0.307858	-64.2725	-63.9646
BLOCK14/SES141/SA141S24	SES183	-1.86308	-65.8277	-63.9646
BLOCK14/SES141/SA141S26	SES142	-1.23942	-65.8778	-64.6384
BLOCK14/SES141/SA141S26	SES144	-1.08724	-65.7257	-64.6384
BLOCK14/SES141/SA141S26	SES172	-1.81719	-66.4556	-64.6384
BLOCK14/SES141/SA141S26	SES180	-0.418381	-65.0568	-64.6384
BLOCK14/SES141/SA141S29	SES127	-0.0563393	-63.9601	-63.9038
BLOCK14/SES141/SA141S29	SES142	-0.254368	-64.1581	-63.9038
BLOCK14/SES141/SA141S29	SES144	-0.979771	-64.8835	-63.9038
BLOCK14/SES141/SA141S29	SES180	-0.136585	-64.0403	-63.9038
BLOCK15/SES157/SA157S08	SES083	-2.28195	-66.4805	-64.1986
BLOCK15/SES157/SA157S08	SES127	-1.30681	-65.5054	-64.1986
BLOCK15/SES157/SA157S08	SES148	-0.984993	-65.1836	-64.1986
BLOCK15/SES157/SA157S08	SES292	-1.49751	-65.6961	-64.1986
BLOCK15/SES157/SA157S11	SES083	-1.97351	-65.8231	-63.8496
BLOCK15/SES157/SA157S11	SES127	-2.47026	-66.3199	-63.8496
BLOCK15/SES157/SA157S11	SES148	-1.22015	-65.0698	-63.8496
BLOCK15/SES157/SA157S11	SES292	-1.68618	-65.5358	-63.8496
BLOCK15/SES157/SA157S21	SES127	-2.21958	-65.6883	-63.4688
BLOCK15/SES157/SA157S21	SES148	-1.08971	-64.5585	-63.4688
BLOCK15/SES157/SA157S21	SES158	-4.62252	-68.0913	-63.4688
BLOCK15/SES157/SA157S21	SES292	-1.26419	-64.7329	-63.4688
BLOCK15/SES157/SA157S24	SES127	-2.01814	-65.6266	-63.6084
BLOCK15/SES157/SA157S24	SES148	-1.02058	-64.629	-63.6084
BLOCK15/SES157/SA157S24	SES183	-2.0069	-65.6153	-63.6084
BLOCK15/SES157/SA157S24	SES292	-1.69891	-65.3073	-63.6084
BLOCK15/SES157/SA157S26	SES007	-1.03935	-64.5127	-63.4733
BLOCK15/SES157/SA157S26	SES127	-0.904152	-64.3775	-63.4733
BLOCK15/SES157/SA157S26	SES147	-3.12531	-66.5986	-63.4733
BLOCK15/SES157/SA157S26	SES148	-1.03257	-64.5059	-63.4733
BLOCK16/SES161/SA161S10	SES007	-2.08158	-67.5854	-65.5038
BLOCK16/SES161/SA161S10	SES105	-1.15793	-66.6617	-65.5038
BLOCK16/SES161/SA161S10	SES158	-2.16754	-67.6713	-65.5038
BLOCK16/SES161/SA161S10	SES275	-1.77768	-67.2815	-65.5038
BLOCK16/SES161/SA161S12	SES007	-0.980263	-65.872	-64.8917
BLOCK16/SES161/SA161S12	SES105	-1.56456	-66.4563	-64.8917
BLOCK16/SES161/SA161S12	SES158	-1.45049	-66.3422	-64.8917
BLOCK16/SES161/SA161S12	SES275	-1.41884	-66.3106	-64.8917
BLOCK16/SES161/SA161S20	SES007	-1.78419	-68.1817	-66.3975
BLOCK16/SES161/SA161S20	SES105	-1.55856	-67.9561	-66.3975
BLOCK16/SES161/SA161S20	SES158	-1.36227	-67.7598	-66.3975
BLOCK16/SES161/SA161S20	SES275	-1.78701	-68.1846	-66.3975
BLOCK16/SES161/SA161S23	SES007	-1.95263	-66.3639	-64.4113
BLOCK16/SES161/SA161S23	SES105	-1.23437	-65.6456	-64.4113
BLOCK16/SES161/SA161S23	SES148	-2.56171	-66.973	-64.4113
BLOCK16/SES161/SA161S23	SES158	-1.14265	-65.5539	-64.4113
BLOCK16/SES161/SA161S28	SES007	-2.06696	-66.9381	-64.8712
BLOCK16/SES161/SA161S28	SES105	-1.94599	-66.8172	-64.8712
BLOCK16/SES161/SA161S28	SES158	-0.735336	-65.6065	-64.8712
BLOCK16/SES161/SA161S28	SES206	-1.63544	-66.5066	-64.8712
BLOCK16/SES164/SA164S11	SES104	-1.22976	-63.9624	-62.7326
BLOCK16/SES164/SA164S11	SES125	-0.217735	-62.9504	-62.7326
BLOCK16/SES164/SA164S11	SES158	0.287209	-62.4454	-62.7326
BLOCK16/SES164/SA164S11	SES206	-1.13939	-63.872	-62.7326
BLOCK16/SES164/SA164S13	SES099	-0.701588	-64.4373	-63.7357
BLOCK16/SES164/SA164S13	SES104	-1.48806	-65.2238	-63.7357
BLOCK16/SES164/SA164S13	SES125	-1.11861	-64.8543	-63.7357
BLOCK16/SES164/SA164S13	SES206	-1.19615	-64.9319	-63.7357
BLOCK16/SES164/SA164S24	SES002	0.522079	-63.0167	-63.5388
BLOCK16/SES164/SA164S24	SES099	-0.0931549	-63.632	-63.5388
BLOCK16/SES164/SA164S24	SES125	-0.79678	-64.3356	-63.5388
BLOCK16/SES164/SA164S24	SES226	0.0886383	-63.4502	-63.5388
BLOCK16/SES164/SA164S27	SES087	-1.67231	-65.8323	-64.16
BLOCK16/SES164/SA164S27	SES125	-1.05847	-65.2185	-64.16
BLOCK16/SES164/SA164S27	SES206	-0.927658	-65.0877	-64.16
BLOCK16/SES164/SA164S27	SES226	-0.7052	-64.8652	-64.16
BLOCK16/SES164/SA164S29	SES002	0.575996	-62.535	-63.111
BLOCK16/SES164/SA164S29	SES019	-0.817196	-63.9282	-63.111
BLOCK16/SES164/SA164S29	SES125	-0.575256	-63.6863	-63.111
BLOCK16/SES164/SA164S29	SES226	-0.477806	-63.5888	-63.111
BLOCK16/SES169/SA169S13	SES117	-1.63892	-65.9407	-64.3017
BLOCK16/SES169/SA169S13	SES144	-0.738106	-65.0398	-64.3017
BLOCK16/SES169/SA169S13	SES146	-0.52372	-64.8254	-64.3017
BLOCK16/SES169/SA169S13	SES162	-1.98462	-66.2863	-64.3017
BLOCK16/SES169/SA169S14	SES144	-0.664963	-63.976	-63.3111
BLOCK16/SES169/SA169S14	SES148	-0.95137	-64.2625	-63.3111
BLOCK16/SES169/SA169S14	SES177	-1.37967	-64.6908	-63.3111
BLOCK16/SES169/SA169S14	SES180	-2.26583	-65.5769	-63.3111
BLOCK16/SES169/SA169S24	SES117	-1.05191	-65.723	-64.6711
BLOCK16/SES169/SA169S24	SES144	-0.674751	-65.3459	-64.6711
BLOCK16/SES169/SA169S24	SES146	-0.984718	-65.6558	-64.6711
BLOCK16/SES169/SA169S24	SES162	-1.70763	-66.3787	-64.6711
BLOCK16/SES169/SA169S27	SES127	-1.206	-65.235	-64.029
BLOCK16/SES169/SA169S27	SES129	-1.19216	-65.2212	-64.029
BLOCK16/SES169/SA169S27	SES144	-1.24787	-65.2769	-64.029
BLOCK16/SES169/SA169S27	SES146	-0.577126	-64.6061	-64.029
BLOCK16/SES169/SA169S29	SES144	-0.61338	-64.3972	-63.7838
BLOCK16/SES169/SA169S29	SES162	-1.67046	-65.4543	-63.7838
BLOCK16/SES169/SA169S29	SES177	-2.27245	-66.0563	-63.7838
BLOCK16/SES169/SA169S29	SES180	-1.45605	-65.2399	-63.7838
BLOCK17/SES171/SA171S12	SES083	-1.25451	-65.6071	-64.3526
BLOCK17/SES171/SA171S12	SES148	-1.01286	-65.3654	-64.3526
BLOCK17/SES171/SA171S12	SES172	-1.77138	-66.1239	-64.3526
BLOCK17/SES171/SA171S12	SES292	-1.87894	-66.2315	-64.3526
BLOCK17/SES171/SA171S15	SES148	-1.814	-66.9639	-65.1499
BLOCK17/SES171/SA171S15	SES177	-1.08253	-66.2324	-65.1499
BLOCK17/SES171/SA171S15	SES180	-2.24506	-67.395	-65.1499
BLOCK17/SES171/SA171S15	SES292	-2.87925	-68.0292	-65.1499
BLOCK17/SES171/SA171S22	SES007	-1.74091	-65.1091	-63.3682
BLOCK17/SES171/SA171S22	SES148	-1.12221	-64.4904	-63.3682
BLOCK17/SES171/SA171S22	SES177	-0.723095	-64.0913	-63.3682
BLOCK17/SES171/SA171S22	SES180	-1.52332	-64.8915	-63.3682
BLOCK17/SES171/SA171S25	SES101	-2.22715	-67.5773	-65.3502
BLOCK17/SES171/SA171S25	SES120	-3.31479	-68.665	-65.3502
BLOCK17/SES171/SA171S25	SES177	-1.02	-66.3702	-65.3502
BLOCK17/SES171/SA171S25	SES180	-1.7367	-67.0869	-65.3502
BLOCK17/SES171/SA171S27	SES177	-0.498833	-64.8308	-64.332
BLOCK17/SES171/SA171S27	SES180	-1.65458	-65.9866	-64.332
BLOCK17/SES171/SA171S27	SES189	-0.489197	-64.8212	-64.332
BLOCK17/SES171/SA171S27	SES292	-2.12759	-66.4596	-64.332
BLOCK17/SES173/SA173S13	SES162	-2.74158	-68.2483	-65.5067
BLOCK17/SES173/SA173S13	SES177	-2.08859	-67.5953	-65.5067
BLOCK17/SES173/SA173S13	SES180	-1.85554	-67.3622	-65.5067
BLOCK17/SES173/SA173S13	SES292	-2.10008	-67.6068	-65.5067
BLOCK17/SES173/SA173S14	SES007	-3.29279	-68.8399	-65.5471
BLOCK17/SES173/SA173S14	SES162	-2.22021	-67.7674	-65.5471
BLOCK17/SES173/SA173S14	SES177	-1.28553	-66.8327	-65.5471
BLOCK17/SES173/SA173S14	SES180	-2.00014	-67.5473	-65.5471
BLOCK17/SES173/SA173S24	SES144	-0.969185	-67.1963	-66.2271
BLOCK17/SES173/SA173S24	SES162	-1.98046	-68.2076	-66.2271
BLOCK17/SES173/SA173S24	SES177	-1.29962	-67.5267	-66.2271
BLOCK17/SES173/SA173S24	SES180	-1.27362	-67.5007	-66.2271
BLOCK17/SES173/SA173S27	SES162	-3.14028	-68.5406	-65.4003
BLOCK17/SES173/SA173S27	SES177	-1.36345	-66.7637	-65.4003
BLOCK17/SES173/SA173S27	SES180	-1.94836	-67.3487	-65.4003
BLOCK17/SES173/SA173S27	SES292	-2.36486	-67.7652	-65.4003
BLOCK17/SES173/SA173S29	SES162	-2.43119	-67.7575	-65.3263
BLOCK17/SES173/SA173S29	SES175	-0.98568	-66.312	-65.3263
BLOCK17/SES173/SA173S29	SES177	-1.24818	-66.5745	-65.3263
BLOCK17/SES173/SA173S29	SES292	-2.91056	-68.2368	-65.3263
BLOCK18/SES182/SA182S10	SES144	-0.865387	-64.8694	-64.0041
BLOCK18/SES182/SA182S10	SES177	-0.848572	-64.8526	-64.0041
BLOCK18/SES182/SA182S10	SES180	-1.74718	-65.7512	-64.0041
BLOCK18/SES182/SA182S10	SES275	-0.791489	-64.7955	-64.0041
BLOCK18/SES182/SA182S12	SES144	-0.744095	-63.8462	-63.1021
BLOCK18/SES182/SA182S12	SES177	-1.22517	-64.3272	-63.1021
BLOCK18/SES182/SA182S12	SES180	-1.14362	-64.2457	-63.1021
BLOCK18/SES182/SA182S12	SES275	-1.68772	-64.7898	-63.1021
BLOCK18/SES182/SA182S21	SES117	-0.722305	-65.4426	-64.7203
BLOCK18/SES182/SA182S21	SES144	-1.35874	-66.079	-64.7203
BLOCK18/SES182/SA182S21	SES162	-0.66346	-65.3838	-64.7203
BLOCK18/SES182/SA182S21	SES180	-1.47378	-66.1941	-64.7203
BLOCK18/SES182/SA182S23	SES117	-0.981216	-65.3564	-64.3752
BLOCK18/SES182/SA182S23	SES144	-1.29839	-65.6735	-64.3752
BLOCK18/SES182/SA182S23	SES180	-1.14098	-65.5161	-64.3752
BLOCK18/SES182/SA182S23	SES275	-1.62197	-65.9971	-64.3752
BLOCK18/SES182/SA182S25	SES007	-0.615578	-64.8183	-64.2028
BLOCK18/SES182/SA182S25	SES162	-0.425232	-64.628	-64.2028
BLOCK18/SES182/SA182S25	SES177	-0.621338	-64.8241	-64.2028
BLOCK18/SES182/SA182S25	SES180	-0.780556	-64.9833	-64.2028
BLOCK18/SES184/SA184S12	SES177	-1.06882	-65.1412	-64.0723
BLOCK18/SES184/SA184S12	SES180	-1.13891	-65.2113	-64.0723
BLOCK18/SES184/SA184S12	SES189	-2.5086	-66.5809	-64.0723
BLOCK18/SES184/SA184S12	SES292	-1.82277	-65.8951	-64.0723
BLOCK18/SES184/SA184S13	SES101	-1.21349	-65.6984	-64.4849
BLOCK18/SES184/SA184S13	SES177	-0.935196	-65.4201	-64.4849
BLOCK18/SES184/SA184S13	SES180	-1.31342	-65.7983	-64.4849
BLOCK18/SES184/SA184S13	SES292	-1.11362	-65.5985	-64.4849
BLOCK18/SES184/SA184S22	SES177	-1.23652	-64.7975	-63.561
BLOCK18/SES184/SA184S22	SES180	-1.15615	-64.7172	-63.561
BLOCK18/SES184/SA184S22	SES189	-2.19846	-65.7595	-63.561
BLOCK18/SES184/SA184S22	SES292	-1.54672	-65.1077	-63.561
BLOCK18/SES184/SA184S25	SES101	-0.880901	-64.0187	-63.1378
BLOCK18/SES184/SA184S25	SES177	-1.79578	-64.9335	-63.1378
BLOCK18/SES184/SA184S25	SES180	-1.50918	-64.6469	-63.1378
BLOCK18/SES184/SA184S25	SES292	-1.04192	-64.1797	-63.1378
BLOCK18/SES184/SA184S27	SES083	-1.33577	-64.9463	-63.6105
BLOCK18/SES184/SA184S27	SES177	-1.26608	-64.8766	-63.6105
BLOCK18/SES184/SA184S27	SES202	-2.78741	-66.3979	-63.6105
BLOCK18/SES184/SA184S27	SES292	-1.41216	-65.0227	-63.6105
BLOCK20/SES204/SA204S12	SES062	-1.98339	-64.8147	-62.8313
BLOCK20/SES204/SA204S12	SES083	-2.25687	-65.0882	-62.8313
BLOCK20/SES204/SA204S12	SES206	-0.365242	-63.1965	-62.8313
BLOCK20/SES204/SA204S12	SES226	-1.18879	-64.0201	-62.8313
BLOCK20/SES204/SA204S14	SES068	-3.16336	-65.1254	-61.962
BLOCK20/SES204/SA204S14	SES087	-0.47456	-62.4366	-61.962
BLOCK20/SES204/SA204S14	SES206	-0.750847	-62.7128	-61.962
BLOCK20/SES204/SA204S14	SES226	-1.10822	-63.0702	-61.962
BLOCK20/SES204/SA204S22	SES068	-3.82919	-66.2917	-62.4625
BLOCK20/SES204/SA204S22	SES082	-2.08142	-64.5439	-62.4625
BLOCK20/SES204/SA204S22	SES083	-2.8098	-65.2723	-62.4625
BLOCK20/SES204/SA204S22	SES206	-0.738659	-63.2012	-62.4625
BLOCK20/SES204/SA204S25	SES062	-3.19001	-65.9835	-62.7935
BLOCK20/SES204/SA204S25	SES083	-2.7108	-65.5043	-62.7935
BLOCK20/SES204/SA204S25	SES206	-0.239044	-63.0325	-62.7935
BLOCK20/SES204/SA204S25	SES226	-1.137	-63.9305	-62.7935
BLOCK20/SES204/SA204S27	SES068	-3.95108	-67.3996	-63.4485
BLOCK20/SES204/SA204S27	SES082	-1.44022	-64.8888	-63.4485
BLOCK20/SES204/SA204S27	SES087	-0.515469	-63.964	-63.4485
BLOCK20/SES204/SA204S27	SES206	-0.540024	-63.9886	-63.4485
BLOCK20/SES207/SA207S10	SES127	-0.84037	-65.0039	-64.1635
BLOCK20/SES207/SA207S10	SES183	-1.67366	-65.8372	-64.1635
BLOCK20/SES207/SA207S10	SES189	-1.02935	-65.1929	-64.1635
BLOCK20/SES207/SA207S10	SES292	-1.47645	-65.64	-64.1635
BLOCK20/SES207/SA207S11	SES127	-2.1637	-65.672	-63.5083
BLOCK20/SES207/SA207S11	SES183	-1.90134	-65.4097	-63.5083
BLOCK20/SES207/SA207S11	SES187	-1.00997	-64.5183	-63.5083
BLOCK20/SES207/SA207S11	SES292	-1.91422	-65.4225	-63.5083
BLOCK20/SES207/SA207S25	SES068	-2.18805	-66.6832	-64.4951
BLOCK20/SES207/SA207S25	SES083	-2.07995	-66.5751	-64.4951
BLOCK20/SES207/SA207S25	SES127	-1.13525	-65.6304	-64.4951
BLOCK20/SES207/SA207S25	SES187	-0.607605	-65.1027	-64.4951
BLOCK20/SES207/SA207S27	SES127	-0.997513	-65.6339	-64.6364
BLOCK20/SES207/SA207S27	SES183	-0.898232	-65.5347	-64.6364
BLOCK20/SES207/SA207S27	SES187	-0.897781	-65.5342	-64.6364
BLOCK20/SES207/SA207S27	SES292	-1.60931	-66.2457	-64.6364
BLOCK20/SES207/SA207S29	SES083	-2.17196	-65.9731	-63.8012
BLOCK20/SES207/SA207S29	SES085	-1.05765	-64.8588	-63.8012
BLOCK20/SES207/SA207S29	SES172	-2.6129	-66.4141	-63.8012
BLOCK20/SES207/SA207S29	SES189	-1.38474	-65.1859	-63.8012
BLOCK22/SES221/SA221S12	SES068	-2.33209	-66.4137	-64.0816
BLOCK22/SES221/SA221S12	SES143	-0.958847	-65.0404	-64.0816
BLOCK22/SES221/SA221S12	SES175	-1.00286	-65.0844	-64.0816
BLOCK22/SES221/SA221S12	SES202	-0.5522	-64.6338	-64.0816
BLOCK22/SES221/SA221S15	SES085	-3.40416	-69.0182	-65.6141
BLOCK22/SES221/SA221S15	SES143	-1.95636	-67.5704	-65.6141
BLOCK22/SES221/SA221S15	SES175	-1.3268	-66.9408	-65.6141
BLOCK22/SES221/SA221S15	SES187	-1.31464	-66.9287	-65.6141
BLOCK22/SES221/SA221S23	SES068	-3.06738	-67.6233	-64.556
BLOCK22/SES221/SA221S23	SES143	-1.68217	-66.2381	-64.556
BLOCK22/SES221/SA221S23	SES175	-0.466957	-65.0229	-64.556
BLOCK22/SES221/SA221S23	SES189	0.649437	-63.9065	-64.556
BLOCK22/SES221/SA221S27	SES085	-4.79697	-69.1051	-64.3081
BLOCK22/SES221/SA221S27	SES143	-1.40105	-65.7092	-64.3081
BLOCK22/SES221/SA221S27	SES175	-1.17798	-65.4861	-64.3081
BLOCK22/SES221/SA221S27	SES189	0.883114	-63.425	-64.3081
BLOCK22/SES221/SA221S29	SES085	-5.3414	-71.5294	-66.188
BLOCK22/SES221/SA221S29	SES143	-2.40481	-68.5928	-66.188
BLOCK22/SES221/SA221S29	SES175	-1.72461	-67.9127	-66.188
BLOCK22/SES221/SA221S29	SES187	0.054512	-66.1335	-66.188
BLOCK22/SES223/SA223S11	SES143	-0.840622	-65.7613	-64.9207
BLOCK22/SES223/SA223S11	SES144	-1.76529	-66.686	-64.9207
BLOCK22/SES223/SA223S11	SES175	-0.689835	-65.6105	-64.9207
BLOCK22/SES223/SA223S11	SES187	-0.85363	-65.7743	-64.9207
BLOCK22/SES223/SA223S13	SES068	-2.91456	-68.6589	-65.7444
BLOCK22/SES223/SA223S13	SES143	-2.01426	-67.7586	-65.7444
BLOCK22/SES223/SA223S13	SES146	-2.33067	-68.075	-65.7444
BLOCK22/SES223/SA223S13	SES202	-1.8019	-67.5463	-65.7444
BLOCK22/SES223/SA223S22	SES143	-0.968048	-66.039	-65.071
BLOCK22/SES223/SA223S22	SES144	-1.45815	-66.5291	-65.071
BLOCK22/SES223/SA223S22	SES175	-1.20383	-66.2748	-65.071
BLOCK22/SES223/SA223S22	SES187	-0.72686	-65.7978	-65.071
BLOCK22/SES223/SA223S25	SES068	-2.71452	-67.6502	-64.9357
BLOCK22/SES223/SA223S25	SES143	-1.68975	-66.6255	-64.9357
BLOCK22/SES223/SA223S25	SES175	-0.840584	-65.7763	-64.9357
BLOCK22/SES223/SA223S25	SES187	-1.06146	-65.9972	-64.9357
BLOCK22/SES223/SA223S27	SES143	-0.795998	-66.3365	-65.5405
BLOCK22/SES223/SA223S27	SES146	-1.7033	-67.2438	-65.5405
BLOCK22/SES223/SA223S27	SES187	-0.308144	-65.8486	-65.5405
BLOCK22/SES223/SA223S27	SES292	-2.45503	-67.9955	-65.5405
BLOCK27/SES273/SA273S12	SES099	-0.154186	-61.4664	-61.3122
BLOCK27/SES273/SA273S12	SES104	0.195477	-61.1167	-61.3122
BLOCK27/SES273/SA273S12	SES125	-0.342308	-61.6545	-61.3122
BLOCK27/SES273/SA273S12	SES206	0.245922	-61.0662	-61.3122
BLOCK27/SES273/SA273S13	SES099	-0.375111	-61.6345	-61.2594
BLOCK27/SES273/SA273S13	SES104	-0.405922	-61.6653	-61.2594
BLOCK27/SES273/SA273S13	SES206	-0.0204468	-61.2799	-61.2594
BLOCK27/SES273/SA273S13	SES292	-2.95093	-64.2103	-61.2594
BLOCK27/SES273/SA273S21	SES099	0.112347	-61.47	-61.5823
BLOCK27/SES273/SA273S21	SES148	-2.95566	-64.538	-61.5823
BLOCK27/SES273/SA273S21	SES149	-0.093605	-61.6759	-61.5823
BLOCK27/SES273/SA273S21	SES177	-3.71745	-65.2998	-61.5823
BLOCK27/SES273/SA273S25	SES104	-0.292805	-61.7211	-61.4283
BLOCK27/SES273/SA273S25	SES125	-0.438786	-61.8671	-61.4283
BLOCK27/SES273/SA273S25	SES158	-0.150627	-61.5789	-61.4283
BLOCK27/SES273/SA273S25	SES206	0.42923	-60.9991	-61.4283
BLOCK27/SES273/SA273S27	SES099	-0.0872383	-61.6735	-61.5862
BLOCK27/SES273/SA273S27	SES104	-0.607983	-62.1942	-61.5862
BLOCK27/SES273/SA273S27	SES149	-0.749634	-62.3359	-61.5862
BLOCK27/SES273/SA273S27	SES275	-1.90239	-63.4886	-61.5862
BLOCK27/SES274/SA274S10	SES105	-1.75767	-64.283	-62.5253
BLOCK27/SES274/SA274S10	SES125	-0.386471	-62.9118	-62.5253
BLOCK27/SES274/SA274S10	SES129	-1.16645	-63.6918	-62.5253
BLOCK27/SES274/SA274S10	SES158	-1.33699	-63.8623	-62.5253
BLOCK27/SES274/SA274S11	SES105	-2.42682	-64.9061	-62.4793
BLOCK27/SES274/SA274S11	SES149	-1.1023	-63.5816	-62.4793
BLOCK27/SES274/SA274S11	SES158	-1.20238	-63.6817	-62.4793
BLOCK27/SES274/SA274S11	SES275	-2.04839	-64.5277	-62.4793
BLOCK27/SES274/SA274S21	SES105	-2.23104	-65.0878	-62.8568
BLOCK27/SES274/SA274S21	SES129	-1.46422	-64.321	-62.8568
BLOCK27/SES274/SA274S21	SES149	-1.14888	-64.0057	-62.8568
BLOCK27/SES274/SA274S21	SES158	-2.10083	-64.9576	-62.8568
BLOCK27/SES274/SA274S24	SES105	-2.04686	-64.9111	-62.8643
BLOCK27/SES274/SA274S24	SES129	-1.72998	-64.5943	-62.8643
BLOCK27/SES274/SA274S24	SES149	-0.745613	-63.6099	-62.8643
BLOCK27/SES274/SA274S24	SES158	-1.68315	-64.5474	-62.8643
BLOCK27/SES274/SA274S29	SES105	-2.43484	-65.1864	-62.7515
BLOCK27/SES274/SA274S29	SES106	-1.36137	-64.1129	-62.7515
BLOCK27/SES274/SA274S29	SES120	-2.24619	-64.9977	-62.7515
BLOCK27/SES274/SA274S29	SES275	-2.21947	-64.971	-62.7515
BLOCK27/SES276/SA276S16	SES148	-1.44035	-65.7355	-64.2951
BLOCK27/SES276/SA276S16	SES172	-2.06687	-66.362	-64.2951
BLOCK27/SES276/SA276S16	SES180	-2.6529	-66.948	-64.2951
BLOCK27/SES276/SA276S16	SES292	-0.736725	-65.0318	-64.2951
BLOCK27/SES276/SA276S17	SES101	-0.955608	-64.8626	-63.9069
BLOCK27/SES276/SA276S17	SES177	-1.84808	-65.755	-63.9069
BLOCK27/SES276/SA276S17	SES180	-1.56603	-65.473	-63.9069
BLOCK27/SES276/SA276S17	SES292	-1.43472	-65.3417	-63.9069
BLOCK27/SES276/SA276S24	SES101	-0.806217	-63.9268	-63.1206
BLOCK27/SES276/SA276S24	SES177	-1.55735	-64.6779	-63.1206
BLOCK27/SES276/SA276S24	SES180	-2.00915	-65.1298	-63.1206
BLOCK27/SES276/SA276S24	SES292	-1.53515	-64.6558	-63.1206
BLOCK27/SES276/SA276S26	SES101	-1.59073	-64.9226	-63.3318
BLOCK27/SES276/SA276S26	SES177	-1.1982	-64.53	-63.3318
BLOCK27/SES276/SA276S26	SES180	-0.765579	-64.0974	-63.3318
BLOCK27/SES276/SA276S26	SES292	-1.28361	-64.6154	-63.3318
BLOCK27/SES276/SA276S28	SES101	-1.0423	-64.8803	-63.838
BLOCK27/SES276/SA276S28	SES177	-1.40923	-65.2472	-63.838
BLOCK27/SES276/SA276S28	SES180	-1.1144	-64.9524	-63.838
BLOCK27/SES276/SA276S28	SES292	-1.61917	-65.4572	-63.838
BLOCK27/SES277/SA277S12	SES101	-0.962685	-65.8733	-64.9106
BLOCK27/SES277/SA277S12	SES177	-1.95322	-66.8638	-64.9106
BLOCK27/SES277/SA277S12	SES180	-0.928543	-65.8391	-64.9106
BLOCK27/SES277/SA277S12	SES292	-2.01901	-66.9296	-64.9106
BLOCK27/SES277/SA277S14	SES177	-0.913055	-66.0404	-65.1273
BLOCK27/SES277/SA277S14	SES180	-1.172	-66.2993	-65.1273
BLOCK27/SES277/SA277S14	SES189	-0.287521	-65.4148	-65.1273
BLOCK27/SES277/SA277S14	SES292	-2.46436	-67.5917	-65.1273
BLOCK27/SES277/SA277S21	SES177	-0.673611	-64.6603	-63.9867
BLOCK27/SES277/SA277S21	SES180	-1.19187	-65.1786	-63.9867
BLOCK27/SES277/SA277S21	SES189	-0.996021	-64.9827	-63.9867
BLOCK27/SES277/SA277S21	SES292	-2.17543	-66.1622	-63.9867
BLOCK27/SES277/SA277S24	SES144	-0.776283	-66.1466	-65.3703
BLOCK27/SES277/SA277S24	SES177	-1.23738	-66.6077	-65.3703
BLOCK27/SES277/SA277S24	SES180	-1.6768	-67.0471	-65.3703
BLOCK27/SES277/SA277S24	SES189	-0.816841	-66.1872	-65.3703
BLOCK27/SES277/SA277S29	SES177	-0.647522	-63.6806	-63.0331
BLOCK27/SES277/SA277S29	SES180	-0.753071	-63.7861	-63.0331
BLOCK27/SES277/SA277S29	SES202	-1.4194	-64.4525	-63.0331
BLOCK27/SES277/SA277S29	SES292	-1.31796	-64.351	-63.0331
BLOCK27/SES279/SA279S09	SES120	-1.4771	-64.637	-63.1599
BLOCK27/SES279/SA279S09	SES146	-0.96067	-64.1205	-63.1599
BLOCK27/SES279/SA279S09	SES206	-1.94498	-65.1048	-63.1599
BLOCK27/SES279/SA279S09	SES226	-2.03853	-65.1984	-63.1599
BLOCK27/SES279/SA279S10	SES099	-1.35823	-64.6636	-63.3054
BLOCK27/SES279/SA279S10	SES206	-1.42625	-64.7316	-63.3054
BLOCK27/SES279/SA279S10	SES226	-1.50461	-64.81	-63.3054
BLOCK27/SES279/SA279S10	SES292	-1.00912	-64.3145	-63.3054
BLOCK27/SES279/SA279S20	SES099	-2.23648	-66.5086	-64.2721
BLOCK27/SES279/SA279S20	SES206	-1.91173	-66.1838	-64.2721
BLOCK27/SES279/SA279S20	SES226	-1.79726	-66.0693	-64.2721
BLOCK27/SES279/SA279S20	SES292	-0.698814	-64.9709	-64.2721
BLOCK27/SES279/SA279S26	SES099	-2.08714	-65.5595	-63.4724
BLOCK27/SES279/SA279S26	SES206	-0.825062	-64.2974	-63.4724
BLOCK27/SES279/SA279S26	SES226	-1.28149	-64.7539	-63.4724
BLOCK27/SES279/SA279S26	SES292	-0.757519	-64.2299	-63.4724
BLOCK27/SES279/SA279S28	SES099	-1.66014	-63.7782	-62.1181
BLOCK27/SES279/SA279S28	SES120	-1.91573	-64.0338	-62.1181
BLOCK27/SES279/SA279S28	SES177	-2.98122	-65.0993	-62.1181
BLOCK27/SES279/SA279S28	SES206	-2.01464	-64.1327	-62.1181
BLOCK29/SES290/SA290S12	SES162	-1.95074	-65.9243	-63.9736
BLOCK29/SES290/SA290S12	SES177	-1.71741	-65.691	-63.9736
BLOCK29/SES290/SA290S12	SES180	-1.52394	-65.4975	-63.9736
BLOCK29/SES290/SA290S12	SES292	-2.91339	-66.887	-63.9736
BLOCK29/SES290/SA290S13	SES007	-3.12285	-67.6296	-64.5068
BLOCK29/SES290/SA290S13	SES162	-2.06689	-66.5737	-64.5068
BLOCK29/SES290/SA290S13	SES177	-0.916374	-65.4231	-64.5068
BLOCK29/SES290/SA290S13	SES180	-1.4463	-65.9531	-64.5068
BLOCK29/SES290/SA290S22	SES177	-0.930901	-64.6015	-63.6706
BLOCK29/SES290/SA290S22	SES180	-0.606956	-64.2775	-63.6706
BLOCK29/SES290/SA290S22	SES202	-0.794838	-64.4654	-63.6706
BLOCK29/SES290/SA290S22	SES292	-2.05233	-65.7229	-63.6706
BLOCK29/SES290/SA290S25	SES162	-1.59552	-65.5936	-63.9981
BLOCK29/SES290/SA290S25	SES177	-1.17863	-65.1767	-63.9981
BLOCK29/SES290/SA290S25	SES180	-1.12909	-65.1272	-63.9981
BLOCK29/SES290/SA290S25	SES292	-2.01812	-66.0162	-63.9981
BLOCK29/SES290/SA290S29	SES177	-0.111904	-63.5952	-63.4833
BLOCK29/SES290/SA290S29	SES180	-0.209312	-63.6926	-63.4833
BLOCK29/SES290/SA290S29	SES275	-2.10079	-65.5841	-63.4833
BLOCK29/SES290/SA290S29	SES292	-1.53485	-65.0181	-63.4833
BLOCK29/SES291/SA291S11	SES105	-3.03575	-66.1049	-63.0692
BLOCK29/SES291/SA291S11	SES125	-0.57653	-63.6457	-63.0692
BLOCK29/SES291/SA291S11	SES158	-0.658127	-63.7273	-63.0692
BLOCK29/SES291/SA291S11	SES275	-3.48413	-66.5533	-63.0692
BLOCK29/SES291/SA291S12	SES158	0.382298	-62.5907	-62.973
BLOCK29/SES291/SA291S12	SES226	-0.8172	-63.7902	-62.973
BLOCK29/SES291/SA291S12	SES270	0.805016	-62.168	-62.973
BLOCK29/SES291/SA291S12	SES275	-4.40728	-67.3803	-62.973
BLOCK29/SES291/SA291S22	SES082	-0.955051	-63.8115	-62.8565
BLOCK29/SES291/SA291S22	SES158	-0.456867	-63.3134	-62.8565
BLOCK29/SES291/SA291S22	SES259	-0.627335	-63.4838	-62.8565
BLOCK29/SES291/SA291S22	SES275	-3.14872	-66.0052	-62.8565
BLOCK29/SES291/SA291S24	SES104	0.203819	-61.2625	-61.4663
BLOCK29/SES291/SA291S24	SES125	0.114109	-61.3522	-61.4663
BLOCK29/SES291/SA291S24	SES158	0.136456	-61.3299	-61.4663
BLOCK29/SES291/SA291S24	SES275	-3.98822	-65.4545	-61.4663
BLOCK29/SES291/SA291S27	SES158	0.242729	-61.8563	-62.099
BLOCK29/SES291/SA291S27	SES172	-4.14685	-66.2459	-62.099
BLOCK29/SES291/SA291S27	SES275	-3.92786	-66.0269	-62.099
BLOCK29/SES291/SA291S27	SES292	-3.41344	-65.5125	-62.099
