Threshold search:
THR	-5.68740099786	9	0(0)	1(1000)
THR	-5.5774222878814	8.982	0(0)	0.998(998)
THR	-5.4674435779028	8.973	0(0)	0.997(997)
THR	-5.3574648679242	8.964	0(0)	0.996(996)
THR	-5.2474861579456	8.955	0(0)	0.995(995)
THR	-5.137507447967	8.937	0(0)	0.993(993)
THR	-5.0275287379884	8.937	0(0)	0.993(993)
THR	-4.9175500280098	8.928	0(0)	0.992(992)
THR	-4.8075713180312	8.919	0(0)	0.991(991)
THR	-4.6975926080526	8.901	0(0)	0.989(989)
THR	-4.587613898074	8.892	0(0)	0.988(988)
THR	-4.4776351880954	8.874	0(0)	0.986(986)
THR	-4.3676564781168	8.847	0(0)	0.983(983)
THR	-4.2576777681382	8.784	0(0)	0.976(976)
THR	-4.1476990581596	8.757	0(0)	0.973(973)
THR	-4.037720348181	8.739	0(0)	0.971(971)
THR	-3.9277416382024	8.73	0(0)	0.97(970)
THR	-3.8177629282238	8.667	0(0)	0.963(963)
THR	-3.7077842182452	8.613	0(0)	0.957(957)
THR	-3.5978055082666	8.541	0(0)	0.949(949)
THR	-3.487826798288	8.478	0(0)	0.942(942)
THR	-3.3778480883094	8.388	0(0)	0.932(932)
THR	-3.2678693783308	8.271	0(0)	0.919(919)
THR	-3.1578906683522	8.172	0(0)	0.908(908)
THR	-3.0479119583736	8.091	0(0)	0.899(899)
THR	-2.937933248395	7.884	0(0)	0.876(876)
THR	-2.8279545384164	7.677	0(0)	0.853(853)
THR	-2.7179758284378	7.443	0(0)	0.827(827)
THR	-2.6079971184592	7.137	0(0)	0.793(793)
THR	-2.4980184084806	6.921	0(0)	0.769(769)
THR	-2.388039698502	6.615	0(0)	0.735(735)
THR	-2.2780609885234	6.237	0(0)	0.693(693)
THR	-2.1680822785448	5.805	0(0)	0.645(645)
THR	-2.0581035685662	5.382	0(0)	0.598(598)
THR	-1.9481248585876	4.95	0(0)	0.55(550)
THR	-1.838146148609	4.455	0(0)	0.495(495)
THR	-1.7281674386304	4.014	0(0)	0.446(446)
THR	-1.6181887286518	3.6	0(0)	0.4(400)
THR	-1.5082100186732	3.096	0(0)	0.344(344)
THR	-1.3982313086946	2.565	0(0)	0.285(285)
THR	-1.288252598716	2.223	0(0)	0.247(247)
THR	-1.1782738887374	1.764	0(0)	0.196(196)
THR	-1.0682951787588	1.512	0(0)	0.168(168)
THR	-0.958316468780198	1.296	0(0)	0.144(144)
THR	-0.848337758801598	0.99	0(0)	0.11(110)
THR	-0.738359048822998	0.742	0.004(1)	0.082(82)
THR	-0.628380338844398	0.611	0.008(2)	0.067(67)
THR	-0.518401628865798	0.458	0.008(2)	0.05(50)
THR	-0.408422918887198	0.323	0.008(2)	0.035(35)
THR	-0.298444208908598	0.264	0.012(3)	0.028(28)
THR	-0.188465498929998	0.178	0.016(4)	0.018(18)
THR	-0.078486788951398	0.164	0.02(5)	0.016(16)
THR	0.0314919210272019	0.105	0.024(6)	0.009(9)
THR	0.141470631005802	0.099	0.036(9)	0.007(7)
THR	0.251449340984402	0.093	0.048(12)	0.005(5)
THR	0.361428050963002	0.113	0.068(17)	0.005(5)
THR	0.471406760941602	0.12	0.084(21)	0.004(4)
THR	0.581385470920202	0.135	0.108(27)	0.003(3)
THR	0.691364180898802	0.187	0.16(40)	0.003(3)
THR	0.801342890877402	0.218	0.2(50)	0.002(2)
THR	0.911321600856002	0.254	0.236(59)	0.002(2)
THR	1.0213003108346	0.292	0.292(73)	0(0)
THR	1.1312790208132	0.336	0.336(84)	0(0)
THR	1.2412577307918	0.392	0.392(98)	0(0)
THR	1.3512364407704	0.42	0.42(105)	0(0)
THR	1.461215150749	0.448	0.448(112)	0(0)
THR	1.5711938607276	0.508	0.508(127)	0(0)
THR	1.6811725707062	0.552	0.552(138)	0(0)
THR	1.7911512806848	0.612	0.612(153)	0(0)
THR	1.9011299906634	0.648	0.648(162)	0(0)
THR	2.011108700642	0.7	0.7(175)	0(0)
THR	2.1210874106206	0.748	0.748(187)	0(0)
THR	2.2310661205992	0.772	0.772(193)	0(0)
THR	2.3410448305778	0.804	0.804(201)	0(0)
THR	2.4510235405564	0.84	0.84(210)	0(0)
THR	2.561002250535	0.868	0.868(217)	0(0)
THR	2.6709809605136	0.896	0.896(224)	0(0)
THR	2.7809596704922	0.912	0.912(228)	0(0)
THR	2.8909383804708	0.924	0.924(231)	0(0)
THR	3.0009170904494	0.936	0.936(234)	0(0)
THR	3.110895800428	0.94	0.94(235)	0(0)
THR	3.2208745104066	0.956	0.956(239)	0(0)
THR	3.3308532203852	0.956	0.956(239)	0(0)
THR	3.4408319303638	0.964	0.964(241)	0(0)
THR	3.5508106403424	0.968	0.968(242)	0(0)
THR	3.660789350321	0.968	0.968(242)	0(0)
THR	3.7707680602996	0.976	0.976(244)	0(0)
THR	3.8807467702782	0.976	0.976(244)	0(0)
THR	3.9907254802568	0.98	0.98(245)	0(0)
THR	4.1007041902354	0.984	0.984(246)	0(0)
THR	4.210682900214	0.988	0.988(247)	0(0)
THR	4.3206616101926	0.988	0.988(247)	0(0)
THR	4.4306403201712	0.996	0.996(249)	0(0)
THR	4.5406190301498	0.996	0.996(249)	0(0)
THR	4.6505977401284	0.996	0.996(249)	0(0)
THR	4.760576450107	0.996	0.996(249)	0(0)
THR	4.8705551600856	0.996	0.996(249)	0(0)
THR	4.9805338700642	0.996	0.996(249)	0(0)
THR	5.0905125800428	0.996	0.996(249)	0(0)
THR	5.2004912900214	0.996	0.996(249)	0(0)
THR	5.31047	1	1(250)	0(0)


==============================================
THR: 0.251449340984402
Missed:     12/250=0.0480
FalseAlarm: 5/1000=0.0050
----------------------------------------------
==> CostDetection: 9.3
==============================================
Threshold search:
THR	-5.74757113557	9	0(0)	1(1000)
THR	-5.6362153242143	8.982	0(0)	0.998(998)
THR	-5.5248595128586	8.973	0(0)	0.997(997)
THR	-5.4135037015029	8.964	0(0)	0.996(996)
THR	-5.3021478901472	8.964	0(0)	0.996(996)
THR	-5.1907920787915	8.955	0(0)	0.995(995)
THR	-5.0794362674358	8.946	0(0)	0.994(994)
THR	-4.9680804560801	8.946	0(0)	0.994(994)
THR	-4.8567246447244	8.946	0(0)	0.994(994)
THR	-4.7453688333687	8.91	0(0)	0.99(990)
THR	-4.634013022013	8.883	0(0)	0.987(987)
THR	-4.5226572106573	8.847	0(0)	0.983(983)
THR	-4.41130139930161	8.838	0(0)	0.982(982)
THR	-4.29994558794591	8.838	0(0)	0.982(982)
THR	-4.18858977659021	8.802	0(0)	0.978(978)
THR	-4.07723396523451	8.748	0(0)	0.972(972)
THR	-3.96587815387881	8.73	0(0)	0.97(970)
THR	-3.85452234252311	8.694	0(0)	0.966(966)
THR	-3.74316653116741	8.613	0(0)	0.957(957)
THR	-3.63181071981171	8.568	0(0)	0.952(952)
THR	-3.52045490845601	8.469	0(0)	0.941(941)
THR	-3.40909909710031	8.433	0(0)	0.937(937)
THR	-3.29774328574461	8.325	0(0)	0.925(925)
THR	-3.18638747438891	8.217	0(0)	0.913(913)
THR	-3.07503166303321	8.109	0(0)	0.901(901)
THR	-2.96367585167751	7.956	0(0)	0.884(884)
THR	-2.85232004032181	7.749	0(0)	0.861(861)
THR	-2.74096422896611	7.497	0(0)	0.833(833)
THR	-2.62960841761041	7.218	0(0)	0.802(802)
THR	-2.51825260625471	7.011	0(0)	0.779(779)
THR	-2.40689679489901	6.66	0(0)	0.74(740)
THR	-2.29554098354331	6.228	0(0)	0.692(692)
THR	-2.18418517218761	5.859	0(0)	0.651(651)
THR	-2.07282936083191	5.382	0(0)	0.598(598)
THR	-1.96147354947621	4.95	0(0)	0.55(550)
THR	-1.85011773812051	4.455	0(0)	0.495(495)
THR	-1.73876192676481	4.023	0(0)	0.447(447)
THR	-1.62740611540911	3.591	0(0)	0.399(399)
THR	-1.51605030405341	3.159	0(0)	0.351(351)
THR	-1.4046944926977	2.61	0(0)	0.29(290)
THR	-1.293338681342	2.142	0(0)	0.238(238)
THR	-1.1819828699863	1.755	0(0)	0.195(195)
THR	-1.0706270586306	1.467	0(0)	0.163(163)
THR	-0.959271247274905	1.233	0(0)	0.137(137)
THR	-0.847915435919205	0.963	0(0)	0.107(107)
THR	-0.736559624563505	0.778	0.004(1)	0.086(86)
THR	-0.625203813207805	0.593	0.008(2)	0.065(65)
THR	-0.513848001852105	0.449	0.008(2)	0.049(49)
THR	-0.402492190496405	0.341	0.008(2)	0.037(37)
THR	-0.291136379140705	0.264	0.012(3)	0.028(28)
THR	-0.179780567785005	0.187	0.016(4)	0.019(19)
THR	-0.0684247564293046	0.137	0.02(5)	0.013(13)
THR	0.0429310549263954	0.118	0.028(7)	0.01(10)
THR	0.154286866282095	0.099	0.036(9)	0.007(7)
THR	0.265642677637795	0.106	0.052(13)	0.006(6)
THR	0.376998488993495	0.117	0.072(18)	0.005(5)
THR	0.488354300349195	0.124	0.088(22)	0.004(4)
THR	0.599710111704895	0.143	0.116(29)	0.003(3)
THR	0.711065923060595	0.195	0.168(42)	0.003(3)
THR	0.822421734416295	0.226	0.208(52)	0.002(2)
THR	0.933777545771995	0.254	0.236(59)	0.002(2)
THR	1.0451333571277	0.297	0.288(72)	0.001(1)
THR	1.1564891684834	0.356	0.356(89)	0(0)
THR	1.2678449798391	0.404	0.404(101)	0(0)
THR	1.3792007911948	0.424	0.424(106)	0(0)
THR	1.4905566025505	0.46	0.46(115)	0(0)
THR	1.6019124139062	0.532	0.532(133)	0(0)
THR	1.7132682252619	0.584	0.584(146)	0(0)
THR	1.8246240366176	0.612	0.612(153)	0(0)
THR	1.9359798479733	0.668	0.668(167)	0(0)
THR	2.047335659329	0.716	0.716(179)	0(0)
THR	2.1586914706847	0.76	0.76(190)	0(0)
THR	2.2700472820404	0.788	0.788(197)	0(0)
THR	2.3814030933961	0.828	0.828(207)	0(0)
THR	2.4927589047518	0.852	0.852(213)	0(0)
THR	2.6041147161075	0.876	0.876(219)	0(0)
THR	2.7154705274632	0.904	0.904(226)	0(0)
THR	2.8268263388189	0.92	0.92(230)	0(0)
THR	2.9381821501746	0.932	0.932(233)	0(0)
THR	3.0495379615303	0.936	0.936(234)	0(0)
THR	3.160893772886	0.948	0.948(237)	0(0)
THR	3.2722495842417	0.952	0.952(238)	0(0)
THR	3.3836053955974	0.96	0.96(240)	0(0)
THR	3.4949612069531	0.964	0.964(241)	0(0)
THR	3.6063170183088	0.972	0.972(243)	0(0)
THR	3.7176728296645	0.972	0.972(243)	0(0)
THR	3.8290286410202	0.972	0.972(243)	0(0)
THR	3.9403844523759	0.976	0.976(244)	0(0)
THR	4.0517402637316	0.988	0.988(247)	0(0)
THR	4.1630960750873	0.988	0.988(247)	0(0)
THR	4.274451886443	0.988	0.988(247)	0(0)
THR	4.3858076977987	0.992	0.992(248)	0(0)
THR	4.49716350915439	0.996	0.996(249)	0(0)
THR	4.60851932051009	0.996	0.996(249)	0(0)
THR	4.71987513186579	0.996	0.996(249)	0(0)
THR	4.83123094322149	0.996	0.996(249)	0(0)
THR	4.94258675457719	0.996	0.996(249)	0(0)
THR	5.05394256593289	0.996	0.996(249)	0(0)
THR	5.16529837728859	0.996	0.996(249)	0(0)
THR	5.27665418864429	0.996	0.996(249)	0(0)
THR	5.38800999999999	0.996	0.996(249)	0(0)
THR	5.49936581135569	1	1(250)	0(0)


==============================================
THR: 0.154286866282095
Missed:     9/250=0.0360
FalseAlarm: 7/1000=0.0070
----------------------------------------------
==> CostDetection: 9.9
==============================================
Threshold search:
THR	-5.74757113557	9	0(0)	1(1000)
THR	-5.6362153242143	8.982	0(0)	0.998(998)
THR	-5.5248595128586	8.973	0(0)	0.997(997)
THR	-5.4135037015029	8.964	0(0)	0.996(996)
THR	-5.3021478901472	8.964	0(0)	0.996(996)
THR	-5.1907920787915	8.955	0(0)	0.995(995)
THR	-5.0794362674358	8.946	0(0)	0.994(994)
THR	-4.9680804560801	8.946	0(0)	0.994(994)
THR	-4.8567246447244	8.946	0(0)	0.994(994)
THR	-4.7453688333687	8.91	0(0)	0.99(990)
THR	-4.634013022013	8.883	0(0)	0.987(987)
THR	-4.5226572106573	8.847	0(0)	0.983(983)
THR	-4.41130139930161	8.838	0(0)	0.982(982)
THR	-4.29994558794591	8.838	0(0)	0.982(982)
THR	-4.18858977659021	8.802	0(0)	0.978(978)
THR	-4.07723396523451	8.748	0(0)	0.972(972)
THR	-3.96587815387881	8.73	0(0)	0.97(970)
THR	-3.85452234252311	8.694	0(0)	0.966(966)
THR	-3.74316653116741	8.613	0(0)	0.957(957)
THR	-3.63181071981171	8.568	0(0)	0.952(952)
THR	-3.52045490845601	8.469	0(0)	0.941(941)
THR	-3.40909909710031	8.433	0(0)	0.937(937)
THR	-3.29774328574461	8.325	0(0)	0.925(925)
THR	-3.18638747438891	8.217	0(0)	0.913(913)
THR	-3.07503166303321	8.109	0(0)	0.901(901)
THR	-2.96367585167751	7.956	0(0)	0.884(884)
THR	-2.85232004032181	7.749	0(0)	0.861(861)
THR	-2.74096422896611	7.497	0(0)	0.833(833)
THR	-2.62960841761041	7.218	0(0)	0.802(802)
THR	-2.51825260625471	7.011	0(0)	0.779(779)
THR	-2.40689679489901	6.66	0(0)	0.74(740)
THR	-2.29554098354331	6.228	0(0)	0.692(692)
THR	-2.18418517218761	5.859	0(0)	0.651(651)
THR	-2.07282936083191	5.382	0(0)	0.598(598)
THR	-1.96147354947621	4.95	0(0)	0.55(550)
THR	-1.85011773812051	4.455	0(0)	0.495(495)
THR	-1.73876192676481	4.023	0(0)	0.447(447)
THR	-1.62740611540911	3.591	0(0)	0.399(399)
THR	-1.51605030405341	3.159	0(0)	0.351(351)
THR	-1.4046944926977	2.61	0(0)	0.29(290)
THR	-1.293338681342	2.142	0(0)	0.238(238)
THR	-1.1819828699863	1.755	0(0)	0.195(195)
THR	-1.0706270586306	1.467	0(0)	0.163(163)
THR	-0.959271247274905	1.233	0(0)	0.137(137)
THR	-0.847915435919205	0.963	0(0)	0.107(107)
THR	-0.736559624563505	0.778	0.004(1)	0.086(86)
THR	-0.625203813207805	0.593	0.008(2)	0.065(65)
THR	-0.513848001852105	0.449	0.008(2)	0.049(49)
THR	-0.402492190496405	0.341	0.008(2)	0.037(37)
THR	-0.291136379140705	0.264	0.012(3)	0.028(28)
THR	-0.179780567785005	0.187	0.016(4)	0.019(19)
THR	-0.0684247564293046	0.137	0.02(5)	0.013(13)
THR	0.0429310549263954	0.118	0.028(7)	0.01(10)
THR	0.154286866282095	0.099	0.036(9)	0.007(7)
THR	0.265642677637795	0.106	0.052(13)	0.006(6)
THR	0.376998488993495	0.117	0.072(18)	0.005(5)
THR	0.488354300349195	0.124	0.088(22)	0.004(4)
THR	0.599710111704895	0.143	0.116(29)	0.003(3)
THR	0.711065923060595	0.195	0.168(42)	0.003(3)
THR	0.822421734416295	0.226	0.208(52)	0.002(2)
THR	0.933777545771995	0.254	0.236(59)	0.002(2)
THR	1.0451333571277	0.297	0.288(72)	0.001(1)
THR	1.1564891684834	0.356	0.356(89)	0(0)
THR	1.2678449798391	0.404	0.404(101)	0(0)
THR	1.3792007911948	0.424	0.424(106)	0(0)
THR	1.4905566025505	0.46	0.46(115)	0(0)
THR	1.6019124139062	0.532	0.532(133)	0(0)
THR	1.7132682252619	0.584	0.584(146)	0(0)
THR	1.8246240366176	0.612	0.612(153)	0(0)
THR	1.9359798479733	0.668	0.668(167)	0(0)
THR	2.047335659329	0.716	0.716(179)	0(0)
THR	2.1586914706847	0.76	0.76(190)	0(0)
THR	2.2700472820404	0.788	0.788(197)	0(0)
THR	2.3814030933961	0.828	0.828(207)	0(0)
THR	2.4927589047518	0.852	0.852(213)	0(0)
THR	2.6041147161075	0.876	0.876(219)	0(0)
THR	2.7154705274632	0.904	0.904(226)	0(0)
THR	2.8268263388189	0.92	0.92(230)	0(0)
THR	2.9381821501746	0.932	0.932(233)	0(0)
THR	3.0495379615303	0.936	0.936(234)	0(0)
THR	3.160893772886	0.948	0.948(237)	0(0)
THR	3.2722495842417	0.952	0.952(238)	0(0)
THR	3.3836053955974	0.96	0.96(240)	0(0)
THR	3.4949612069531	0.964	0.964(241)	0(0)
THR	3.6063170183088	0.972	0.972(243)	0(0)
THR	3.7176728296645	0.972	0.972(243)	0(0)
THR	3.8290286410202	0.972	0.972(243)	0(0)
THR	3.9403844523759	0.976	0.976(244)	0(0)
THR	4.0517402637316	0.988	0.988(247)	0(0)
THR	4.1630960750873	0.988	0.988(247)	0(0)
THR	4.274451886443	0.988	0.988(247)	0(0)
THR	4.3858076977987	0.992	0.992(248)	0(0)
THR	4.49716350915439	0.996	0.996(249)	0(0)
THR	4.60851932051009	0.996	0.996(249)	0(0)
THR	4.71987513186579	0.996	0.996(249)	0(0)
THR	4.83123094322149	0.996	0.996(249)	0(0)
THR	4.94258675457719	0.996	0.996(249)	0(0)
THR	5.05394256593289	0.996	0.996(249)	0(0)
THR	5.16529837728859	0.996	0.996(249)	0(0)
THR	5.27665418864429	0.996	0.996(249)	0(0)
THR	5.38800999999999	0.996	0.996(249)	0(0)
THR	5.49936581135569	1	1(250)	0(0)


==============================================
THR: 0.154286866282095
Missed:     9/250=0.0360
FalseAlarm: 7/1000=0.0070
----------------------------------------------
==> CostDetection: 9.9
==============================================
