Threshold search:
THR	-6.42471957561	9	0(0)	1(1000)
THR	-6.3289633798539	8.991	0(0)	0.999(999)
THR	-6.2332071840978	8.991	0(0)	0.999(999)
THR	-6.1374509883417	8.991	0(0)	0.999(999)
THR	-6.0416947925856	8.991	0(0)	0.999(999)
THR	-5.9459385968295	8.991	0(0)	0.999(999)
THR	-5.8501824010734	8.991	0(0)	0.999(999)
THR	-5.7544262053173	8.991	0(0)	0.999(999)
THR	-5.6586700095612	8.991	0(0)	0.999(999)
THR	-5.5629138138051	8.991	0(0)	0.999(999)
THR	-5.467157618049	8.973	0(0)	0.997(997)
THR	-5.3714014222929	8.964	0(0)	0.996(996)
THR	-5.2756452265368	8.964	0(0)	0.996(996)
THR	-5.1798890307807	8.964	0(0)	0.996(996)
THR	-5.0841328350246	8.955	0(0)	0.995(995)
THR	-4.9883766392685	8.946	0(0)	0.994(994)
THR	-4.8926204435124	8.928	0(0)	0.992(992)
THR	-4.7968642477563	8.928	0(0)	0.992(992)
THR	-4.7011080520002	8.928	0(0)	0.992(992)
THR	-4.6053518562441	8.928	0(0)	0.992(992)
THR	-4.509595660488	8.91	0(0)	0.99(990)
THR	-4.4138394647319	8.901	0(0)	0.989(989)
THR	-4.3180832689758	8.892	0(0)	0.988(988)
THR	-4.2223270732197	8.883	0(0)	0.987(987)
THR	-4.1265708774636	8.883	0(0)	0.987(987)
THR	-4.0308146817075	8.856	0(0)	0.984(984)
THR	-3.9350584859514	8.847	0(0)	0.983(983)
THR	-3.8393022901953	8.829	0(0)	0.981(981)
THR	-3.7435460944392	8.82	0(0)	0.98(980)
THR	-3.6477898986831	8.793	0(0)	0.977(977)
THR	-3.552033702927	8.739	0(0)	0.971(971)
THR	-3.4562775071709	8.712	0(0)	0.968(968)
THR	-3.3605213114148	8.667	0(0)	0.963(963)
THR	-3.2647651156587	8.658	0(0)	0.962(962)
THR	-3.1690089199026	8.595	0(0)	0.955(955)
THR	-3.0732527241465	8.532	0(0)	0.948(948)
THR	-2.9774965283904	8.505	0(0)	0.945(945)
THR	-2.8817403326343	8.451	0(0)	0.939(939)
THR	-2.7859841368782	8.397	0(0)	0.933(933)
THR	-2.6902279411221	8.298	0(0)	0.922(922)
THR	-2.594471745366	8.226	0(0)	0.914(914)
THR	-2.4987155496099	8.145	0(0)	0.905(905)
THR	-2.4029593538538	8.046	0(0)	0.894(894)
THR	-2.3072031580977	7.911	0(0)	0.879(879)
THR	-2.2114469623416	7.731	0(0)	0.859(859)
THR	-2.1156907665855	7.605	0(0)	0.845(845)
THR	-2.0199345708294	7.416	0(0)	0.824(824)
THR	-1.9241783750733	7.281	0(0)	0.809(809)
THR	-1.8284221793172	7.065	0(0)	0.785(785)
THR	-1.7326659835611	6.786	0(0)	0.754(754)
THR	-1.636909787805	6.565	0.004(1)	0.729(729)
THR	-1.5411535920489	6.232	0.004(1)	0.692(692)
THR	-1.4453973962928	5.84	0.008(2)	0.648(648)
THR	-1.3496412005367	5.363	0.008(2)	0.595(595)
THR	-1.2538850047806	4.967	0.008(2)	0.551(551)
THR	-1.1581288090245	4.427	0.008(2)	0.491(491)
THR	-1.0623726132684	4.026	0.012(3)	0.446(446)
THR	-0.966616417512303	3.495	0.012(3)	0.387(387)
THR	-0.870860221756203	3.054	0.012(3)	0.338(338)
THR	-0.775104026000103	2.649	0.012(3)	0.293(293)
THR	-0.679347830244003	2.153	0.02(5)	0.237(237)
THR	-0.583591634487903	1.801	0.028(7)	0.197(197)
THR	-0.487835438731803	1.521	0.036(9)	0.165(165)
THR	-0.392079242975703	1.33	0.052(13)	0.142(142)
THR	-0.296323047219603	1.144	0.064(16)	0.12(120)
THR	-0.200566851463503	0.926	0.08(20)	0.094(94)
THR	-0.104810655707403	0.757	0.1(25)	0.073(73)
THR	-0.00905445995130327	0.666	0.144(36)	0.058(58)
THR	0.0867017358047967	0.557	0.188(47)	0.041(41)
THR	0.182457931560897	0.53	0.224(56)	0.034(34)
THR	0.278214127316997	0.479	0.272(68)	0.023(23)
THR	0.373970323073097	0.473	0.32(80)	0.017(17)
THR	0.469726518829197	0.498	0.372(93)	0.014(14)
THR	0.565482714585297	0.557	0.44(110)	0.013(13)
THR	0.661238910341397	0.585	0.504(126)	0.009(9)
THR	0.756995106097497	0.593	0.548(137)	0.005(5)
THR	0.852751301853597	0.653	0.608(152)	0.005(5)
THR	0.948507497609697	0.683	0.656(164)	0.003(3)
THR	1.0442636933658	0.742	0.724(181)	0.002(2)
THR	1.1400198891219	0.802	0.784(196)	0.002(2)
THR	1.235776084878	0.822	0.804(201)	0.002(2)
THR	1.3315322806341	0.845	0.836(209)	0.001(1)
THR	1.4272884763902	0.848	0.848(212)	0(0)
THR	1.5230446721463	0.872	0.872(218)	0(0)
THR	1.6188008679024	0.896	0.896(224)	0(0)
THR	1.7145570636585	0.908	0.908(227)	0(0)
THR	1.8103132594146	0.92	0.92(230)	0(0)
THR	1.9060694551707	0.924	0.924(231)	0(0)
THR	2.0018256509268	0.94	0.94(235)	0(0)
THR	2.0975818466829	0.948	0.948(237)	0(0)
THR	2.193338042439	0.96	0.96(240)	0(0)
THR	2.2890942381951	0.98	0.98(245)	0(0)
THR	2.3848504339512	0.992	0.992(248)	0(0)
THR	2.4806066297073	0.992	0.992(248)	0(0)
THR	2.5763628254634	0.992	0.992(248)	0(0)
THR	2.6721190212195	0.992	0.992(248)	0(0)
THR	2.7678752169756	0.996	0.996(249)	0(0)
THR	2.8636314127317	0.996	0.996(249)	0(0)
THR	2.9593876084878	0.996	0.996(249)	0(0)
THR	3.0551438042439	0.996	0.996(249)	0(0)
THR	3.1509	0.996	0.996(249)	0(0)
THR	3.2466561957561	1	1(250)	0(0)


==============================================
THR: 0.373970323073097
Missed:     80/250=0.3200
FalseAlarm: 17/1000=0.0170
----------------------------------------------
==> CostDetection: 47.3
==============================================
