Threshold search:
THR	-7.73450160223	9	0(0)	1(1000)
THR	-7.6184791862077	8.991	0(0)	0.999(999)
THR	-7.5024567701854	8.991	0(0)	0.999(999)
THR	-7.3864343541631	8.991	0(0)	0.999(999)
THR	-7.2704119381408	8.991	0(0)	0.999(999)
THR	-7.1543895221185	8.991	0(0)	0.999(999)
THR	-7.0383671060962	8.991	0(0)	0.999(999)
THR	-6.9223446900739	8.991	0(0)	0.999(999)
THR	-6.8063222740516	8.991	0(0)	0.999(999)
THR	-6.6902998580293	8.991	0(0)	0.999(999)
THR	-6.574277442007	8.991	0(0)	0.999(999)
THR	-6.4582550259847	8.991	0(0)	0.999(999)
THR	-6.3422326099624	8.991	0(0)	0.999(999)
THR	-6.2262101939401	8.991	0(0)	0.999(999)
THR	-6.1101877779178	8.991	0(0)	0.999(999)
THR	-5.9941653618955	8.991	0(0)	0.999(999)
THR	-5.8781429458732	8.982	0(0)	0.998(998)
THR	-5.7621205298509	8.982	0(0)	0.998(998)
THR	-5.6460981138286	8.982	0(0)	0.998(998)
THR	-5.5300756978063	8.982	0(0)	0.998(998)
THR	-5.414053281784	8.973	0(0)	0.997(997)
THR	-5.2980308657617	8.973	0(0)	0.997(997)
THR	-5.18200844973939	8.973	0(0)	0.997(997)
THR	-5.06598603371709	8.973	0(0)	0.997(997)
THR	-4.94996361769479	8.973	0(0)	0.997(997)
THR	-4.83394120167249	8.973	0(0)	0.997(997)
THR	-4.71791878565019	8.964	0(0)	0.996(996)
THR	-4.60189636962789	8.955	0(0)	0.995(995)
THR	-4.48587395360559	8.937	0(0)	0.993(993)
THR	-4.36985153758329	8.928	0(0)	0.992(992)
THR	-4.25382912156099	8.919	0(0)	0.991(991)
THR	-4.13780670553869	8.892	0(0)	0.988(988)
THR	-4.02178428951639	8.883	0(0)	0.987(987)
THR	-3.90576187349409	8.838	0(0)	0.982(982)
THR	-3.78973945747179	8.82	0(0)	0.98(980)
THR	-3.67371704144949	8.793	0(0)	0.977(977)
THR	-3.55769462542719	8.757	0(0)	0.973(973)
THR	-3.44167220940489	8.721	0(0)	0.969(969)
THR	-3.32564979338259	8.685	0(0)	0.965(965)
THR	-3.20962737736029	8.613	0(0)	0.957(957)
THR	-3.09360496133799	8.523	0(0)	0.947(947)
THR	-2.97758254531569	8.397	0(0)	0.933(933)
THR	-2.86156012929339	8.325	0(0)	0.925(925)
THR	-2.74553771327109	8.181	0(0)	0.909(909)
THR	-2.62951529724879	8.073	0(0)	0.897(897)
THR	-2.5134928812265	8.005	0.004(1)	0.889(889)
THR	-2.3974704652042	7.834	0.004(1)	0.87(870)
THR	-2.2814480491819	7.672	0.004(1)	0.852(852)
THR	-2.1654256331596	7.429	0.004(1)	0.825(825)
THR	-2.0494032171373	7.168	0.004(1)	0.796(796)
THR	-1.933380801115	6.943	0.004(1)	0.771(771)
THR	-1.8173583850927	6.7	0.004(1)	0.744(744)
THR	-1.7013359690704	6.367	0.004(1)	0.707(707)
THR	-1.5853135530481	5.944	0.004(1)	0.66(660)
THR	-1.4692911370258	5.584	0.004(1)	0.62(620)
THR	-1.3532687210035	5.125	0.004(1)	0.569(569)
THR	-1.2372463049812	4.72	0.004(1)	0.524(524)
THR	-1.1212238889589	4.189	0.004(1)	0.465(465)
THR	-1.0052014729366	3.667	0.004(1)	0.407(407)
THR	-0.889179056914296	3.253	0.004(1)	0.361(361)
THR	-0.773156640891996	2.794	0.004(1)	0.31(310)
THR	-0.657134224869696	2.254	0.004(1)	0.25(250)
THR	-0.541111808847396	1.885	0.004(1)	0.209(209)
THR	-0.425089392825096	1.624	0.004(1)	0.18(180)
THR	-0.309066976802796	1.254	0.012(3)	0.138(138)
THR	-0.193044560780496	0.961	0.016(4)	0.105(105)
THR	-0.0770221447581958	0.739	0.028(7)	0.079(79)
THR	0.0390002712641042	0.575	0.044(11)	0.059(59)
THR	0.155022687286404	0.473	0.068(17)	0.045(45)
THR	0.271045103308704	0.375	0.096(24)	0.031(31)
THR	0.387067519331004	0.326	0.128(32)	0.022(22)
THR	0.503089935353304	0.312	0.168(42)	0.016(16)
THR	0.619112351375604	0.323	0.224(56)	0.011(11)
THR	0.735134767397904	0.325	0.28(70)	0.005(5)
THR	0.851157183420204	0.347	0.32(80)	0.003(3)
THR	0.967179599442504	0.402	0.384(96)	0.002(2)
THR	1.0832020154648	0.449	0.44(110)	0.001(1)
THR	1.1992244314871	0.492	0.492(123)	0(0)
THR	1.3152468475094	0.544	0.544(136)	0(0)
THR	1.4312692635317	0.584	0.584(146)	0(0)
THR	1.547291679554	0.62	0.62(155)	0(0)
THR	1.6633140955763	0.66	0.66(165)	0(0)
THR	1.7793365115986	0.7	0.7(175)	0(0)
THR	1.8953589276209	0.736	0.736(184)	0(0)
THR	2.0113813436432	0.768	0.768(192)	0(0)
THR	2.1274037596655	0.804	0.804(201)	0(0)
THR	2.2434261756878	0.84	0.84(210)	0(0)
THR	2.3594485917101	0.86	0.86(215)	0(0)
THR	2.4754710077324	0.88	0.88(220)	0(0)
THR	2.5914934237547	0.904	0.904(226)	0(0)
THR	2.707515839777	0.924	0.924(231)	0(0)
THR	2.8235382557993	0.936	0.936(234)	0(0)
THR	2.9395606718216	0.948	0.948(237)	0(0)
THR	3.0555830878439	0.952	0.952(238)	0(0)
THR	3.1716055038662	0.964	0.964(241)	0(0)
THR	3.2876279198885	0.976	0.976(244)	0(0)
THR	3.4036503359108	0.98	0.98(245)	0(0)
THR	3.5196727519331	0.988	0.988(247)	0(0)
THR	3.6356951679554	0.992	0.992(248)	0(0)
THR	3.7517175839777	0.992	0.992(248)	0(0)
THR	3.86774	1	1(250)	0(0)


==============================================
THR: 0.503089935353304
Missed:     42/250=0.1680
FalseAlarm: 16/1000=0.0160
----------------------------------------------
==> CostDetection: 31.2
==============================================
